2024-04-15 09:11:11,727 - root - INFO - Min time is 1893-07-01, Train time is 84, Val time is 94, Test time is 104, Time unit is 365
2024-04-15 09:11:13,021 - root - INFO - Total Trans num is 939686, Train cas num is 34002, Val cas num is 7286, Test cas num is 7287
2024-04-15 09:11:13,022 - root - INFO - Time cost for loading data is 10.439112186431885s
2024-04-15 09:11:13,089 - root - INFO - {'dataset': 'aps', 'bs': 50, 'prefix': 'std_aps', 'epoch': 150, 'lr': 0.0001, 'run': 1, 'gpu': 0, 'node_dim': 64, 'time_dim': 16, 'patience': 15, 'dropout': 0.6, 'predictor': 'fusion', 'embedding_module': 'aggregate', 'single': False, 'use_static': True, 'use_dynamic': True, 'use_structural': True, 'use_temporal': True, 'lambda': 0.5, 'model_path': 'saved_models/std_aps', 'result_path': 'results/std_aps', 'log_path': 'log/std_aps.log', 'observe_time': 5, 'predict_time': 500, 'time_unit': 365, 'train_time': 84, 'val_time': 94, 'test_time': 104, 'min_cas_size': 11, 'max_cas_size': 100, 'max_time': {'user': 1, 'cas': 5}, 'node_num': {'user': 218323, 'cas': 48575}, 'max_global_time': 109.56164383561644}
2024-04-15 09:11:13,108 - root - INFO - begin runs:0
2024-04-15 09:11:15,124 - root - INFO - Start training citation
2024-04-15 09:11:15,127 - root - INFO - Epoch 0:
2024-04-15 10:30:47,514 - root - INFO - Epoch0: time_cost:2626.3187651634216 train_loss:2.603366733173837
2024-04-15 10:30:47,514 - root - INFO - train: loss:2.5042	msle:2.3773	male:1.2216	mape:0.2879	pcc:0.6162
2024-04-15 10:30:47,514 - root - INFO - val: loss:2.3901	msle:2.3271	male:1.2154	mape:0.2878	pcc:0.6166
2024-04-15 10:30:47,514 - root - INFO - test: loss:2.3849	msle:2.3355	male:1.2231	mape:0.2897	pcc:0.6156
2024-04-15 10:30:50,069 - root - INFO - Epoch 1:
2024-04-15 11:49:41,275 - root - INFO - Epoch1: time_cost:2592.032694578171 train_loss:2.1925495054652475
2024-04-15 11:49:41,275 - root - INFO - train: loss:2.3381	msle:2.2159	male:1.1704	mape:0.2824	pcc:0.6262
2024-04-15 11:49:41,275 - root - INFO - val: loss:2.2540	msle:2.1867	male:1.1719	mape:0.2842	pcc:0.6227
2024-04-15 11:49:41,275 - root - INFO - test: loss:2.2360	msle:2.1872	male:1.1765	mape:0.2853	pcc:0.6235
2024-04-15 11:49:44,177 - root - INFO - Epoch 2:
2024-04-15 13:08:34,821 - root - INFO - Epoch2: time_cost:2590.734500169754 train_loss:2.1211456763928638
2024-04-15 13:08:34,821 - root - INFO - train: loss:2.2329	msle:2.1027	male:1.1330	mape:0.2766	pcc:0.6411
2024-04-15 13:08:34,821 - root - INFO - val: loss:2.1857	msle:2.1092	male:1.1472	mape:0.2815	pcc:0.6307
2024-04-15 13:08:34,821 - root - INFO - test: loss:2.1506	msle:2.0999	male:1.1459	mape:0.2812	pcc:0.6336
2024-04-15 13:08:37,809 - root - INFO - Epoch 3:
2024-04-15 14:27:14,882 - root - INFO - Epoch3: time_cost:2577.2035977840424 train_loss:2.073263521329353
2024-04-15 14:27:14,883 - root - INFO - train: loss:2.0450	msle:1.9302	male:1.0761	mape:0.2706	pcc:0.6631
2024-04-15 14:27:14,883 - root - INFO - val: loss:2.0712	msle:1.9909	male:1.1108	mape:0.2805	pcc:0.6427
2024-04-15 14:27:14,883 - root - INFO - test: loss:2.0287	msle:1.9806	male:1.1065	mape:0.2797	pcc:0.6450
2024-04-15 14:27:18,273 - root - INFO - Epoch 4:
2024-04-15 15:46:22,421 - root - INFO - Epoch4: time_cost:2587.43661737442 train_loss:1.980429182704919
2024-04-15 15:46:22,422 - root - INFO - train: loss:1.9272	msle:1.8104	male:1.0342	mape:0.2602	pcc:0.6876
2024-04-15 15:46:22,422 - root - INFO - val: loss:2.0319	msle:1.9482	male:1.0985	mape:0.2772	pcc:0.6535
2024-04-15 15:46:22,422 - root - INFO - test: loss:1.9853	msle:1.9347	male:1.0919	mape:0.2762	pcc:0.6558
2024-04-15 15:46:25,906 - root - INFO - Epoch 5:
2024-04-15 17:05:14,889 - root - INFO - Epoch5: time_cost:2576.5394356250763 train_loss:1.8857028211663405
2024-04-15 17:05:14,890 - root - INFO - train: loss:1.7227	msle:1.6250	male:0.9660	mape:0.2497	pcc:0.7212
2024-04-15 17:05:14,890 - root - INFO - val: loss:1.9682	msle:1.8792	male:1.0763	mape:0.2787	pcc:0.6647
2024-04-15 17:05:14,890 - root - INFO - test: loss:1.9014	msle:1.8577	male:1.0631	mape:0.2763	pcc:0.6686
2024-04-15 17:05:18,454 - root - INFO - Epoch 6:
2024-04-15 18:23:39,362 - root - INFO - Epoch6: time_cost:2561.434311389923 train_loss:1.7747480768943658
2024-04-15 18:23:39,362 - root - INFO - train: loss:1.5498	msle:1.4797	male:0.9148	mape:0.2385	pcc:0.7506
2024-04-15 18:23:39,362 - root - INFO - val: loss:1.9080	msle:1.8235	male:1.0616	mape:0.2774	pcc:0.6763
2024-04-15 18:23:39,362 - root - INFO - test: loss:1.8454	msle:1.8070	male:1.0478	mape:0.2748	pcc:0.6795
2024-04-15 18:23:43,020 - root - INFO - Epoch 7:
2024-04-15 19:37:40,755 - root - INFO - Epoch7: time_cost:2533.007589817047 train_loss:1.6527368796563804
2024-04-15 19:37:40,756 - root - INFO - train: loss:1.4178	msle:1.3599	male:0.8735	mape:0.2250	pcc:0.7735
2024-04-15 19:37:40,756 - root - INFO - val: loss:1.8888	msle:1.8031	male:1.0553	mape:0.2730	pcc:0.6832
2024-04-15 19:37:40,756 - root - INFO - test: loss:1.8171	msle:1.7793	male:1.0405	mape:0.2702	pcc:0.6873
2024-04-15 19:37:44,344 - root - INFO - Epoch 8:
2024-04-15 20:49:35,106 - root - INFO - Epoch8: time_cost:2400.930311203003 train_loss:1.5441703082167602
2024-04-15 20:49:35,107 - root - INFO - train: loss:1.2799	msle:1.2376	male:0.8314	mape:0.2107	pcc:0.7968
2024-04-15 20:49:35,107 - root - INFO - val: loss:1.8695	msle:1.7823	male:1.0525	mape:0.2684	pcc:0.6930
2024-04-15 20:49:35,107 - root - INFO - test: loss:1.7959	msle:1.7602	male:1.0361	mape:0.2654	pcc:0.6965
2024-04-15 20:49:38,144 - root - INFO - Epoch 9:
2024-04-15 22:01:25,075 - root - INFO - Epoch9: time_cost:2393.496133327484 train_loss:1.4582242552673141
2024-04-15 22:01:25,075 - root - INFO - train: loss:1.2014	msle:1.1564	male:0.8037	mape:0.2010	pcc:0.8126
2024-04-15 22:01:25,076 - root - INFO - val: loss:1.8755	msle:1.7884	male:1.0562	mape:0.2666	pcc:0.6974
2024-04-15 22:01:25,076 - root - INFO - test: loss:1.7964	msle:1.7632	male:1.0394	mape:0.2634	pcc:0.7011
2024-04-15 22:01:27,202 - root - INFO - Epoch 10:
2024-04-15 23:17:46,144 - root - INFO - Epoch10: time_cost:2582.3956384658813 train_loss:1.3551875240995
2024-04-15 23:17:46,144 - root - INFO - train: loss:1.0541	msle:1.0356	male:0.7553	mape:0.1909	pcc:0.8332
2024-04-15 23:17:46,144 - root - INFO - val: loss:1.8311	msle:1.7441	male:1.0399	mape:0.2665	pcc:0.7026
2024-04-15 23:17:46,144 - root - INFO - test: loss:1.7513	msle:1.7245	male:1.0246	mape:0.2632	pcc:0.7056
2024-04-15 23:17:49,689 - root - INFO - Epoch 11:
2024-04-16 00:32:01,201 - root - INFO - Epoch11: time_cost:2430.682626247406 train_loss:1.2310610114525484
2024-04-16 00:32:01,201 - root - INFO - train: loss:0.9931	msle:0.9712	male:0.7295	mape:0.1815	pcc:0.8451
2024-04-16 00:32:01,201 - root - INFO - val: loss:1.8295	msle:1.7371	male:1.0353	mape:0.2621	pcc:0.7065
2024-04-16 00:32:01,201 - root - INFO - test: loss:1.7474	msle:1.7115	male:1.0198	mape:0.2588	pcc:0.7106
2024-04-16 00:32:04,305 - root - INFO - Epoch 12:
2024-04-16 02:08:33,929 - root - INFO - Epoch12: time_cost:3105.695181131363 train_loss:1.14911012636089
2024-04-16 02:08:33,929 - root - INFO - train: loss:0.9560	msle:0.9269	male:0.7158	mape:0.1765	pcc:0.8533
2024-04-16 02:08:33,929 - root - INFO - val: loss:1.8499	msle:1.7558	male:1.0428	mape:0.2622	pcc:0.7060
2024-04-16 02:08:33,929 - root - INFO - test: loss:1.7604	msle:1.7287	male:1.0273	mape:0.2589	pcc:0.7101
2024-04-16 02:08:36,183 - root - INFO - Epoch 13:
2024-04-16 03:31:47,731 - root - INFO - Epoch13: time_cost:3087.4111182689667 train_loss:1.1105844606331283
2024-04-16 03:31:47,732 - root - INFO - train: loss:0.8708	msle:0.8557	male:0.6862	mape:0.1675	pcc:0.8666
2024-04-16 03:31:47,732 - root - INFO - val: loss:1.8374	msle:1.7447	male:1.0390	mape:0.2597	pcc:0.7114
2024-04-16 03:31:47,732 - root - INFO - test: loss:1.7478	msle:1.7147	male:1.0238	mape:0.2565	pcc:0.7161
2024-04-16 03:31:50,029 - root - INFO - Epoch 14:
2024-04-16 04:43:13,416 - root - INFO - Epoch14: time_cost:2390.897004365921 train_loss:1.0246200407927728
2024-04-16 04:43:13,416 - root - INFO - train: loss:0.7975	msle:0.7939	male:0.6560	mape:0.1612	pcc:0.8757
2024-04-16 04:43:13,416 - root - INFO - val: loss:1.8314	msle:1.7377	male:1.0326	mape:0.2609	pcc:0.7111
2024-04-16 04:43:13,417 - root - INFO - test: loss:1.7346	msle:1.7071	male:1.0177	mape:0.2577	pcc:0.7164
2024-04-16 04:43:15,525 - root - INFO - Epoch 15:
2024-04-16 05:54:47,130 - root - INFO - Epoch15: time_cost:2393.5698623657227 train_loss:0.9718570756700409
2024-04-16 05:54:47,130 - root - INFO - train: loss:0.7270	msle:0.7329	male:0.6338	mape:0.1548	pcc:0.8863
2024-04-16 05:54:47,130 - root - INFO - val: loss:1.7999	msle:1.7120	male:1.0270	mape:0.2578	pcc:0.7162
2024-04-16 05:54:47,130 - root - INFO - test: loss:1.7105	msle:1.6857	male:1.0134	mape:0.2551	pcc:0.7204
2024-04-16 05:54:50,518 - root - INFO - Epoch 16:
2024-04-16 07:06:27,574 - root - INFO - Epoch16: time_cost:2396.054117202759 train_loss:0.9030631477722696
2024-04-16 07:06:27,574 - root - INFO - train: loss:0.6875	msle:0.6905	male:0.6166	mape:0.1495	pcc:0.8941
2024-04-16 07:06:27,574 - root - INFO - val: loss:1.8137	msle:1.7229	male:1.0308	mape:0.2571	pcc:0.7181
2024-04-16 07:06:27,574 - root - INFO - test: loss:1.7218	msle:1.6981	male:1.0192	mape:0.2551	pcc:0.7218
2024-04-16 07:06:29,716 - root - INFO - Epoch 17:
2024-04-16 08:17:54,916 - root - INFO - Epoch17: time_cost:2403.5298471450806 train_loss:0.8484389239329136
2024-04-16 08:17:54,917 - root - INFO - train: loss:0.6625	msle:0.6702	male:0.6056	mape:0.1447	pcc:0.8987
2024-04-16 08:17:54,917 - root - INFO - val: loss:1.8160	msle:1.7283	male:1.0308	mape:0.2558	pcc:0.7182
2024-04-16 08:17:54,917 - root - INFO - test: loss:1.7193	msle:1.6979	male:1.0187	mape:0.2536	pcc:0.7233
2024-04-16 08:17:57,056 - root - INFO - Epoch 18:
2024-04-16 09:29:07,620 - root - INFO - Epoch18: time_cost:2387.9301693439484 train_loss:0.8257926121706693
2024-04-16 09:29:07,620 - root - INFO - train: loss:0.6270	msle:0.6333	male:0.5806	mape:0.1432	pcc:0.9050
2024-04-16 09:29:07,620 - root - INFO - val: loss:1.8354	msle:1.7460	male:1.0327	mape:0.2651	pcc:0.7185
2024-04-16 09:29:07,620 - root - INFO - test: loss:1.7299	msle:1.7096	male:1.0179	mape:0.2620	pcc:0.7251
2024-04-16 09:29:09,745 - root - INFO - Epoch 19:
2024-04-16 10:36:31,843 - root - INFO - Epoch19: time_cost:2308.3282754421234 train_loss:0.7779416909482907
2024-04-16 10:36:31,843 - root - INFO - train: loss:0.5437	msle:0.5681	male:0.5534	mape:0.1347	pcc:0.9129
2024-04-16 10:36:31,843 - root - INFO - val: loss:1.7847	msle:1.6968	male:1.0215	mape:0.2581	pcc:0.7199
2024-04-16 10:36:31,844 - root - INFO - test: loss:1.6917	msle:1.6686	male:1.0063	mape:0.2548	pcc:0.7252
2024-04-16 10:36:34,883 - root - INFO - Epoch 20:
2024-04-16 11:45:05,718 - root - INFO - Epoch20: time_cost:2355.680849790573 train_loss:0.7480821277191665
2024-04-16 11:45:05,718 - root - INFO - train: loss:0.5392	msle:0.5503	male:0.5431	mape:0.1312	pcc:0.9164
2024-04-16 11:45:05,719 - root - INFO - val: loss:1.7880	msle:1.7015	male:1.0204	mape:0.2582	pcc:0.7221
2024-04-16 11:45:05,719 - root - INFO - test: loss:1.6936	msle:1.6737	male:1.0061	mape:0.2551	pcc:0.7268
2024-04-16 11:45:07,859 - root - INFO - Epoch 21:
2024-04-16 12:53:15,575 - root - INFO - Epoch21: time_cost:2338.3335695266724 train_loss:0.6931965158894848
2024-04-16 12:53:15,576 - root - INFO - train: loss:0.5251	msle:0.5306	male:0.5399	mape:0.1277	pcc:0.9232
2024-04-16 12:53:15,576 - root - INFO - val: loss:1.7982	msle:1.7002	male:1.0195	mape:0.2514	pcc:0.7226
2024-04-16 12:53:15,576 - root - INFO - test: loss:1.6890	msle:1.6598	male:1.0038	mape:0.2481	pcc:0.7294
2024-04-16 12:53:17,681 - root - INFO - Epoch 22:
2024-04-16 14:01:13,147 - root - INFO - Epoch22: time_cost:2342.372275352478 train_loss:0.6594124778726541
2024-04-16 14:01:13,147 - root - INFO - train: loss:0.5184	msle:0.5175	male:0.5311	mape:0.1252	pcc:0.9241
2024-04-16 14:01:13,147 - root - INFO - val: loss:1.8017	msle:1.7079	male:1.0226	mape:0.2530	pcc:0.7225
2024-04-16 14:01:13,147 - root - INFO - test: loss:1.6987	msle:1.6679	male:1.0074	mape:0.2497	pcc:0.7291
2024-04-16 14:01:15,243 - root - INFO - Epoch 23:
2024-04-16 15:09:09,768 - root - INFO - Epoch23: time_cost:2340.3879799842834 train_loss:0.6467063966764356
2024-04-16 15:09:09,768 - root - INFO - train: loss:0.5378	msle:0.5183	male:0.5344	mape:0.1243	pcc:0.9276
2024-04-16 15:09:09,768 - root - INFO - val: loss:1.8597	msle:1.7531	male:1.0336	mape:0.2523	pcc:0.7245
2024-04-16 15:09:09,768 - root - INFO - test: loss:1.7515	msle:1.7164	male:1.0223	mape:0.2505	pcc:0.7301
2024-04-16 15:09:11,846 - root - INFO - Epoch 24:
2024-04-16 16:16:50,144 - root - INFO - Epoch24: time_cost:2320.9470784664154 train_loss:0.6138165254834238
2024-04-16 16:16:50,144 - root - INFO - train: loss:0.5352	msle:0.5147	male:0.5361	mape:0.1237	pcc:0.9308
2024-04-16 16:16:50,145 - root - INFO - val: loss:1.8597	msle:1.7561	male:1.0366	mape:0.2511	pcc:0.7254
2024-04-16 16:16:50,145 - root - INFO - test: loss:1.7547	msle:1.7253	male:1.0270	mape:0.2496	pcc:0.7299
2024-04-16 16:16:52,231 - root - INFO - Epoch 25:
2024-04-16 17:24:51,102 - root - INFO - Epoch25: time_cost:2338.303089618683 train_loss:0.5975037584023597
2024-04-16 17:24:51,102 - root - INFO - train: loss:0.4661	msle:0.4544	male:0.4954	mape:0.1155	pcc:0.9350
2024-04-16 17:24:51,102 - root - INFO - val: loss:1.8287	msle:1.7253	male:1.0248	mape:0.2538	pcc:0.7261
2024-04-16 17:24:51,102 - root - INFO - test: loss:1.7106	msle:1.6864	male:1.0124	mape:0.2511	pcc:0.7323
2024-04-16 17:24:53,204 - root - INFO - Epoch 26:
2024-04-16 18:38:46,091 - root - INFO - Epoch26: time_cost:2293.8694779872894 train_loss:0.5661543412214972
2024-04-16 18:38:46,091 - root - INFO - train: loss:0.4797	msle:0.4455	male:0.4845	mape:0.1135	pcc:0.9362
2024-04-16 18:38:46,091 - root - INFO - val: loss:1.8490	msle:1.7413	male:1.0261	mape:0.2552	pcc:0.7233
2024-04-16 18:38:46,091 - root - INFO - test: loss:1.7192	msle:1.6958	male:1.0122	mape:0.2521	pcc:0.7306
2024-04-16 18:38:48,276 - root - INFO - Epoch 27:
2024-04-16 20:00:16,322 - root - INFO - Epoch27: time_cost:2886.8548419475555 train_loss:0.5448996859491302
2024-04-16 20:00:16,322 - root - INFO - train: loss:0.4424	msle:0.4238	male:0.4802	mape:0.1117	pcc:0.9402
2024-04-16 20:00:16,322 - root - INFO - val: loss:1.8191	msle:1.7200	male:1.0225	mape:0.2525	pcc:0.7263
2024-04-16 20:00:16,322 - root - INFO - test: loss:1.6972	msle:1.6764	male:1.0102	mape:0.2495	pcc:0.7334
2024-04-16 20:00:18,414 - root - INFO - Epoch 28:
2024-04-16 21:16:18,729 - root - INFO - Epoch28: time_cost:2478.5803151130676 train_loss:0.5288670013305738
2024-04-16 21:16:18,730 - root - INFO - train: loss:0.4555	msle:0.4202	male:0.4824	mape:0.1124	pcc:0.9438
2024-04-16 21:16:18,730 - root - INFO - val: loss:1.8668	msle:1.7557	male:1.0316	mape:0.2523	pcc:0.7263
2024-04-16 21:16:18,730 - root - INFO - test: loss:1.7355	msle:1.7087	male:1.0202	mape:0.2500	pcc:0.7334
2024-04-16 21:16:20,871 - root - INFO - Epoch 29:
2024-04-16 22:30:31,983 - root - INFO - Epoch29: time_cost:2530.8234810829163 train_loss:0.49918214622402207
2024-04-16 22:30:31,984 - root - INFO - train: loss:0.4335	msle:0.4023	male:0.4640	mape:0.1071	pcc:0.9444
2024-04-16 22:30:31,984 - root - INFO - val: loss:1.8211	msle:1.7120	male:1.0166	mape:0.2502	pcc:0.7278
2024-04-16 22:30:31,984 - root - INFO - test: loss:1.6989	msle:1.6720	male:1.0039	mape:0.2476	pcc:0.7338
2024-04-16 22:30:34,107 - root - INFO - Epoch 30:
2024-04-16 23:46:56,012 - root - INFO - Epoch30: time_cost:2526.5655303001404 train_loss:0.47780733332985115
2024-04-16 23:46:56,012 - root - INFO - train: loss:0.4403	msle:0.4025	male:0.4721	mape:0.1087	pcc:0.9469
2024-04-16 23:46:56,012 - root - INFO - val: loss:1.8459	msle:1.7339	male:1.0272	mape:0.2505	pcc:0.7286
2024-04-16 23:46:56,012 - root - INFO - test: loss:1.7210	msle:1.6883	male:1.0153	mape:0.2479	pcc:0.7358
2024-04-16 23:46:58,161 - root - INFO - Epoch 31:
2024-04-17 01:07:15,962 - root - INFO - Epoch31: time_cost:2637.123696088791 train_loss:0.4662187610267837
2024-04-17 01:07:15,962 - root - INFO - train: loss:0.3710	msle:0.3551	male:0.4365	mape:0.1017	pcc:0.9491
2024-04-17 01:07:15,962 - root - INFO - val: loss:1.7905	msle:1.6936	male:1.0130	mape:0.2524	pcc:0.7261
2024-04-17 01:07:15,962 - root - INFO - test: loss:1.6645	msle:1.6447	male:0.9987	mape:0.2490	pcc:0.7341
2024-04-17 01:07:18,995 - root - INFO - Epoch 32:
2024-04-17 02:19:19,113 - root - INFO - Epoch32: time_cost:2597.1735196113586 train_loss:0.4515951395947901
2024-04-17 02:19:19,113 - root - INFO - train: loss:0.4191	msle:0.3781	male:0.4521	mape:0.1041	pcc:0.9497
2024-04-17 02:19:19,113 - root - INFO - val: loss:1.8534	msle:1.7387	male:1.0260	mape:0.2514	pcc:0.7271
2024-04-17 02:19:19,113 - root - INFO - test: loss:1.7125	msle:1.6805	male:1.0094	mape:0.2479	pcc:0.7358
2024-04-17 02:19:21,239 - root - INFO - Epoch 33:
2024-04-17 03:27:07,611 - root - INFO - Epoch33: time_cost:2342.867599248886 train_loss:0.4349974072573475
2024-04-17 03:27:07,611 - root - INFO - train: loss:0.3634	msle:0.3486	male:0.4374	mape:0.1012	pcc:0.9525
2024-04-17 03:27:07,611 - root - INFO - val: loss:1.8203	msle:1.7185	male:1.0211	mape:0.2519	pcc:0.7251
2024-04-17 03:27:07,611 - root - INFO - test: loss:1.6774	msle:1.6585	male:1.0048	mape:0.2481	pcc:0.7353
2024-04-17 03:27:09,730 - root - INFO - Epoch 34:
2024-04-17 04:34:04,344 - root - INFO - Epoch34: time_cost:2264.2247984409332 train_loss:0.4227507114419259
2024-04-17 04:34:04,344 - root - INFO - train: loss:0.3507	msle:0.3337	male:0.4225	mape:0.0981	pcc:0.9527
2024-04-17 04:34:04,344 - root - INFO - val: loss:1.8126	msle:1.7119	male:1.0168	mape:0.2535	pcc:0.7238
2024-04-17 04:34:04,344 - root - INFO - test: loss:1.6749	msle:1.6555	male:1.0019	mape:0.2498	pcc:0.7337
2024-04-17 04:34:06,470 - root - INFO - Epoch 35:
2024-04-17 05:41:59,845 - root - INFO - Epoch35: time_cost:2340.300881385803 train_loss:0.4161863323249203
2024-04-17 05:41:59,845 - root - INFO - train: loss:0.4366	msle:0.3876	male:0.4672	mape:0.1064	pcc:0.9528
2024-04-17 05:41:59,845 - root - INFO - val: loss:1.8590	msle:1.7478	male:1.0276	mape:0.2483	pcc:0.7290
2024-04-17 05:41:59,845 - root - INFO - test: loss:1.7345	msle:1.7024	male:1.0197	mape:0.2465	pcc:0.7365
2024-04-17 05:42:02,007 - root - INFO - Epoch 36:
2024-04-17 06:50:08,546 - root - INFO - Epoch36: time_cost:2336.0178112983704 train_loss:0.38962730844016547
2024-04-17 06:50:08,546 - root - INFO - train: loss:0.3761	msle:0.3399	male:0.4314	mape:0.0986	pcc:0.9545
2024-04-17 06:50:08,546 - root - INFO - val: loss:1.8014	msle:1.7025	male:1.0177	mape:0.2504	pcc:0.7249
2024-04-17 06:50:08,546 - root - INFO - test: loss:1.6788	msle:1.6586	male:1.0047	mape:0.2470	pcc:0.7329
2024-04-17 06:50:10,727 - root - INFO - Epoch 37:
2024-04-17 07:58:00,459 - root - INFO - Epoch37: time_cost:2331.864129304886 train_loss:0.3945386474807328
2024-04-17 07:58:00,459 - root - INFO - train: loss:0.3274	msle:0.3074	male:0.4058	mape:0.0935	pcc:0.9561
2024-04-17 07:58:00,459 - root - INFO - val: loss:1.7781	msle:1.6871	male:1.0124	mape:0.2531	pcc:0.7267
2024-04-17 07:58:00,459 - root - INFO - test: loss:1.6559	msle:1.6422	male:0.9982	mape:0.2494	pcc:0.7347
2024-04-17 07:58:03,502 - root - INFO - Epoch 38:
2024-04-17 09:05:52,222 - root - INFO - Epoch38: time_cost:2327.588990688324 train_loss:0.375851624034587
2024-04-17 09:05:52,222 - root - INFO - train: loss:0.3830	msle:0.3547	male:0.4496	mape:0.1016	pcc:0.9559
2024-04-17 09:05:52,222 - root - INFO - val: loss:1.8082	msle:1.7129	male:1.0234	mape:0.2483	pcc:0.7273
2024-04-17 09:05:52,222 - root - INFO - test: loss:1.6937	msle:1.6695	male:1.0106	mape:0.2452	pcc:0.7350
2024-04-17 09:05:54,324 - root - INFO - Epoch 39:
2024-04-17 10:13:44,219 - root - INFO - Epoch39: time_cost:2333.903130054474 train_loss:0.37033752540809317
2024-04-17 10:13:44,219 - root - INFO - train: loss:0.3413	msle:0.3183	male:0.4183	mape:0.0954	pcc:0.9570
2024-04-17 10:13:44,219 - root - INFO - val: loss:1.7829	msle:1.6907	male:1.0153	mape:0.2501	pcc:0.7275
2024-04-17 10:13:44,219 - root - INFO - test: loss:1.6670	msle:1.6490	male:1.0025	mape:0.2469	pcc:0.7350
2024-04-17 10:13:46,303 - root - INFO - Epoch 40:
2024-04-17 11:19:33,773 - root - INFO - Epoch40: time_cost:2208.3541388511658 train_loss:0.3555069546304946
2024-04-17 11:19:33,773 - root - INFO - train: loss:0.3306	msle:0.3077	male:0.4106	mape:0.0936	pcc:0.9586
2024-04-17 11:19:33,773 - root - INFO - val: loss:1.7819	msle:1.6863	male:1.0130	mape:0.2504	pcc:0.7277
2024-04-17 11:19:33,773 - root - INFO - test: loss:1.6594	msle:1.6394	male:0.9973	mape:0.2463	pcc:0.7363
2024-04-17 11:19:35,868 - root - INFO - Epoch 41:
2024-04-17 12:27:13,154 - root - INFO - Epoch41: time_cost:2305.758175134659 train_loss:0.34343390905439986
2024-04-17 12:27:13,154 - root - INFO - train: loss:0.3034	msle:0.2873	male:0.3878	mape:0.0890	pcc:0.9587
2024-04-17 12:27:13,154 - root - INFO - val: loss:1.7750	msle:1.6827	male:1.0123	mape:0.2563	pcc:0.7268
2024-04-17 12:27:13,154 - root - INFO - test: loss:1.6450	msle:1.6312	male:0.9928	mape:0.2513	pcc:0.7360
2024-04-17 12:27:16,220 - root - INFO - Epoch 42:
2024-04-17 13:34:36,242 - root - INFO - Epoch42: time_cost:2283.764937877655 train_loss:0.34247858250908925
2024-04-17 13:34:36,242 - root - INFO - train: loss:0.2934	msle:0.2745	male:0.3781	mape:0.0860	pcc:0.9611
2024-04-17 13:34:36,242 - root - INFO - val: loss:1.7662	msle:1.6695	male:1.0057	mape:0.2520	pcc:0.7253
2024-04-17 13:34:36,242 - root - INFO - test: loss:1.6380	msle:1.6185	male:0.9887	mape:0.2473	pcc:0.7348
2024-04-17 13:34:39,255 - root - INFO - Epoch 43:
2024-04-17 14:42:39,596 - root - INFO - Epoch43: time_cost:2330.738712310791 train_loss:0.3263281677884045
2024-04-17 14:42:39,596 - root - INFO - train: loss:0.2700	msle:0.2599	male:0.3716	mape:0.0848	pcc:0.9632
2024-04-17 14:42:39,596 - root - INFO - val: loss:1.7475	msle:1.6585	male:1.0017	mape:0.2511	pcc:0.7264
2024-04-17 14:42:39,596 - root - INFO - test: loss:1.6155	msle:1.6025	male:0.9828	mape:0.2458	pcc:0.7367
2024-04-17 14:42:43,072 - root - INFO - Epoch 44:
2024-04-17 15:50:24,545 - root - INFO - Epoch44: time_cost:2312.1451032161713 train_loss:0.320963209052183
2024-04-17 15:50:24,545 - root - INFO - train: loss:0.2498	msle:0.2421	male:0.3570	mape:0.0825	pcc:0.9649
2024-04-17 15:50:24,545 - root - INFO - val: loss:1.7528	msle:1.6628	male:1.0040	mape:0.2553	pcc:0.7273
2024-04-17 15:50:24,545 - root - INFO - test: loss:1.6104	msle:1.6013	male:0.9838	mape:0.2495	pcc:0.7383
2024-04-17 15:50:26,655 - root - INFO - Epoch 45:
2024-04-17 16:57:56,780 - root - INFO - Epoch45: time_cost:2317.3248789310455 train_loss:0.3088385777502244
2024-04-17 16:57:56,780 - root - INFO - train: loss:0.2848	msle:0.2611	male:0.3698	mape:0.0847	pcc:0.9636
2024-04-17 16:57:56,780 - root - INFO - val: loss:1.7835	msle:1.6880	male:1.0116	mape:0.2539	pcc:0.7271
2024-04-17 16:57:56,781 - root - INFO - test: loss:1.6438	msle:1.6297	male:0.9932	mape:0.2489	pcc:0.7373
2024-04-17 16:57:58,904 - root - INFO - Epoch 46:
2024-04-17 18:13:17,682 - root - INFO - Epoch46: time_cost:2458.39510512352 train_loss:0.2983407859733031
2024-04-17 18:13:17,682 - root - INFO - train: loss:0.2492	msle:0.2447	male:0.3596	mape:0.0825	pcc:0.9648
2024-04-17 18:13:17,682 - root - INFO - val: loss:1.7552	msle:1.6690	male:1.0070	mape:0.2548	pcc:0.7261
2024-04-17 18:13:17,683 - root - INFO - test: loss:1.6186	msle:1.6111	male:0.9870	mape:0.2490	pcc:0.7369
2024-04-17 18:13:19,890 - root - INFO - Epoch 47:
2024-04-17 19:34:30,049 - root - INFO - Epoch47: time_cost:2582.8363761901855 train_loss:0.29237872429791495
2024-04-17 19:34:30,049 - root - INFO - train: loss:0.2608	msle:0.2411	male:0.3564	mape:0.0814	pcc:0.9656
2024-04-17 19:34:30,049 - root - INFO - val: loss:1.7476	msle:1.6556	male:1.0007	mape:0.2523	pcc:0.7262
2024-04-17 19:34:30,049 - root - INFO - test: loss:1.6090	msle:1.5963	male:0.9819	mape:0.2472	pcc:0.7365
2024-04-17 19:34:33,568 - root - INFO - Epoch 48:
2024-04-17 20:49:37,254 - root - INFO - Epoch48: time_cost:2609.4716958999634 train_loss:0.28838161371052085
2024-04-17 20:49:37,254 - root - INFO - train: loss:0.2610	msle:0.2480	male:0.3665	mape:0.0833	pcc:0.9661
2024-04-17 20:49:37,255 - root - INFO - val: loss:1.7427	msle:1.6532	male:1.0022	mape:0.2496	pcc:0.7283
2024-04-17 20:49:37,255 - root - INFO - test: loss:1.6103	msle:1.5976	male:0.9845	mape:0.2448	pcc:0.7382
2024-04-17 20:49:40,359 - root - INFO - Epoch 49:
2024-04-17 22:00:40,359 - root - INFO - Epoch49: time_cost:2378.239080429077 train_loss:0.28179835535808084
2024-04-17 22:00:40,359 - root - INFO - train: loss:0.2625	msle:0.2448	male:0.3598	mape:0.0815	pcc:0.9664
2024-04-17 22:00:40,360 - root - INFO - val: loss:1.7486	msle:1.6583	male:1.0003	mape:0.2497	pcc:0.7280
2024-04-17 22:00:40,360 - root - INFO - test: loss:1.6206	msle:1.6067	male:0.9849	mape:0.2457	pcc:0.7368
2024-04-17 22:00:42,465 - root - INFO - Epoch 50:
2024-04-17 23:21:25,206 - root - INFO - Epoch50: time_cost:2394.567993402481 train_loss:0.271622990342798
2024-04-17 23:21:25,206 - root - INFO - train: loss:0.2268	msle:0.2200	male:0.3374	mape:0.0776	pcc:0.9679
2024-04-17 23:21:25,207 - root - INFO - val: loss:1.7384	msle:1.6500	male:0.9995	mape:0.2539	pcc:0.7265
2024-04-17 23:21:25,207 - root - INFO - test: loss:1.6011	msle:1.5933	male:0.9805	mape:0.2487	pcc:0.7367
2024-04-17 23:21:28,256 - root - INFO - Epoch 51:
2024-04-18 00:44:03,590 - root - INFO - Epoch51: time_cost:2813.908364534378 train_loss:0.26364005378806793
2024-04-18 00:44:03,590 - root - INFO - train: loss:0.2266	msle:0.2163	male:0.3367	mape:0.0766	pcc:0.9704
2024-04-18 00:44:03,590 - root - INFO - val: loss:1.7310	msle:1.6399	male:0.9928	mape:0.2493	pcc:0.7293
2024-04-18 00:44:03,590 - root - INFO - test: loss:1.6038	msle:1.5887	male:0.9786	mape:0.2454	pcc:0.7384
2024-04-18 00:44:06,640 - root - INFO - Epoch 52:
2024-04-18 02:22:49,757 - root - INFO - Epoch52: time_cost:3152.795083761215 train_loss:0.25543803719128805
2024-04-18 02:22:49,757 - root - INFO - train: loss:0.2309	msle:0.2156	male:0.3381	mape:0.0771	pcc:0.9699
2024-04-18 02:22:49,757 - root - INFO - val: loss:1.7368	msle:1.6442	male:0.9972	mape:0.2504	pcc:0.7298
2024-04-18 02:22:49,758 - root - INFO - test: loss:1.6049	msle:1.5927	male:0.9817	mape:0.2460	pcc:0.7389
2024-04-18 02:22:52,044 - root - INFO - Epoch 53:
2024-04-18 03:57:04,308 - root - INFO - Epoch53: time_cost:3150.299037694931 train_loss:0.25003965737936834
2024-04-18 03:57:04,308 - root - INFO - train: loss:0.2020	msle:0.2000	male:0.3222	mape:0.0744	pcc:0.9706
2024-04-18 03:57:04,308 - root - INFO - val: loss:1.7275	msle:1.6376	male:0.9938	mape:0.2546	pcc:0.7273
2024-04-18 03:57:04,308 - root - INFO - test: loss:1.5874	msle:1.5788	male:0.9742	mape:0.2491	pcc:0.7380
2024-04-18 03:57:07,588 - root - INFO - Epoch 54:
2024-04-18 05:07:59,730 - root - INFO - Epoch54: time_cost:2367.83554315567 train_loss:0.2510862290480533
2024-04-18 05:07:59,730 - root - INFO - train: loss:0.1996	msle:0.1986	male:0.3225	mape:0.0740	pcc:0.9709
2024-04-18 05:07:59,730 - root - INFO - val: loss:1.7004	msle:1.6170	male:0.9880	mape:0.2520	pcc:0.7291
2024-04-18 05:07:59,730 - root - INFO - test: loss:1.5664	msle:1.5578	male:0.9677	mape:0.2465	pcc:0.7398
2024-04-18 05:08:02,751 - root - INFO - Epoch 55:
2024-04-18 06:19:29,810 - root - INFO - Epoch55: time_cost:2389.1755695343018 train_loss:0.24037430711865432
2024-04-18 06:19:29,810 - root - INFO - train: loss:0.2156	msle:0.2095	male:0.3365	mape:0.0760	pcc:0.9728
2024-04-18 06:19:29,810 - root - INFO - val: loss:1.7241	msle:1.6373	male:0.9958	mape:0.2484	pcc:0.7292
2024-04-18 06:19:29,810 - root - INFO - test: loss:1.5902	msle:1.5815	male:0.9787	mape:0.2439	pcc:0.7391
2024-04-18 06:19:31,920 - root - INFO - Epoch 56:
2024-04-18 07:30:55,321 - root - INFO - Epoch56: time_cost:2373.041708946228 train_loss:0.24042001457180362
2024-04-18 07:30:55,321 - root - INFO - train: loss:0.2129	msle:0.2012	male:0.3242	mape:0.0732	pcc:0.9721
2024-04-18 07:30:55,321 - root - INFO - val: loss:1.7090	msle:1.6224	male:0.9891	mape:0.2493	pcc:0.7289
2024-04-18 07:30:55,321 - root - INFO - test: loss:1.5825	msle:1.5676	male:0.9723	mape:0.2449	pcc:0.7389
2024-04-18 07:30:57,449 - root - INFO - Epoch 57:
2024-04-18 08:42:26,689 - root - INFO - Epoch57: time_cost:2382.0456285476685 train_loss:0.2310617472108781
2024-04-18 08:42:26,689 - root - INFO - train: loss:0.1938	msle:0.1911	male:0.3179	mape:0.0725	pcc:0.9724
2024-04-18 08:42:26,689 - root - INFO - val: loss:1.7135	msle:1.6284	male:0.9920	mape:0.2522	pcc:0.7282
2024-04-18 08:42:26,689 - root - INFO - test: loss:1.5769	msle:1.5710	male:0.9742	mape:0.2474	pcc:0.7388
2024-04-18 08:42:28,878 - root - INFO - Epoch 58:
2024-04-18 09:58:49,536 - root - INFO - Epoch58: time_cost:2360.421420812607 train_loss:0.22749949024622557
2024-04-18 09:58:49,536 - root - INFO - train: loss:0.2012	msle:0.1946	male:0.3191	mape:0.0727	pcc:0.9720
2024-04-18 09:58:49,536 - root - INFO - val: loss:1.7101	msle:1.6223	male:0.9893	mape:0.2518	pcc:0.7282
2024-04-18 09:58:49,536 - root - INFO - test: loss:1.5744	msle:1.5667	male:0.9709	mape:0.2468	pcc:0.7383
2024-04-18 09:58:51,883 - root - INFO - Epoch 59:
2024-04-18 11:22:38,040 - root - INFO - Epoch59: time_cost:2750.6465232372284 train_loss:0.22255689856329966
2024-04-18 11:22:38,041 - root - INFO - train: loss:0.2030	msle:0.1891	male:0.3173	mape:0.0725	pcc:0.9738
2024-04-18 11:22:38,041 - root - INFO - val: loss:1.7155	msle:1.6269	male:0.9897	mape:0.2502	pcc:0.7292
2024-04-18 11:22:38,041 - root - INFO - test: loss:1.5783	msle:1.5706	male:0.9724	mape:0.2457	pcc:0.7393
2024-04-18 11:22:40,419 - root - INFO - Epoch 60:
2024-04-18 12:45:40,485 - root - INFO - Epoch60: time_cost:2783.066798686981 train_loss:0.22676416470309782
2024-04-18 12:45:40,485 - root - INFO - train: loss:0.1987	msle:0.1905	male:0.3164	mape:0.0715	pcc:0.9734
2024-04-18 12:45:40,485 - root - INFO - val: loss:1.7106	msle:1.6223	male:0.9887	mape:0.2498	pcc:0.7287
2024-04-18 12:45:40,485 - root - INFO - test: loss:1.5748	msle:1.5679	male:0.9722	mape:0.2454	pcc:0.7386
2024-04-18 12:45:42,750 - root - INFO - Epoch 61:
2024-04-18 14:07:05,009 - root - INFO - Epoch61: time_cost:2585.515758752823 train_loss:0.21645881284205443
2024-04-18 14:07:05,010 - root - INFO - train: loss:0.1939	msle:0.1839	male:0.3121	mape:0.0708	pcc:0.9742
2024-04-18 14:07:05,010 - root - INFO - val: loss:1.7149	msle:1.6287	male:0.9931	mape:0.2515	pcc:0.7278
2024-04-18 14:07:05,010 - root - INFO - test: loss:1.5780	msle:1.5705	male:0.9733	mape:0.2462	pcc:0.7385
2024-04-18 14:07:07,189 - root - INFO - Epoch 62:
2024-04-18 15:27:11,679 - root - INFO - Epoch62: time_cost:2535.55389380455 train_loss:0.216418826668341
2024-04-18 15:27:11,679 - root - INFO - train: loss:0.2041	msle:0.1925	male:0.3206	mape:0.0723	pcc:0.9740
2024-04-18 15:27:11,679 - root - INFO - val: loss:1.7232	msle:1.6323	male:0.9912	mape:0.2499	pcc:0.7277
2024-04-18 15:27:11,679 - root - INFO - test: loss:1.5817	msle:1.5716	male:0.9715	mape:0.2448	pcc:0.7384
2024-04-18 15:27:13,881 - root - INFO - Epoch 63:
2024-04-18 16:47:18,113 - root - INFO - Epoch63: time_cost:2657.996406555176 train_loss:0.21064384796681557
2024-04-18 16:47:18,113 - root - INFO - train: loss:0.2106	msle:0.1950	male:0.3159	mape:0.0711	pcc:0.9725
2024-04-18 16:47:18,113 - root - INFO - val: loss:1.7300	msle:1.6392	male:0.9933	mape:0.2519	pcc:0.7250
2024-04-18 16:47:18,113 - root - INFO - test: loss:1.5842	msle:1.5764	male:0.9733	mape:0.2464	pcc:0.7361
2024-04-18 16:47:20,282 - root - INFO - Epoch 64:
2024-04-18 18:08:49,449 - root - INFO - Epoch64: time_cost:2718.8835451602936 train_loss:0.20149042907021203
2024-04-18 18:08:49,450 - root - INFO - train: loss:0.1783	msle:0.1696	male:0.2931	mape:0.0666	pcc:0.9748
2024-04-18 18:08:49,450 - root - INFO - val: loss:1.6876	msle:1.6035	male:0.9827	mape:0.2530	pcc:0.7290
2024-04-18 18:08:49,450 - root - INFO - test: loss:1.5538	msle:1.5491	male:0.9638	mape:0.2477	pcc:0.7392
2024-04-18 18:08:52,637 - root - INFO - Epoch 65:
2024-04-18 19:30:30,458 - root - INFO - Epoch65: time_cost:2602.9205627441406 train_loss:0.20046584476500345
2024-04-18 19:30:30,458 - root - INFO - train: loss:0.1748	msle:0.1686	male:0.2978	mape:0.0679	pcc:0.9755
2024-04-18 19:30:30,458 - root - INFO - val: loss:1.6994	msle:1.6123	male:0.9841	mape:0.2514	pcc:0.7287
2024-04-18 19:30:30,459 - root - INFO - test: loss:1.5597	msle:1.5545	male:0.9664	mape:0.2466	pcc:0.7392
2024-04-18 19:30:32,639 - root - INFO - Epoch 66:
2024-04-18 20:50:11,933 - root - INFO - Epoch66: time_cost:2521.572432756424 train_loss:0.19612936040071122
2024-04-18 20:50:11,933 - root - INFO - train: loss:0.1807	msle:0.1698	male:0.2994	mape:0.0680	pcc:0.9754
2024-04-18 20:50:11,933 - root - INFO - val: loss:1.7003	msle:1.6143	male:0.9873	mape:0.2518	pcc:0.7289
2024-04-18 20:50:11,933 - root - INFO - test: loss:1.5660	msle:1.5609	male:0.9706	mape:0.2470	pcc:0.7388
2024-04-18 20:50:14,102 - root - INFO - Epoch 67:
2024-04-18 22:09:53,182 - root - INFO - Epoch67: time_cost:2649.032233476639 train_loss:0.19169110538073267
2024-04-18 22:09:53,183 - root - INFO - train: loss:0.1892	msle:0.1731	male:0.3023	mape:0.0679	pcc:0.9761
2024-04-18 22:09:53,183 - root - INFO - val: loss:1.7072	msle:1.6194	male:0.9877	mape:0.2496	pcc:0.7288
2024-04-18 22:09:53,183 - root - INFO - test: loss:1.5724	msle:1.5646	male:0.9705	mape:0.2451	pcc:0.7386
2024-04-18 22:09:55,382 - root - INFO - Epoch 68:
2024-04-18 23:31:27,011 - root - INFO - Epoch68: time_cost:2734.0629913806915 train_loss:0.1909258550752152
2024-04-18 23:31:27,011 - root - INFO - train: loss:0.1805	msle:0.1682	male:0.2935	mape:0.0656	pcc:0.9756
2024-04-18 23:31:27,011 - root - INFO - val: loss:1.6968	msle:1.6119	male:0.9847	mape:0.2512	pcc:0.7295
2024-04-18 23:31:27,011 - root - INFO - test: loss:1.5683	msle:1.5600	male:0.9675	mape:0.2465	pcc:0.7388
2024-04-18 23:31:29,151 - root - INFO - Epoch 69:
2024-04-19 00:53:23,556 - root - INFO - Epoch69: time_cost:2629.686343193054 train_loss:0.1884180975801661
2024-04-19 00:53:23,556 - root - INFO - train: loss:0.1844	msle:0.1728	male:0.3034	mape:0.0685	pcc:0.9752
2024-04-19 00:53:23,556 - root - INFO - val: loss:1.6870	msle:1.6016	male:0.9821	mape:0.2509	pcc:0.7294
2024-04-19 00:53:23,556 - root - INFO - test: loss:1.5640	msle:1.5532	male:0.9659	mape:0.2463	pcc:0.7382
2024-04-19 00:53:26,995 - root - INFO - Epoch 70:
2024-04-19 02:14:03,658 - root - INFO - Epoch70: time_cost:2547.871695995331 train_loss:0.18572915696667575
2024-04-19 02:14:03,658 - root - INFO - train: loss:0.1691	msle:0.1650	male:0.2965	mape:0.0668	pcc:0.9766
2024-04-19 02:14:03,659 - root - INFO - val: loss:1.6921	msle:1.6115	male:0.9868	mape:0.2517	pcc:0.7277
2024-04-19 02:14:03,659 - root - INFO - test: loss:1.5658	msle:1.5585	male:0.9691	mape:0.2465	pcc:0.7374
2024-04-19 02:14:05,914 - root - INFO - Epoch 71:
2024-04-19 03:34:03,696 - root - INFO - Epoch71: time_cost:2645.8679673671722 train_loss:0.1811097722753321
2024-04-19 03:34:03,696 - root - INFO - train: loss:0.1758	msle:0.1627	male:0.2921	mape:0.0659	pcc:0.9767
2024-04-19 03:34:03,696 - root - INFO - val: loss:1.6982	msle:1.6135	male:0.9862	mape:0.2517	pcc:0.7283
2024-04-19 03:34:03,696 - root - INFO - test: loss:1.5668	msle:1.5582	male:0.9698	mape:0.2471	pcc:0.7382
2024-04-19 03:34:05,966 - root - INFO - Epoch 72:
2024-04-19 04:55:37,400 - root - INFO - Epoch72: time_cost:2726.0352470874786 train_loss:0.17565918244614132
2024-04-19 04:55:37,401 - root - INFO - train: loss:0.1815	msle:0.1642	male:0.2911	mape:0.0654	pcc:0.9763
2024-04-19 04:55:37,401 - root - INFO - val: loss:1.6947	msle:1.6105	male:0.9850	mape:0.2507	pcc:0.7299
2024-04-19 04:55:37,401 - root - INFO - test: loss:1.5632	msle:1.5520	male:0.9668	mape:0.2457	pcc:0.7402
2024-04-19 04:55:39,563 - root - INFO - Epoch 73:
2024-04-19 06:17:52,426 - root - INFO - Epoch73: time_cost:2629.063807487488 train_loss:0.17461510429037538
2024-04-19 06:17:52,426 - root - INFO - train: loss:0.1516	msle:0.1446	male:0.2722	mape:0.0622	pcc:0.9785
2024-04-19 06:17:52,427 - root - INFO - val: loss:1.6892	msle:1.6058	male:0.9816	mape:0.2544	pcc:0.7276
2024-04-19 06:17:52,427 - root - INFO - test: loss:1.5519	msle:1.5452	male:0.9618	mape:0.2488	pcc:0.7386
2024-04-19 06:17:55,189 - root - INFO - Epoch 74:
2024-04-19 07:38:11,359 - root - INFO - Epoch74: time_cost:2526.295247077942 train_loss:0.17445108193819367
2024-04-19 07:38:11,359 - root - INFO - train: loss:0.1769	msle:0.1604	male:0.2881	mape:0.0643	pcc:0.9778
2024-04-19 07:38:11,359 - root - INFO - val: loss:1.6864	msle:1.6023	male:0.9804	mape:0.2496	pcc:0.7282
2024-04-19 07:38:11,359 - root - INFO - test: loss:1.5568	msle:1.5472	male:0.9631	mape:0.2446	pcc:0.7384
2024-04-19 07:38:13,537 - root - INFO - Epoch 75:
2024-04-19 08:58:27,312 - root - INFO - Epoch75: time_cost:2645.529401063919 train_loss:0.17263763456781978
2024-04-19 08:58:27,312 - root - INFO - train: loss:0.1500	msle:0.1506	male:0.2802	mape:0.0630	pcc:0.9782
2024-04-19 08:58:27,312 - root - INFO - val: loss:1.6692	msle:1.5901	male:0.9770	mape:0.2516	pcc:0.7287
2024-04-19 08:58:27,312 - root - INFO - test: loss:1.5412	msle:1.5331	male:0.9590	mape:0.2464	pcc:0.7395
2024-04-19 08:58:30,580 - root - INFO - Epoch 76:
2024-04-19 10:19:12,333 - root - INFO - Epoch76: time_cost:2685.8158779144287 train_loss:0.17245853475595244
2024-04-19 10:19:12,333 - root - INFO - train: loss:0.1562	msle:0.1521	male:0.2824	mape:0.0631	pcc:0.9790
2024-04-19 10:19:12,333 - root - INFO - val: loss:1.6745	msle:1.5949	male:0.9795	mape:0.2497	pcc:0.7291
2024-04-19 10:19:12,333 - root - INFO - test: loss:1.5467	msle:1.5393	male:0.9618	mape:0.2445	pcc:0.7395
2024-04-19 10:19:14,507 - root - INFO - Epoch 77:
2024-04-19 11:27:47,392 - root - INFO - Epoch77: time_cost:2346.3244795799255 train_loss:0.16638404620069414
2024-04-19 11:27:47,392 - root - INFO - train: loss:0.1618	msle:0.1496	male:0.2762	mape:0.0622	pcc:0.9786
2024-04-19 11:27:47,392 - root - INFO - val: loss:1.7036	msle:1.6190	male:0.9856	mape:0.2518	pcc:0.7287
2024-04-19 11:27:47,392 - root - INFO - test: loss:1.5621	msle:1.5543	male:0.9658	mape:0.2462	pcc:0.7402
2024-04-19 11:27:49,569 - root - INFO - Epoch 78:
2024-04-19 12:36:20,658 - root - INFO - Epoch78: time_cost:2361.7146813869476 train_loss:0.16079390758778697
2024-04-19 12:36:20,659 - root - INFO - train: loss:0.1654	msle:0.1608	male:0.2867	mape:0.0650	pcc:0.9761
2024-04-19 12:36:20,659 - root - INFO - val: loss:1.7028	msle:1.6207	male:0.9896	mape:0.2566	pcc:0.7265
2024-04-19 12:36:20,659 - root - INFO - test: loss:1.5682	msle:1.5618	male:0.9696	mape:0.2506	pcc:0.7375
2024-04-19 12:36:22,772 - root - INFO - Epoch 79:
2024-04-19 13:44:16,015 - root - INFO - Epoch79: time_cost:2329.998248577118 train_loss:0.16144886438169037
2024-04-19 13:44:16,016 - root - INFO - train: loss:0.1686	msle:0.1575	male:0.2908	mape:0.0654	pcc:0.9780
2024-04-19 13:44:16,016 - root - INFO - val: loss:1.6951	msle:1.6109	male:0.9857	mape:0.2502	pcc:0.7291
2024-04-19 13:44:16,016 - root - INFO - test: loss:1.5580	msle:1.5493	male:0.9657	mape:0.2445	pcc:0.7402
2024-04-19 13:44:18,115 - root - INFO - Epoch 80:
2024-04-19 14:51:34,878 - root - INFO - Epoch80: time_cost:2303.443845510483 train_loss:0.15881626992588882
2024-04-19 14:51:34,879 - root - INFO - train: loss:0.1466	msle:0.1437	male:0.2731	mape:0.0626	pcc:0.9786
2024-04-19 14:51:34,879 - root - INFO - val: loss:1.6865	msle:1.6069	male:0.9838	mape:0.2563	pcc:0.7275
2024-04-19 14:51:34,879 - root - INFO - test: loss:1.5524	msle:1.5461	male:0.9632	mape:0.2501	pcc:0.7389
2024-04-19 14:51:37,010 - root - INFO - Epoch 81:
2024-04-19 15:59:39,755 - root - INFO - Epoch81: time_cost:2332.6382446289062 train_loss:0.1520959413279564
2024-04-19 15:59:39,755 - root - INFO - train: loss:0.1624	msle:0.1541	male:0.2865	mape:0.0639	pcc:0.9780
2024-04-19 15:59:39,755 - root - INFO - val: loss:1.6809	msle:1.6008	male:0.9839	mape:0.2510	pcc:0.7296
2024-04-19 15:59:39,755 - root - INFO - test: loss:1.5541	msle:1.5458	male:0.9656	mape:0.2458	pcc:0.7398
2024-04-19 15:59:41,855 - root - INFO - Epoch 82:
2024-04-19 17:07:44,161 - root - INFO - Epoch82: time_cost:2338.8519098758698 train_loss:0.15506460142705789
2024-04-19 17:07:44,161 - root - INFO - train: loss:0.1549	msle:0.1454	male:0.2718	mape:0.0610	pcc:0.9785
2024-04-19 17:07:44,161 - root - INFO - val: loss:1.6752	msle:1.5968	male:0.9813	mape:0.2531	pcc:0.7289
2024-04-19 17:07:44,161 - root - INFO - test: loss:1.5435	msle:1.5362	male:0.9602	mape:0.2468	pcc:0.7404
2024-04-19 17:07:46,291 - root - INFO - Epoch 83:
2024-04-19 18:15:33,513 - root - INFO - Epoch83: time_cost:2347.7908611297607 train_loss:0.15435182447199564
2024-04-19 18:15:33,513 - root - INFO - train: loss:0.1426	msle:0.1375	male:0.2658	mape:0.0599	pcc:0.9795
2024-04-19 18:15:33,513 - root - INFO - val: loss:1.6708	msle:1.5938	male:0.9799	mape:0.2536	pcc:0.7298
2024-04-19 18:15:33,513 - root - INFO - test: loss:1.5372	msle:1.5330	male:0.9594	mape:0.2476	pcc:0.7412
2024-04-19 18:15:35,618 - root - INFO - Epoch 84:
2024-04-19 19:23:29,199 - root - INFO - Epoch84: time_cost:2349.852714776993 train_loss:0.14754431830789516
2024-04-19 19:23:29,199 - root - INFO - train: loss:0.1601	msle:0.1513	male:0.2805	mape:0.0618	pcc:0.9793
2024-04-19 19:23:29,199 - root - INFO - val: loss:1.6720	msle:1.5917	male:0.9791	mape:0.2489	pcc:0.7299
2024-04-19 19:23:29,200 - root - INFO - test: loss:1.5418	msle:1.5357	male:0.9591	mape:0.2432	pcc:0.7404
2024-04-19 19:23:31,400 - root - INFO - Epoch 85:
2024-04-19 20:30:07,220 - root - INFO - Epoch85: time_cost:2261.983059644699 train_loss:0.14860213628297286
2024-04-19 20:30:07,220 - root - INFO - train: loss:0.1741	msle:0.1534	male:0.2804	mape:0.0619	pcc:0.9787
2024-04-19 20:30:07,220 - root - INFO - val: loss:1.6897	msle:1.6043	male:0.9828	mape:0.2498	pcc:0.7294
2024-04-19 20:30:07,220 - root - INFO - test: loss:1.5581	msle:1.5491	male:0.9646	mape:0.2446	pcc:0.7397
2024-04-19 20:30:09,356 - root - INFO - Epoch 86:
2024-04-19 21:37:58,527 - root - INFO - Epoch86: time_cost:2347.4900455474854 train_loss:0.15113185016984107
2024-04-19 21:37:58,527 - root - INFO - train: loss:0.1354	msle:0.1326	male:0.2634	mape:0.0590	pcc:0.9804
2024-04-19 21:37:58,527 - root - INFO - val: loss:1.6644	msle:1.5851	male:0.9765	mape:0.2520	pcc:0.7310
2024-04-19 21:37:58,527 - root - INFO - test: loss:1.5380	msle:1.5309	male:0.9584	mape:0.2466	pcc:0.7412
2024-04-19 21:38:01,650 - root - INFO - Epoch 87:
2024-04-19 22:45:55,161 - root - INFO - Epoch87: time_cost:2341.8019914627075 train_loss:0.14568149619675266
2024-04-19 22:45:55,161 - root - INFO - train: loss:0.1358	msle:0.1337	male:0.2635	mape:0.0592	pcc:0.9802
2024-04-19 22:45:55,161 - root - INFO - val: loss:1.6629	msle:1.5844	male:0.9774	mape:0.2526	pcc:0.7315
2024-04-19 22:45:55,161 - root - INFO - test: loss:1.5402	msle:1.5325	male:0.9581	mape:0.2469	pcc:0.7415
2024-04-19 22:45:57,281 - root - INFO - Epoch 88:
2024-04-19 23:53:19,140 - root - INFO - Epoch88: time_cost:2309.1865844726562 train_loss:0.14159248446613193
2024-04-19 23:53:19,140 - root - INFO - train: loss:0.1502	msle:0.1444	male:0.2725	mape:0.0611	pcc:0.9790
2024-04-19 23:53:19,141 - root - INFO - val: loss:1.6703	msle:1.5909	male:0.9791	mape:0.2532	pcc:0.7278
2024-04-19 23:53:19,141 - root - INFO - test: loss:1.5384	msle:1.5299	male:0.9572	mape:0.2467	pcc:0.7393
2024-04-19 23:53:21,238 - root - INFO - Epoch 89:
2024-04-20 00:59:32,657 - root - INFO - Epoch89: time_cost:2238.3709003925323 train_loss:0.14193315251577343
2024-04-20 00:59:32,657 - root - INFO - train: loss:0.1420	msle:0.1379	male:0.2670	mape:0.0595	pcc:0.9807
2024-04-20 00:59:32,657 - root - INFO - val: loss:1.6565	msle:1.5776	male:0.9746	mape:0.2512	pcc:0.7291
2024-04-20 00:59:32,657 - root - INFO - test: loss:1.5334	msle:1.5229	male:0.9556	mape:0.2454	pcc:0.7396
2024-04-20 00:59:35,650 - root - INFO - Epoch 90:
2024-04-20 02:04:52,481 - root - INFO - Epoch90: time_cost:2170.888663291931 train_loss:0.13600151572141345
2024-04-20 02:04:52,481 - root - INFO - train: loss:0.1411	msle:0.1335	male:0.2627	mape:0.0582	pcc:0.9809
2024-04-20 02:04:52,481 - root - INFO - val: loss:1.6624	msle:1.5863	male:0.9779	mape:0.2506	pcc:0.7301
2024-04-20 02:04:52,481 - root - INFO - test: loss:1.5389	msle:1.5311	male:0.9583	mape:0.2448	pcc:0.7405
2024-04-20 02:04:54,675 - root - INFO - Epoch 91:
2024-04-20 03:12:56,438 - root - INFO - Epoch91: time_cost:2330.144369363785 train_loss:0.13691102940081373
2024-04-20 03:12:56,438 - root - INFO - train: loss:0.1306	msle:0.1304	male:0.2602	mape:0.0585	pcc:0.9807
2024-04-20 03:12:56,438 - root - INFO - val: loss:1.6591	msle:1.5834	male:0.9776	mape:0.2532	pcc:0.7298
2024-04-20 03:12:56,438 - root - INFO - test: loss:1.5321	msle:1.5244	male:0.9562	mape:0.2469	pcc:0.7409
2024-04-20 03:12:58,578 - root - INFO - Epoch 92:
2024-04-20 04:21:03,817 - root - INFO - Epoch92: time_cost:2341.173731803894 train_loss:0.13404739448237768
2024-04-20 04:21:03,818 - root - INFO - train: loss:0.1271	msle:0.1255	male:0.2549	mape:0.0579	pcc:0.9814
2024-04-20 04:21:03,818 - root - INFO - val: loss:1.6672	msle:1.5919	male:0.9790	mape:0.2559	pcc:0.7305
2024-04-20 04:21:03,818 - root - INFO - test: loss:1.5390	msle:1.5332	male:0.9570	mape:0.2496	pcc:0.7416
2024-04-20 04:21:05,944 - root - INFO - Epoch 93:
2024-04-20 05:28:52,229 - root - INFO - Epoch93: time_cost:2326.0151007175446 train_loss:0.1356143410074074
2024-04-20 05:28:52,230 - root - INFO - train: loss:0.1352	msle:0.1284	male:0.2589	mape:0.0590	pcc:0.9810
2024-04-20 05:28:52,230 - root - INFO - val: loss:1.6748	msle:1.5937	male:0.9796	mape:0.2557	pcc:0.7304
2024-04-20 05:28:52,230 - root - INFO - test: loss:1.5404	msle:1.5319	male:0.9567	mape:0.2491	pcc:0.7419
2024-04-20 05:28:54,338 - root - INFO - Epoch 94:
2024-04-20 06:36:37,677 - root - INFO - Epoch94: time_cost:2314.339661836624 train_loss:0.13138658606104853
2024-04-20 06:36:37,677 - root - INFO - train: loss:0.1461	msle:0.1395	male:0.2651	mape:0.0593	pcc:0.9792
2024-04-20 06:36:37,677 - root - INFO - val: loss:1.6751	msle:1.5967	male:0.9829	mape:0.2543	pcc:0.7289
2024-04-20 06:36:37,677 - root - INFO - test: loss:1.5435	msle:1.5388	male:0.9620	mape:0.2479	pcc:0.7398
2024-04-20 06:36:39,776 - root - INFO - Epoch 95:
2024-04-20 07:44:30,715 - root - INFO - Epoch95: time_cost:2328.8134865760803 train_loss:0.12932053713391783
2024-04-20 07:44:30,715 - root - INFO - train: loss:0.1408	msle:0.1365	male:0.2663	mape:0.0592	pcc:0.9805
2024-04-20 07:44:30,715 - root - INFO - val: loss:1.6605	msle:1.5823	male:0.9775	mape:0.2514	pcc:0.7295
2024-04-20 07:44:30,715 - root - INFO - test: loss:1.5326	msle:1.5262	male:0.9568	mape:0.2452	pcc:0.7404
2024-04-20 07:44:32,824 - root - INFO - Epoch 96:
2024-04-20 08:51:56,720 - root - INFO - Epoch96: time_cost:2293.2598140239716 train_loss:0.13020769177998306
2024-04-20 08:51:56,720 - root - INFO - train: loss:0.1362	msle:0.1275	male:0.2561	mape:0.0581	pcc:0.9810
2024-04-20 08:51:56,720 - root - INFO - val: loss:1.6795	msle:1.5976	male:0.9804	mape:0.2552	pcc:0.7275
2024-04-20 08:51:56,720 - root - INFO - test: loss:1.5378	msle:1.5324	male:0.9583	mape:0.2486	pcc:0.7397
2024-04-20 08:51:58,818 - root - INFO - Epoch 97:
2024-04-20 09:59:16,341 - root - INFO - Epoch97: time_cost:2309.97815823555 train_loss:0.1285956761060476
2024-04-20 09:59:16,341 - root - INFO - train: loss:0.1423	msle:0.1404	male:0.2694	mape:0.0619	pcc:0.9792
2024-04-20 09:59:16,341 - root - INFO - val: loss:1.6814	msle:1.5997	male:0.9825	mape:0.2575	pcc:0.7284
2024-04-20 09:59:16,341 - root - INFO - test: loss:1.5405	msle:1.5335	male:0.9594	mape:0.2505	pcc:0.7408
2024-04-20 09:59:18,442 - root - INFO - Epoch 98:
2024-04-20 11:07:27,704 - root - INFO - Epoch98: time_cost:2346.4812862873077 train_loss:0.12511109430521078
2024-04-20 11:07:27,704 - root - INFO - train: loss:0.1319	msle:0.1271	male:0.2560	mape:0.0570	pcc:0.9815
2024-04-20 11:07:27,704 - root - INFO - val: loss:1.6519	msle:1.5738	male:0.9745	mape:0.2515	pcc:0.7311
2024-04-20 11:07:27,704 - root - INFO - test: loss:1.5268	msle:1.5179	male:0.9540	mape:0.2453	pcc:0.7419
2024-04-20 11:07:30,775 - root - INFO - Epoch 99:
2024-04-20 12:15:27,956 - root - INFO - Epoch99: time_cost:2347.230041027069 train_loss:0.12339139506176619
2024-04-20 12:15:27,956 - root - INFO - train: loss:0.1298	msle:0.1247	male:0.2555	mape:0.0578	pcc:0.9816
2024-04-20 12:15:27,956 - root - INFO - val: loss:1.6683	msle:1.5888	male:0.9779	mape:0.2527	pcc:0.7308
2024-04-20 12:15:27,956 - root - INFO - test: loss:1.5370	msle:1.5301	male:0.9579	mape:0.2468	pcc:0.7417
2024-04-20 12:15:30,077 - root - INFO - Epoch 100:
2024-04-20 13:23:20,681 - root - INFO - Epoch100: time_cost:2348.4150137901306 train_loss:0.12207909512634092
2024-04-20 13:23:20,681 - root - INFO - train: loss:0.1500	msle:0.1409	male:0.2708	mape:0.0603	pcc:0.9798
2024-04-20 13:23:20,681 - root - INFO - val: loss:1.6460	msle:1.5709	male:0.9744	mape:0.2512	pcc:0.7309
2024-04-20 13:23:20,681 - root - INFO - test: loss:1.5302	msle:1.5217	male:0.9572	mape:0.2459	pcc:0.7405
2024-04-20 13:23:23,950 - root - INFO - Epoch 101:
2024-04-20 14:31:33,100 - root - INFO - Epoch101: time_cost:2365.802115917206 train_loss:0.12264075995080709
2024-04-20 14:31:33,100 - root - INFO - train: loss:0.1276	msle:0.1272	male:0.2583	mape:0.0578	pcc:0.9818
2024-04-20 14:31:33,100 - root - INFO - val: loss:1.6445	msle:1.5691	male:0.9727	mape:0.2515	pcc:0.7311
2024-04-20 14:31:33,100 - root - INFO - test: loss:1.5289	msle:1.5184	male:0.9548	mape:0.2459	pcc:0.7410
2024-04-20 14:31:36,440 - root - INFO - Epoch 102:
2024-04-20 15:39:57,306 - root - INFO - Epoch102: time_cost:2366.5019841194153 train_loss:0.117226832420294
2024-04-20 15:39:57,306 - root - INFO - train: loss:0.1342	msle:0.1231	male:0.2520	mape:0.0565	pcc:0.9817
2024-04-20 15:39:57,306 - root - INFO - val: loss:1.6577	msle:1.5792	male:0.9741	mape:0.2532	pcc:0.7308
2024-04-20 15:39:57,306 - root - INFO - test: loss:1.5332	msle:1.5252	male:0.9560	mape:0.2476	pcc:0.7412
2024-04-20 15:39:59,432 - root - INFO - Epoch 103:
2024-04-20 16:47:50,785 - root - INFO - Epoch103: time_cost:2347.4423439502716 train_loss:0.12005090654957708
2024-04-20 16:47:50,785 - root - INFO - train: loss:0.1490	msle:0.1390	male:0.2697	mape:0.0593	pcc:0.9814
2024-04-20 16:47:50,785 - root - INFO - val: loss:1.6548	msle:1.5740	male:0.9745	mape:0.2497	pcc:0.7301
2024-04-20 16:47:50,786 - root - INFO - test: loss:1.5276	msle:1.5186	male:0.9559	mape:0.2440	pcc:0.7408
2024-04-20 16:47:52,870 - root - INFO - Epoch 104:
2024-04-20 17:55:46,241 - root - INFO - Epoch104: time_cost:2343.2318980693817 train_loss:0.1158224563446696
2024-04-20 17:55:46,241 - root - INFO - train: loss:0.1362	msle:0.1259	male:0.2551	mape:0.0564	pcc:0.9821
2024-04-20 17:55:46,241 - root - INFO - val: loss:1.6595	msle:1.5787	male:0.9747	mape:0.2510	pcc:0.7302
2024-04-20 17:55:46,241 - root - INFO - test: loss:1.5272	msle:1.5186	male:0.9542	mape:0.2447	pcc:0.7418
2024-04-20 17:55:48,323 - root - INFO - Epoch 105:
2024-04-20 19:03:30,202 - root - INFO - Epoch105: time_cost:2331.7440633773804 train_loss:0.11578799469776713
2024-04-20 19:03:30,202 - root - INFO - train: loss:0.1494	msle:0.1395	male:0.2725	mape:0.0602	pcc:0.9810
2024-04-20 19:03:30,202 - root - INFO - val: loss:1.6736	msle:1.5917	male:0.9790	mape:0.2499	pcc:0.7292
2024-04-20 19:03:30,202 - root - INFO - test: loss:1.5368	msle:1.5280	male:0.9582	mape:0.2437	pcc:0.7412
2024-04-20 19:03:32,337 - root - INFO - Epoch 106:
2024-04-20 20:11:29,040 - root - INFO - Epoch106: time_cost:2339.2456936836243 train_loss:0.11326303884605261
2024-04-20 20:11:29,040 - root - INFO - train: loss:0.1325	msle:0.1287	male:0.2611	mape:0.0584	pcc:0.9812
2024-04-20 20:11:29,041 - root - INFO - val: loss:1.6582	msle:1.5800	male:0.9761	mape:0.2527	pcc:0.7298
2024-04-20 20:11:29,041 - root - INFO - test: loss:1.5252	msle:1.5182	male:0.9549	mape:0.2462	pcc:0.7416
2024-04-20 20:11:31,152 - root - INFO - Epoch 107:
2024-04-20 21:19:29,059 - root - INFO - Epoch107: time_cost:2331.608832836151 train_loss:0.11333463772207121
2024-04-20 21:19:29,059 - root - INFO - train: loss:0.1374	msle:0.1303	male:0.2626	mape:0.0585	pcc:0.9811
2024-04-20 21:19:29,060 - root - INFO - val: loss:1.6630	msle:1.5818	male:0.9749	mape:0.2512	pcc:0.7304
2024-04-20 21:19:29,060 - root - INFO - test: loss:1.5280	msle:1.5193	male:0.9544	mape:0.2450	pcc:0.7422
2024-04-20 21:19:31,164 - root - INFO - Epoch 108:
2024-04-20 22:27:09,760 - root - INFO - Epoch108: time_cost:2313.634518146515 train_loss:0.11264466545579811
2024-04-20 22:27:09,760 - root - INFO - train: loss:0.1398	msle:0.1325	male:0.2603	mape:0.0596	pcc:0.9806
2024-04-20 22:27:09,760 - root - INFO - val: loss:1.6814	msle:1.5989	male:0.9814	mape:0.2580	pcc:0.7297
2024-04-20 22:27:09,760 - root - INFO - test: loss:1.5448	msle:1.5354	male:0.9591	mape:0.2512	pcc:0.7418
2024-04-20 22:27:11,895 - root - INFO - Epoch 109:
2024-04-20 23:35:13,186 - root - INFO - Epoch109: time_cost:2315.052851676941 train_loss:0.11100897867787862
2024-04-20 23:35:13,187 - root - INFO - train: loss:0.1327	msle:0.1231	male:0.2537	mape:0.0571	pcc:0.9819
2024-04-20 23:35:13,187 - root - INFO - val: loss:1.6566	msle:1.5762	male:0.9739	mape:0.2536	pcc:0.7303
2024-04-20 23:35:13,187 - root - INFO - test: loss:1.5262	msle:1.5148	male:0.9529	mape:0.2472	pcc:0.7421
2024-04-20 23:35:15,296 - root - INFO - Epoch 110:
2024-04-21 00:42:56,964 - root - INFO - Epoch110: time_cost:2324.018619775772 train_loss:0.10926782521593494
2024-04-21 00:42:56,965 - root - INFO - train: loss:0.1329	msle:0.1244	male:0.2533	mape:0.0567	pcc:0.9818
2024-04-21 00:42:56,965 - root - INFO - val: loss:1.6511	msle:1.5728	male:0.9721	mape:0.2535	pcc:0.7301
2024-04-21 00:42:56,965 - root - INFO - test: loss:1.5240	msle:1.5148	male:0.9522	mape:0.2473	pcc:0.7415
2024-04-21 00:42:59,084 - root - INFO - Epoch 111:
2024-04-21 01:50:50,521 - root - INFO - Epoch111: time_cost:2330.5457792282104 train_loss:0.11072621862481424
2024-04-21 01:50:50,522 - root - INFO - train: loss:0.1229	msle:0.1199	male:0.2493	mape:0.0558	pcc:0.9822
2024-04-21 01:50:50,522 - root - INFO - val: loss:1.6587	msle:1.5820	male:0.9761	mape:0.2543	pcc:0.7298
2024-04-21 01:50:50,522 - root - INFO - test: loss:1.5279	msle:1.5213	male:0.9558	mape:0.2480	pcc:0.7415
2024-04-21 01:50:52,623 - root - INFO - Epoch 112:
2024-04-21 02:58:53,709 - root - INFO - Epoch112: time_cost:2340.833004951477 train_loss:0.10851222047085275
2024-04-21 02:58:53,709 - root - INFO - train: loss:0.1238	msle:0.1188	male:0.2491	mape:0.0570	pcc:0.9825
2024-04-21 02:58:53,709 - root - INFO - val: loss:1.6491	msle:1.5738	male:0.9742	mape:0.2557	pcc:0.7312
2024-04-21 02:58:53,709 - root - INFO - test: loss:1.5272	msle:1.5190	male:0.9536	mape:0.2494	pcc:0.7419
2024-04-21 02:58:55,797 - root - INFO - Epoch 113:
2024-04-21 04:06:15,947 - root - INFO - Epoch113: time_cost:2313.8667776584625 train_loss:0.10327191876630246
2024-04-21 04:06:15,947 - root - INFO - train: loss:0.1235	msle:0.1241	male:0.2573	mape:0.0579	pcc:0.9818
2024-04-21 04:06:15,947 - root - INFO - val: loss:1.6449	msle:1.5710	male:0.9730	mape:0.2531	pcc:0.7309
2024-04-21 04:06:15,947 - root - INFO - test: loss:1.5184	msle:1.5109	male:0.9521	mape:0.2467	pcc:0.7426
2024-04-21 04:06:18,052 - root - INFO - Epoch 114:
2024-04-21 05:14:33,992 - root - INFO - Epoch114: time_cost:2353.5010607242584 train_loss:0.10554145225458893
2024-04-21 05:14:33,992 - root - INFO - train: loss:0.1216	msle:0.1189	male:0.2508	mape:0.0575	pcc:0.9826
2024-04-21 05:14:33,992 - root - INFO - val: loss:1.6552	msle:1.5771	male:0.9746	mape:0.2561	pcc:0.7297
2024-04-21 05:14:33,993 - root - INFO - test: loss:1.5243	msle:1.5146	male:0.9522	mape:0.2492	pcc:0.7419
2024-04-21 05:14:36,104 - root - INFO - Epoch 115:
2024-04-21 06:22:26,303 - root - INFO - Epoch115: time_cost:2347.4569680690765 train_loss:0.10373611610449561
2024-04-21 06:22:26,303 - root - INFO - train: loss:0.1306	msle:0.1263	male:0.2583	mape:0.0577	pcc:0.9817
2024-04-21 06:22:26,303 - root - INFO - val: loss:1.6446	msle:1.5685	male:0.9732	mape:0.2525	pcc:0.7309
2024-04-21 06:22:26,303 - root - INFO - test: loss:1.5216	msle:1.5120	male:0.9526	mape:0.2464	pcc:0.7419
2024-04-21 06:22:28,442 - root - INFO - Epoch 116:
2024-04-21 07:30:09,301 - root - INFO - Epoch116: time_cost:2333.505783557892 train_loss:0.10405439586954758
2024-04-21 07:30:09,301 - root - INFO - train: loss:0.1294	msle:0.1180	male:0.2499	mape:0.0559	pcc:0.9829
2024-04-21 07:30:09,301 - root - INFO - val: loss:1.6572	msle:1.5789	male:0.9746	mape:0.2517	pcc:0.7304
2024-04-21 07:30:09,301 - root - INFO - test: loss:1.5276	msle:1.5188	male:0.9534	mape:0.2454	pcc:0.7420
2024-04-21 07:30:11,642 - root - INFO - Epoch 117:
2024-04-21 08:38:00,695 - root - INFO - Epoch117: time_cost:2347.575244665146 train_loss:0.10287084662257101
2024-04-21 08:38:00,695 - root - INFO - train: loss:0.1313	msle:0.1269	male:0.2595	mape:0.0585	pcc:0.9811
2024-04-21 08:38:00,696 - root - INFO - val: loss:1.6628	msle:1.5868	male:0.9786	mape:0.2557	pcc:0.7299
2024-04-21 08:38:00,696 - root - INFO - test: loss:1.5320	msle:1.5252	male:0.9567	mape:0.2488	pcc:0.7417
2024-04-21 08:38:00,696 - root - INFO - No improvement over 15 epochs, stop training
2024-04-21 08:38:00,696 - root - INFO - Loading the best model at epoch 101
2024-04-21 08:38:00,866 - root - INFO - Loaded the best model at epoch 101 for inference
2024-04-21 09:07:09,156 - root - INFO - Runs:0
 {'train': {'msle': [2.3773, 2.2159, 2.1027, 1.9302, 1.8104, 1.625, 1.4797, 1.3599, 1.2376, 1.1564, 1.0356, 0.9712, 0.9269, 0.8557, 0.7939, 0.7329, 0.6905, 0.6702, 0.6333, 0.5681, 0.5503, 0.5306, 0.5175, 0.5183, 0.5147, 0.4544, 0.4455, 0.4238, 0.4202, 0.4023, 0.4025, 0.3551, 0.3781, 0.3486, 0.3337, 0.3876, 0.3399, 0.3074, 0.3547, 0.3183, 0.3077, 0.2873, 0.2745, 0.2599, 0.2421, 0.2611, 0.2447, 0.2411, 0.248, 0.2448, 0.22, 0.2163, 0.2156, 0.2, 0.1986, 0.2095, 0.2012, 0.1911, 0.1946, 0.1891, 0.1905, 0.1839, 0.1925, 0.195, 0.1696, 0.1686, 0.1698, 0.1731, 0.1682, 0.1728, 0.165, 0.1627, 0.1642, 0.1446, 0.1604, 0.1506, 0.1521, 0.1496, 0.1608, 0.1575, 0.1437, 0.1541, 0.1454, 0.1375, 0.1513, 0.1534, 0.1326, 0.1337, 0.1444, 0.1379, 0.1335, 0.1304, 0.1255, 0.1284, 0.1395, 0.1365, 0.1275, 0.1404, 0.1271, 0.1247, 0.1409, 0.1272, 0.1231, 0.139, 0.1259, 0.1395, 0.1287, 0.1303, 0.1325, 0.1231, 0.1244, 0.1199, 0.1188, 0.1241, 0.1189, 0.1263, 0.118, 0.1269, 0.1272], 'male': [1.2216, 1.1704, 1.133, 1.0761, 1.0342, 0.966, 0.9148, 0.8735, 0.8314, 0.8037, 0.7553, 0.7295, 0.7158, 0.6862, 0.656, 0.6338, 0.6166, 0.6056, 0.5806, 0.5534, 0.5431, 0.5399, 0.5311, 0.5344, 0.5361, 0.4954, 0.4845, 0.4802, 0.4824, 0.464, 0.4721, 0.4365, 0.4521, 0.4374, 0.4225, 0.4672, 0.4314, 0.4058, 0.4496, 0.4183, 0.4106, 0.3878, 0.3781, 0.3716, 0.357, 0.3698, 0.3596, 0.3564, 0.3665, 0.3598, 0.3374, 0.3367, 0.3381, 0.3222, 0.3225, 0.3365, 0.3242, 0.3179, 0.3191, 0.3173, 0.3164, 0.3121, 0.3206, 0.3159, 0.2931, 0.2978, 0.2994, 0.3023, 0.2935, 0.3034, 0.2965, 0.2921, 0.2911, 0.2722, 0.2881, 0.2802, 0.2824, 0.2762, 0.2867, 0.2908, 0.2731, 0.2865, 0.2718, 0.2658, 0.2805, 0.2804, 0.2634, 0.2635, 0.2725, 0.267, 0.2627, 0.2602, 0.2549, 0.2589, 0.2651, 0.2663, 0.2561, 0.2694, 0.256, 0.2555, 0.2708, 0.2583, 0.252, 0.2697, 0.2551, 0.2725, 0.2611, 0.2626, 0.2603, 0.2537, 0.2533, 0.2493, 0.2491, 0.2573, 0.2508, 0.2583, 0.2499, 0.2595, 0.2583], 'mape': [0.2879, 0.2824, 0.2766, 0.2706, 0.2602, 0.2497, 0.2385, 0.225, 0.2107, 0.201, 0.1909, 0.1815, 0.1765, 0.1675, 0.1612, 0.1548, 0.1495, 0.1447, 0.1432, 0.1347, 0.1312, 0.1277, 0.1252, 0.1243, 0.1237, 0.1155, 0.1135, 0.1117, 0.1124, 0.1071, 0.1087, 0.1017, 0.1041, 0.1012, 0.0981, 0.1064, 0.0986, 0.0935, 0.1016, 0.0954, 0.0936, 0.089, 0.086, 0.0848, 0.0825, 0.0847, 0.0825, 0.0814, 0.0833, 0.0815, 0.0776, 0.0766, 0.0771, 0.0744, 0.074, 0.076, 0.0732, 0.0725, 0.0727, 0.0725, 0.0715, 0.0708, 0.0723, 0.0711, 0.0666, 0.0679, 0.068, 0.0679, 0.0656, 0.0685, 0.0668, 0.0659, 0.0654, 0.0622, 0.0643, 0.063, 0.0631, 0.0622, 0.065, 0.0654, 0.0626, 0.0639, 0.061, 0.0599, 0.0618, 0.0619, 0.059, 0.0592, 0.0611, 0.0595, 0.0582, 0.0585, 0.0579, 0.059, 0.0593, 0.0592, 0.0581, 0.0619, 0.057, 0.0578, 0.0603, 0.0578, 0.0565, 0.0593, 0.0564, 0.0602, 0.0584, 0.0585, 0.0596, 0.0571, 0.0567, 0.0558, 0.057, 0.0579, 0.0575, 0.0577, 0.0559, 0.0585, 0.0578], 'pcc': [0.6162, 0.6262, 0.6411, 0.6631, 0.6876, 0.7212, 0.7506, 0.7735, 0.7968, 0.8126, 0.8332, 0.8451, 0.8533, 0.8666, 0.8757, 0.8863, 0.8941, 0.8987, 0.905, 0.9129, 0.9164, 0.9232, 0.9241, 0.9276, 0.9308, 0.935, 0.9362, 0.9402, 0.9438, 0.9444, 0.9469, 0.9491, 0.9497, 0.9525, 0.9527, 0.9528, 0.9545, 0.9561, 0.9559, 0.957, 0.9586, 0.9587, 0.9611, 0.9632, 0.9649, 0.9636, 0.9648, 0.9656, 0.9661, 0.9664, 0.9679, 0.9704, 0.9699, 0.9706, 0.9709, 0.9728, 0.9721, 0.9724, 0.972, 0.9738, 0.9734, 0.9742, 0.974, 0.9725, 0.9748, 0.9755, 0.9754, 0.9761, 0.9756, 0.9752, 0.9766, 0.9767, 0.9763, 0.9785, 0.9778, 0.9782, 0.979, 0.9786, 0.9761, 0.978, 0.9786, 0.978, 0.9785, 0.9795, 0.9793, 0.9787, 0.9804, 0.9802, 0.979, 0.9807, 0.9809, 0.9807, 0.9814, 0.981, 0.9792, 0.9805, 0.981, 0.9792, 0.9815, 0.9816, 0.9798, 0.9818, 0.9817, 0.9814, 0.9821, 0.981, 0.9812, 0.9811, 0.9806, 0.9819, 0.9818, 0.9822, 0.9825, 0.9818, 0.9826, 0.9817, 0.9829, 0.9811, 0.9818], 'loss': [2.504183041090603, 2.338110290958165, 2.232887854232021, 2.0449690239639065, 1.9271533431308874, 1.7227446667686461, 1.549759958754348, 1.4178269642958312, 1.279913333502748, 1.2014000538849172, 1.0540790690603927, 0.9931462933977839, 0.9560371142730201, 0.870816823066829, 0.7975304799923206, 0.7270140506448144, 0.687522983914893, 0.6625109243339521, 0.6270281843645841, 0.5436784893648378, 0.5391611748440868, 0.5251109989023415, 0.5184483665394195, 0.5377944158836738, 0.53523914711349, 0.4660884538123656, 0.47971299982012905, 0.4423633329516685, 0.45553095381649944, 0.4335046909319548, 0.4402865616910088, 0.3710340985584264, 0.4191479213795333, 0.36337914955654194, 0.3507430293791871, 0.43655241107809584, 0.376131915399602, 0.32736117494016476, 0.3829666314152451, 0.3413360503629462, 0.33063744168012654, 0.3034142142571376, 0.2934254859924052, 0.27004385642932877, 0.2498061248509838, 0.2847707353372183, 0.24917616439172108, 0.26082783987741986, 0.2609817761286285, 0.26252210493213385, 0.22677687208393618, 0.22661331633501322, 0.2308590926745257, 0.20202387970490063, 0.199555309417792, 0.2156295976672096, 0.21287705903053908, 0.1938302546542556, 0.20122592915711282, 0.20304504309881574, 0.19867727679344577, 0.19386779721359557, 0.2040592514760734, 0.21063228939698156, 0.17832069497272413, 0.1748297105257658, 0.1806990754150023, 0.18916961796315687, 0.18052221463077517, 0.18441582963180617, 0.16912003428884761, 0.17583083131853405, 0.18145034216102815, 0.1515740918529968, 0.17692367087466554, 0.14995421840438394, 0.1561955812232518, 0.16178844676801707, 0.16537507017404082, 0.1686489674570836, 0.14661898229978312, 0.16241612477666498, 0.15487814399818536, 0.1425918619621752, 0.16008669474924053, 0.17411735093481687, 0.13542118543119167, 0.13582332552652074, 0.15021696022351383, 0.14196417090964283, 0.1411326633404765, 0.1305797680654744, 0.12710445904718073, 0.13519897311751744, 0.14611050419164806, 0.1408475838616525, 0.1362208112008456, 0.14225220386949744, 0.13189492739914388, 0.1297516621238698, 0.15004222254540064, 0.12758790868949055, 0.13418042338655164, 0.14903604175217544, 0.13615797743200886, 0.14941028243667007, 0.13253738996428785, 0.13737168396442537, 0.13983368962978288, 0.1327065524206795, 0.13285876437413047, 0.12286558353575094, 0.12376112263674492, 0.12350819484267415, 0.12156663879224204, 0.1306053910464393, 0.12939592733090902, 0.131256194967773, 0.12758790868949055]}, 'val': {'msle': [2.3271, 2.1867, 2.1092, 1.9909, 1.9482, 1.8792, 1.8235, 1.8031, 1.7823, 1.7884, 1.7441, 1.7371, 1.7558, 1.7447, 1.7377, 1.712, 1.7229, 1.7283, 1.746, 1.6968, 1.7015, 1.7002, 1.7079, 1.7531, 1.7561, 1.7253, 1.7413, 1.72, 1.7557, 1.712, 1.7339, 1.6936, 1.7387, 1.7185, 1.7119, 1.7478, 1.7025, 1.6871, 1.7129, 1.6907, 1.6863, 1.6827, 1.6695, 1.6585, 1.6628, 1.688, 1.669, 1.6556, 1.6532, 1.6583, 1.65, 1.6399, 1.6442, 1.6376, 1.617, 1.6373, 1.6224, 1.6284, 1.6223, 1.6269, 1.6223, 1.6287, 1.6323, 1.6392, 1.6035, 1.6123, 1.6143, 1.6194, 1.6119, 1.6016, 1.6115, 1.6135, 1.6105, 1.6058, 1.6023, 1.5901, 1.5949, 1.619, 1.6207, 1.6109, 1.6069, 1.6008, 1.5968, 1.5938, 1.5917, 1.6043, 1.5851, 1.5844, 1.5909, 1.5776, 1.5863, 1.5834, 1.5919, 1.5937, 1.5967, 1.5823, 1.5976, 1.5997, 1.5738, 1.5888, 1.5709, 1.5691, 1.5792, 1.574, 1.5787, 1.5917, 1.58, 1.5818, 1.5989, 1.5762, 1.5728, 1.582, 1.5738, 1.571, 1.5771, 1.5685, 1.5789, 1.5868, 1.5691], 'male': [1.2154, 1.1719, 1.1472, 1.1108, 1.0985, 1.0763, 1.0616, 1.0553, 1.0525, 1.0562, 1.0399, 1.0353, 1.0428, 1.039, 1.0326, 1.027, 1.0308, 1.0308, 1.0327, 1.0215, 1.0204, 1.0195, 1.0226, 1.0336, 1.0366, 1.0248, 1.0261, 1.0225, 1.0316, 1.0166, 1.0272, 1.013, 1.026, 1.0211, 1.0168, 1.0276, 1.0177, 1.0124, 1.0234, 1.0153, 1.013, 1.0123, 1.0057, 1.0017, 1.004, 1.0116, 1.007, 1.0007, 1.0022, 1.0003, 0.9995, 0.9928, 0.9972, 0.9938, 0.988, 0.9958, 0.9891, 0.992, 0.9893, 0.9897, 0.9887, 0.9931, 0.9912, 0.9933, 0.9827, 0.9841, 0.9873, 0.9877, 0.9847, 0.9821, 0.9868, 0.9862, 0.985, 0.9816, 0.9804, 0.977, 0.9795, 0.9856, 0.9896, 0.9857, 0.9838, 0.9839, 0.9813, 0.9799, 0.9791, 0.9828, 0.9765, 0.9774, 0.9791, 0.9746, 0.9779, 0.9776, 0.979, 0.9796, 0.9829, 0.9775, 0.9804, 0.9825, 0.9745, 0.9779, 0.9744, 0.9727, 0.9741, 0.9745, 0.9747, 0.979, 0.9761, 0.9749, 0.9814, 0.9739, 0.9721, 0.9761, 0.9742, 0.973, 0.9746, 0.9732, 0.9746, 0.9786, 0.9727], 'mape': [0.2878, 0.2842, 0.2815, 0.2805, 0.2772, 0.2787, 0.2774, 0.273, 0.2684, 0.2666, 0.2665, 0.2621, 0.2622, 0.2597, 0.2609, 0.2578, 0.2571, 0.2558, 0.2651, 0.2581, 0.2582, 0.2514, 0.253, 0.2523, 0.2511, 0.2538, 0.2552, 0.2525, 0.2523, 0.2502, 0.2505, 0.2524, 0.2514, 0.2519, 0.2535, 0.2483, 0.2504, 0.2531, 0.2483, 0.2501, 0.2504, 0.2563, 0.252, 0.2511, 0.2553, 0.2539, 0.2548, 0.2523, 0.2496, 0.2497, 0.2539, 0.2493, 0.2504, 0.2546, 0.252, 0.2484, 0.2493, 0.2522, 0.2518, 0.2502, 0.2498, 0.2515, 0.2499, 0.2519, 0.253, 0.2514, 0.2518, 0.2496, 0.2512, 0.2509, 0.2517, 0.2517, 0.2507, 0.2544, 0.2496, 0.2516, 0.2497, 0.2518, 0.2566, 0.2502, 0.2563, 0.251, 0.2531, 0.2536, 0.2489, 0.2498, 0.252, 0.2526, 0.2532, 0.2512, 0.2506, 0.2532, 0.2559, 0.2557, 0.2543, 0.2514, 0.2552, 0.2575, 0.2515, 0.2527, 0.2512, 0.2515, 0.2532, 0.2497, 0.251, 0.2499, 0.2527, 0.2512, 0.258, 0.2536, 0.2535, 0.2543, 0.2557, 0.2531, 0.2561, 0.2525, 0.2517, 0.2557, 0.2515], 'pcc': [0.6166, 0.6227, 0.6307, 0.6427, 0.6535, 0.6647, 0.6763, 0.6832, 0.693, 0.6974, 0.7026, 0.7065, 0.706, 0.7114, 0.7111, 0.7162, 0.7181, 0.7182, 0.7185, 0.7199, 0.7221, 0.7226, 0.7225, 0.7245, 0.7254, 0.7261, 0.7233, 0.7263, 0.7263, 0.7278, 0.7286, 0.7261, 0.7271, 0.7251, 0.7238, 0.729, 0.7249, 0.7267, 0.7273, 0.7275, 0.7277, 0.7268, 0.7253, 0.7264, 0.7273, 0.7271, 0.7261, 0.7262, 0.7283, 0.728, 0.7265, 0.7293, 0.7298, 0.7273, 0.7291, 0.7292, 0.7289, 0.7282, 0.7282, 0.7292, 0.7287, 0.7278, 0.7277, 0.725, 0.729, 0.7287, 0.7289, 0.7288, 0.7295, 0.7294, 0.7277, 0.7283, 0.7299, 0.7276, 0.7282, 0.7287, 0.7291, 0.7287, 0.7265, 0.7291, 0.7275, 0.7296, 0.7289, 0.7298, 0.7299, 0.7294, 0.731, 0.7315, 0.7278, 0.7291, 0.7301, 0.7298, 0.7305, 0.7304, 0.7289, 0.7295, 0.7275, 0.7284, 0.7311, 0.7308, 0.7309, 0.7311, 0.7308, 0.7301, 0.7302, 0.7292, 0.7298, 0.7304, 0.7297, 0.7303, 0.7301, 0.7298, 0.7312, 0.7309, 0.7297, 0.7309, 0.7304, 0.7299, 0.7311], 'loss': [2.390069070628221, 2.2540442756162333, 2.1856654060345564, 2.071160970297543, 2.0318953133964817, 1.968246535524545, 1.9080328213564002, 1.8887787160481595, 1.8695477531081142, 1.875514084675974, 1.8311003519693385, 1.8294576406634755, 1.8499245172336176, 1.8373923452257708, 1.8313630751053303, 1.7998929881044499, 1.8137294880942298, 1.8159878799644085, 1.8354044341331348, 1.7846813796823602, 1.7879620778224705, 1.7982149227393185, 1.8017355348381403, 1.8596915969591483, 1.8597235583430338, 1.8286875955583042, 1.8490401153250098, 1.8191217651140092, 1.8667734001412573, 1.8211415954901926, 1.8459218208668158, 1.790548218947011, 1.853395093917471, 1.8202636903169767, 1.812590658116965, 1.8590092706103816, 1.8014161185918747, 1.7780685963521525, 1.8082060694573017, 1.7828960371836418, 1.781905703603424, 1.775034456285886, 1.7662360476025731, 1.7474941145988763, 1.7527853583341377, 1.7835355992829898, 1.7552129402391385, 1.747611914848795, 1.7426712473766526, 1.748624926048208, 1.738442283229146, 1.7309685078222476, 1.7367905914787116, 1.727508996763041, 1.7003583914690226, 1.724084175816635, 1.708974855753105, 1.7135327812265482, 1.710097730781833, 1.7154903086633455, 1.710580224948823, 1.7149180037116643, 1.7231687261731552, 1.7299788783640715, 1.6876436440155835, 1.6993935818375743, 1.7002978205987835, 1.7072061721106924, 1.6967975216375608, 1.687011140211873, 1.6921491183095942, 1.6981719039586072, 1.6946893585198828, 1.6892422347227742, 1.6863896295226397, 1.6691725432646272, 1.6745126794363157, 1.7036022683073209, 1.7027883841001172, 1.6950922772812929, 1.6865138475757182, 1.6809282627220914, 1.6752355899117264, 1.6707520813813326, 1.6720275969008256, 1.6897477018598175, 1.6643629416865495, 1.6629050196223312, 1.670285053167361, 1.6565116930607005, 1.662403499853043, 1.6590864609904585, 1.667156887067843, 1.6748408436622577, 1.6751399198609354, 1.6605399977794573, 1.6794559720583495, 1.6813655906060776, 1.6519373187179847, 1.6682933476738824, 1.6459613529557993, 1.6445121408583765, 1.6576736183435026, 1.6548042007753603, 1.6595261657399716, 1.6736494405858062, 1.6581672719905445, 1.6629934542661269, 1.681418544812474, 1.6566486573703394, 1.6510549611559338, 1.6586784604675289, 1.6491318976218776, 1.6448549954864833, 1.6551943495169854, 1.644646725984418, 1.6571969398858546, 1.6628259156839111, 1.6445121408583765]}, 'test': {'msle': [2.3355, 2.1872, 2.0999, 1.9806, 1.9347, 1.8577, 1.807, 1.7793, 1.7602, 1.7632, 1.7245, 1.7115, 1.7287, 1.7147, 1.7071, 1.6857, 1.6981, 1.6979, 1.7096, 1.6686, 1.6737, 1.6598, 1.6679, 1.7164, 1.7253, 1.6864, 1.6958, 1.6764, 1.7087, 1.672, 1.6883, 1.6447, 1.6805, 1.6585, 1.6555, 1.7024, 1.6586, 1.6422, 1.6695, 1.649, 1.6394, 1.6312, 1.6185, 1.6025, 1.6013, 1.6297, 1.6111, 1.5963, 1.5976, 1.6067, 1.5933, 1.5887, 1.5927, 1.5788, 1.5578, 1.5815, 1.5676, 1.571, 1.5667, 1.5706, 1.5679, 1.5705, 1.5716, 1.5764, 1.5491, 1.5545, 1.5609, 1.5646, 1.56, 1.5532, 1.5585, 1.5582, 1.552, 1.5452, 1.5472, 1.5331, 1.5393, 1.5543, 1.5618, 1.5493, 1.5461, 1.5458, 1.5362, 1.533, 1.5357, 1.5491, 1.5309, 1.5325, 1.5299, 1.5229, 1.5311, 1.5244, 1.5332, 1.5319, 1.5388, 1.5262, 1.5324, 1.5335, 1.5179, 1.5301, 1.5217, 1.5184, 1.5252, 1.5186, 1.5186, 1.528, 1.5182, 1.5193, 1.5354, 1.5148, 1.5148, 1.5213, 1.519, 1.5109, 1.5146, 1.512, 1.5188, 1.5252, 1.5184], 'male': [1.2231, 1.1765, 1.1459, 1.1065, 1.0919, 1.0631, 1.0478, 1.0405, 1.0361, 1.0394, 1.0246, 1.0198, 1.0273, 1.0238, 1.0177, 1.0134, 1.0192, 1.0187, 1.0179, 1.0063, 1.0061, 1.0038, 1.0074, 1.0223, 1.027, 1.0124, 1.0122, 1.0102, 1.0202, 1.0039, 1.0153, 0.9987, 1.0094, 1.0048, 1.0019, 1.0197, 1.0047, 0.9982, 1.0106, 1.0025, 0.9973, 0.9928, 0.9887, 0.9828, 0.9838, 0.9932, 0.987, 0.9819, 0.9845, 0.9849, 0.9805, 0.9786, 0.9817, 0.9742, 0.9677, 0.9787, 0.9723, 0.9742, 0.9709, 0.9724, 0.9722, 0.9733, 0.9715, 0.9733, 0.9638, 0.9664, 0.9706, 0.9705, 0.9675, 0.9659, 0.9691, 0.9698, 0.9668, 0.9618, 0.9631, 0.959, 0.9618, 0.9658, 0.9696, 0.9657, 0.9632, 0.9656, 0.9602, 0.9594, 0.9591, 0.9646, 0.9584, 0.9581, 0.9572, 0.9556, 0.9583, 0.9562, 0.957, 0.9567, 0.962, 0.9568, 0.9583, 0.9594, 0.954, 0.9579, 0.9572, 0.9548, 0.956, 0.9559, 0.9542, 0.9582, 0.9549, 0.9544, 0.9591, 0.9529, 0.9522, 0.9558, 0.9536, 0.9521, 0.9522, 0.9526, 0.9534, 0.9567, 0.9548], 'mape': [0.2897, 0.2853, 0.2812, 0.2797, 0.2762, 0.2763, 0.2748, 0.2702, 0.2654, 0.2634, 0.2632, 0.2588, 0.2589, 0.2565, 0.2577, 0.2551, 0.2551, 0.2536, 0.262, 0.2548, 0.2551, 0.2481, 0.2497, 0.2505, 0.2496, 0.2511, 0.2521, 0.2495, 0.25, 0.2476, 0.2479, 0.249, 0.2479, 0.2481, 0.2498, 0.2465, 0.247, 0.2494, 0.2452, 0.2469, 0.2463, 0.2513, 0.2473, 0.2458, 0.2495, 0.2489, 0.249, 0.2472, 0.2448, 0.2457, 0.2487, 0.2454, 0.246, 0.2491, 0.2465, 0.2439, 0.2449, 0.2474, 0.2468, 0.2457, 0.2454, 0.2462, 0.2448, 0.2464, 0.2477, 0.2466, 0.247, 0.2451, 0.2465, 0.2463, 0.2465, 0.2471, 0.2457, 0.2488, 0.2446, 0.2464, 0.2445, 0.2462, 0.2506, 0.2445, 0.2501, 0.2458, 0.2468, 0.2476, 0.2432, 0.2446, 0.2466, 0.2469, 0.2467, 0.2454, 0.2448, 0.2469, 0.2496, 0.2491, 0.2479, 0.2452, 0.2486, 0.2505, 0.2453, 0.2468, 0.2459, 0.2459, 0.2476, 0.244, 0.2447, 0.2437, 0.2462, 0.245, 0.2512, 0.2472, 0.2473, 0.248, 0.2494, 0.2467, 0.2492, 0.2464, 0.2454, 0.2488, 0.2459], 'pcc': [0.6156, 0.6235, 0.6336, 0.645, 0.6558, 0.6686, 0.6795, 0.6873, 0.6965, 0.7011, 0.7056, 0.7106, 0.7101, 0.7161, 0.7164, 0.7204, 0.7218, 0.7233, 0.7251, 0.7252, 0.7268, 0.7294, 0.7291, 0.7301, 0.7299, 0.7323, 0.7306, 0.7334, 0.7334, 0.7338, 0.7358, 0.7341, 0.7358, 0.7353, 0.7337, 0.7365, 0.7329, 0.7347, 0.735, 0.735, 0.7363, 0.736, 0.7348, 0.7367, 0.7383, 0.7373, 0.7369, 0.7365, 0.7382, 0.7368, 0.7367, 0.7384, 0.7389, 0.738, 0.7398, 0.7391, 0.7389, 0.7388, 0.7383, 0.7393, 0.7386, 0.7385, 0.7384, 0.7361, 0.7392, 0.7392, 0.7388, 0.7386, 0.7388, 0.7382, 0.7374, 0.7382, 0.7402, 0.7386, 0.7384, 0.7395, 0.7395, 0.7402, 0.7375, 0.7402, 0.7389, 0.7398, 0.7404, 0.7412, 0.7404, 0.7397, 0.7412, 0.7415, 0.7393, 0.7396, 0.7405, 0.7409, 0.7416, 0.7419, 0.7398, 0.7404, 0.7397, 0.7408, 0.7419, 0.7417, 0.7405, 0.741, 0.7412, 0.7408, 0.7418, 0.7412, 0.7416, 0.7422, 0.7418, 0.7421, 0.7415, 0.7415, 0.7419, 0.7426, 0.7419, 0.7419, 0.742, 0.7417, 0.741], 'loss': [2.3849306180879615, 2.235964710129922, 2.150641045158562, 2.028739535592633, 1.985308987974499, 1.901398914775004, 1.8453701612780078, 1.8171389531883582, 1.7958603227851622, 1.796387876471791, 1.7512987501234718, 1.747389845077182, 1.7603563718418516, 1.7477862904174246, 1.7346083836435875, 1.710478961360649, 1.7217662669375609, 1.7193338074438647, 1.7298600540370617, 1.691704773389043, 1.6935735619584238, 1.6889714947675574, 1.6987108648314784, 1.7515183637049467, 1.7547079522931224, 1.7105654290143655, 1.7192114093861834, 1.69724881051906, 1.7355218847581744, 1.698858964570608, 1.7209654728841588, 1.664539420368989, 1.7124855605636211, 1.6774391628867358, 1.6748729833682179, 1.7344895208836968, 1.67880664221155, 1.6558773002355731, 1.6936735943531125, 1.667003459554584, 1.65939921569098, 1.6449678939643773, 1.6379612685609648, 1.6155093022586577, 1.6103655503704648, 1.6438331460994138, 1.6185836382649066, 1.6089962601441106, 1.6103416626521525, 1.6205896429932662, 1.6011281485741304, 1.6038230428439335, 1.6048560184847975, 1.5874020040425145, 1.5663936813123225, 1.5902359140449613, 1.582528381247413, 1.5769488710772839, 1.5744322314673376, 1.5782954927886583, 1.5748456490985783, 1.5780015866482007, 1.5816737535850836, 1.584185966596696, 1.5537863228989544, 1.5596901219860695, 1.5659856271056485, 1.572444961698644, 1.5682632942261359, 1.5640424043946632, 1.5657750547715263, 1.5667707240406639, 1.5631844318590273, 1.5518870595705538, 1.5568113642419708, 1.5412270097009597, 1.5467262482472608, 1.5620535700167655, 1.568179869352683, 1.5580175436798693, 1.5523993347446428, 1.5541377337891211, 1.543518665099894, 1.5372444164343253, 1.541823740157305, 1.558095447734685, 1.5380193101630524, 1.5402041021691575, 1.5383643571676433, 1.5334402210466915, 1.538921630112985, 1.5320612639700748, 1.538950550050178, 1.540397698342127, 1.543548512960007, 1.5326363429504477, 1.5378099776475007, 1.540460974466003, 1.5267787070304415, 1.5369884937657132, 1.5302328537498073, 1.5288533485991873, 1.533247436803142, 1.5275533849363445, 1.5272045659231956, 1.53684527723254, 1.5252443135477016, 1.5280204200673853, 1.5447763572601054, 1.5262457956876043, 1.5240248012061033, 1.527925581636808, 1.5272455912071377, 1.5183924550950665, 1.5243236866551282, 1.5215625455385378, 1.5275836676003784, 1.5319525777862393, 1.5288533485991873]}}
2024-04-21 09:07:10,111 - root - INFO - Final: msle:1.5184 male:0.9548 mape:0.2459 pcc:0.7410
