2024-04-27 15:36:39,065 - root - INFO - Min time is 1332565200, Train time is 8, Val time is 12, Test time is 16, Time unit is 86400
2024-04-27 15:36:39,891 - root - INFO - Total Trans num is 602253, Train cas num is 13802, Val cas num is 2958, Test cas num is 2958
2024-04-27 15:36:39,891 - root - INFO - Time cost for loading data is 11.560746192932129s
2024-04-27 15:36:39,936 - root - INFO - {'dataset': 'twitter', 'bs': 50, 'prefix': 'std_twitter', 'epoch': 150, 'lr': 0.0001, 'run': 1, 'gpu': 1, 'node_dim': 64, 'time_dim': 16, 'patience': 15, 'dropout': 0.6, 'predictor': 'fusion', 'embedding_module': 'aggregate', 'single': False, 'use_static': True, 'use_dynamic': True, 'use_structural': True, 'use_temporal': True, 'lambda': 0.5, 'model_path': 'saved_models/std_twitter', 'result_path': 'results/std_twitter', 'log_path': 'log/std_twitter.log', 'observe_time': 2, 'predict_time': 500, 'time_unit': 86400, 'train_time': 8, 'val_time': 12, 'test_time': 16, 'min_cas_size': 11, 'max_cas_size': 100, 'max_time': {'user': 1, 'cas': 2}, 'node_num': {'user': 179288, 'cas': 19718}, 'max_global_time': 19.34800925925926}
2024-04-27 15:36:39,947 - root - INFO - begin runs:0
2024-04-27 15:36:41,880 - root - INFO - Start training citation
2024-04-27 15:36:41,882 - root - INFO - Epoch 0:
2024-04-27 16:25:31,631 - root - INFO - Epoch0: time_cost:1597.6788699626923 train_loss:6.679649567993873
2024-04-27 16:25:31,631 - root - INFO - train: loss:8.6900	msle:8.1905	male:2.2296	mape:0.4091	pcc:0.7693
2024-04-27 16:25:31,631 - root - INFO - val: loss:8.8575	msle:8.7403	male:2.2979	mape:0.4176	pcc:0.7351
2024-04-27 16:25:31,631 - root - INFO - test: loss:8.4476	msle:8.5025	male:2.2912	mape:0.4211	pcc:0.7527
2024-04-27 16:25:33,641 - root - INFO - Epoch 1:
2024-04-27 17:13:57,068 - root - INFO - Epoch1: time_cost:1579.626347541809 train_loss:4.389760916946569
2024-04-27 17:13:57,069 - root - INFO - train: loss:8.2514	msle:7.8454	male:2.1526	mape:0.3854	pcc:0.7823
2024-04-27 17:13:57,069 - root - INFO - val: loss:8.5946	msle:8.4582	male:2.2331	mape:0.3982	pcc:0.7485
2024-04-27 17:13:57,069 - root - INFO - test: loss:8.1473	msle:8.1589	male:2.2157	mape:0.3974	pcc:0.7654
2024-04-27 17:13:59,231 - root - INFO - Epoch 2:
2024-04-27 18:02:29,310 - root - INFO - Epoch2: time_cost:1581.5188102722168 train_loss:4.050174559940297
2024-04-27 18:02:29,310 - root - INFO - train: loss:7.2493	msle:6.7470	male:1.9605	mape:0.3568	pcc:0.8036
2024-04-27 18:02:29,310 - root - INFO - val: loss:7.7056	msle:7.4717	male:2.0583	mape:0.3736	pcc:0.7671
2024-04-27 18:02:29,310 - root - INFO - test: loss:7.2118	msle:7.1242	male:2.0351	mape:0.3715	pcc:0.7849
2024-04-27 18:02:31,539 - root - INFO - Epoch 3:
2024-04-27 18:51:06,128 - root - INFO - Epoch3: time_cost:1592.0558767318726 train_loss:3.88118389892856
2024-04-27 18:51:06,128 - root - INFO - train: loss:6.4813	msle:6.0704	male:1.8351	mape:0.3457	pcc:0.8094
2024-04-27 18:51:06,128 - root - INFO - val: loss:7.1805	msle:6.9240	male:1.9560	mape:0.3674	pcc:0.7696
2024-04-27 18:51:06,128 - root - INFO - test: loss:6.5398	msle:6.4364	male:1.9128	mape:0.3612	pcc:0.7916
2024-04-27 18:51:08,335 - root - INFO - Epoch 4:
2024-04-27 19:39:24,797 - root - INFO - Epoch4: time_cost:1571.4804198741913 train_loss:3.7543189860811523
2024-04-27 19:39:24,797 - root - INFO - train: loss:5.9585	msle:5.4064	male:1.6965	mape:0.3325	pcc:0.8177
2024-04-27 19:39:24,800 - root - INFO - val: loss:6.7681	msle:6.4259	male:1.8495	mape:0.3622	pcc:0.7715
2024-04-27 19:39:24,800 - root - INFO - test: loss:6.1027	msle:5.9052	male:1.7941	mape:0.3534	pcc:0.7940
2024-04-27 19:39:26,672 - root - INFO - Epoch 5:
2024-04-27 20:27:58,722 - root - INFO - Epoch5: time_cost:1584.0031952857971 train_loss:3.6490068945059697
2024-04-27 20:27:58,722 - root - INFO - train: loss:5.7227	msle:4.9795	male:1.5529	mape:0.3027	pcc:0.8269
2024-04-27 20:27:58,722 - root - INFO - val: loss:6.6416	msle:6.1940	male:1.7399	mape:0.3402	pcc:0.7751
2024-04-27 20:27:58,722 - root - INFO - test: loss:5.9255	msle:5.6267	male:1.6660	mape:0.3295	pcc:0.7977
2024-04-27 20:28:00,652 - root - INFO - Epoch 6:
2024-04-27 21:16:41,787 - root - INFO - Epoch6: time_cost:1587.7078592777252 train_loss:3.472706821258721
2024-04-27 21:16:41,787 - root - INFO - train: loss:5.6323	msle:4.9462	male:1.5475	mape:0.2933	pcc:0.8330
2024-04-27 21:16:41,787 - root - INFO - val: loss:6.8199	msle:6.3711	male:1.7627	mape:0.3382	pcc:0.7738
2024-04-27 21:16:41,787 - root - INFO - test: loss:6.0817	msle:5.7852	male:1.6893	mape:0.3266	pcc:0.7969
2024-04-27 21:16:43,004 - root - INFO - Epoch 7:
2024-04-27 22:04:47,277 - root - INFO - Epoch7: time_cost:1555.1297228336334 train_loss:3.335014479283272
2024-04-27 22:04:47,277 - root - INFO - train: loss:5.4929	msle:4.7283	male:1.4933	mape:0.2814	pcc:0.8392
2024-04-27 22:04:47,277 - root - INFO - val: loss:6.8993	msle:6.3976	male:1.7470	mape:0.3368	pcc:0.7693
2024-04-27 22:04:47,277 - root - INFO - test: loss:6.1190	msle:5.7850	male:1.6710	mape:0.3263	pcc:0.7932
2024-04-27 22:04:48,490 - root - INFO - Epoch 8:
2024-04-27 22:53:32,445 - root - INFO - Epoch8: time_cost:1592.8412532806396 train_loss:3.2335959159146923
2024-04-27 22:53:32,445 - root - INFO - train: loss:5.5368	msle:4.7488	male:1.4499	mape:0.2620	pcc:0.8411
2024-04-27 22:53:32,446 - root - INFO - val: loss:7.3787	msle:6.8191	male:1.7555	mape:0.3291	pcc:0.7612
2024-04-27 22:53:32,446 - root - INFO - test: loss:6.4102	msle:6.0506	male:1.6719	mape:0.3171	pcc:0.7888
2024-04-27 22:53:33,667 - root - INFO - Epoch 9:
2024-04-27 23:41:52,463 - root - INFO - Epoch9: time_cost:1572.4169614315033 train_loss:3.0919537739193395
2024-04-27 23:41:52,463 - root - INFO - train: loss:5.1482	msle:4.4423	male:1.4019	mape:0.2578	pcc:0.8478
2024-04-27 23:41:52,463 - root - INFO - val: loss:7.3633	msle:6.8027	male:1.7599	mape:0.3404	pcc:0.7562
2024-04-27 23:41:52,463 - root - INFO - test: loss:6.3206	msle:5.9848	male:1.6750	mape:0.3278	pcc:0.7858
2024-04-27 23:41:53,677 - root - INFO - Epoch 10:
2024-04-28 00:30:14,536 - root - INFO - Epoch10: time_cost:1573.7579364776611 train_loss:2.859026301421968
2024-04-28 00:30:14,536 - root - INFO - train: loss:4.9054	msle:4.2570	male:1.3661	mape:0.2505	pcc:0.8570
2024-04-28 00:30:14,536 - root - INFO - val: loss:7.2964	msle:6.7666	male:1.7511	mape:0.3404	pcc:0.7623
2024-04-28 00:30:14,536 - root - INFO - test: loss:6.2306	msle:5.9170	male:1.6655	mape:0.3258	pcc:0.7923
2024-04-28 00:30:15,750 - root - INFO - Epoch 11:
2024-04-28 01:18:45,849 - root - INFO - Epoch11: time_cost:1579.5003972053528 train_loss:2.7052139925364656
2024-04-28 01:18:45,849 - root - INFO - train: loss:4.7118	msle:4.1289	male:1.3427	mape:0.2436	pcc:0.8609
2024-04-28 01:18:45,849 - root - INFO - val: loss:7.2743	msle:6.7924	male:1.7649	mape:0.3437	pcc:0.7594
2024-04-28 01:18:45,849 - root - INFO - test: loss:6.2937	msle:5.9947	male:1.6816	mape:0.3320	pcc:0.7876
2024-04-28 01:18:47,065 - root - INFO - Epoch 12:
2024-04-28 02:07:08,681 - root - INFO - Epoch12: time_cost:1568.6444265842438 train_loss:2.571753374437834
2024-04-28 02:07:08,682 - root - INFO - train: loss:4.3799	msle:3.7755	male:1.2549	mape:0.2271	pcc:0.8741
2024-04-28 02:07:08,682 - root - INFO - val: loss:7.2688	msle:6.6998	male:1.7256	mape:0.3366	pcc:0.7631
2024-04-28 02:07:08,682 - root - INFO - test: loss:6.2747	msle:5.9485	male:1.6508	mape:0.3273	pcc:0.7900
2024-04-28 02:07:09,902 - root - INFO - Epoch 13:
2024-04-28 02:56:00,545 - root - INFO - Epoch13: time_cost:1602.823729276657 train_loss:2.447951277901381
2024-04-28 02:56:00,545 - root - INFO - train: loss:3.8854	msle:3.4322	male:1.2102	mape:0.2229	pcc:0.8845
2024-04-28 02:56:00,545 - root - INFO - val: loss:6.9620	msle:6.4796	male:1.7086	mape:0.3438	pcc:0.7688
2024-04-28 02:56:00,545 - root - INFO - test: loss:6.0490	msle:5.7549	male:1.6395	mape:0.3337	pcc:0.7953
2024-04-28 02:56:01,758 - root - INFO - Epoch 14:
2024-04-28 03:44:18,823 - root - INFO - Epoch14: time_cost:1568.7096738815308 train_loss:2.287156183089981
2024-04-28 03:44:18,823 - root - INFO - train: loss:3.8413	msle:3.4009	male:1.2085	mape:0.2200	pcc:0.8873
2024-04-28 03:44:18,824 - root - INFO - val: loss:7.0328	msle:6.5683	male:1.7329	mape:0.3492	pcc:0.7683
2024-04-28 03:44:18,824 - root - INFO - test: loss:6.1125	msle:5.8028	male:1.6459	mape:0.3320	pcc:0.7963
2024-04-28 03:44:20,040 - root - INFO - Epoch 15:
2024-04-28 04:32:57,259 - root - INFO - Epoch15: time_cost:1587.4997596740723 train_loss:2.131473639015387
2024-04-28 04:32:57,259 - root - INFO - train: loss:3.3827	msle:3.0665	male:1.1377	mape:0.2089	pcc:0.9003
2024-04-28 04:32:57,260 - root - INFO - val: loss:6.9205	msle:6.4689	male:1.7026	mape:0.3478	pcc:0.7747
2024-04-28 04:32:57,260 - root - INFO - test: loss:6.0134	msle:5.7449	male:1.6298	mape:0.3344	pcc:0.8005
2024-04-28 04:32:58,529 - root - INFO - Epoch 16:
2024-04-28 05:21:12,329 - root - INFO - Epoch16: time_cost:1564.7638924121857 train_loss:1.945057675264111
2024-04-28 05:21:12,329 - root - INFO - train: loss:3.4355	msle:3.0656	male:1.1337	mape:0.2050	pcc:0.8997
2024-04-28 05:21:12,329 - root - INFO - val: loss:7.0218	msle:6.5751	male:1.7255	mape:0.3522	pcc:0.7705
2024-04-28 05:21:12,329 - root - INFO - test: loss:6.0386	msle:5.7402	male:1.6272	mape:0.3354	pcc:0.7991
2024-04-28 05:21:13,542 - root - INFO - Epoch 17:
2024-04-28 06:09:31,848 - root - INFO - Epoch17: time_cost:1574.1062154769897 train_loss:1.8313058545118042
2024-04-28 06:09:31,848 - root - INFO - train: loss:3.1020	msle:2.6926	male:1.0498	mape:0.1903	pcc:0.9096
2024-04-28 06:09:31,849 - root - INFO - val: loss:6.7475	msle:6.2743	male:1.6775	mape:0.3430	pcc:0.7757
2024-04-28 06:09:31,849 - root - INFO - test: loss:5.8607	msle:5.5421	male:1.5955	mape:0.3291	pcc:0.8017
2024-04-28 06:09:33,067 - root - INFO - Epoch 18:
2024-04-28 06:58:10,294 - root - INFO - Epoch18: time_cost:1582.941614151001 train_loss:1.7838923435284548
2024-04-28 06:58:10,294 - root - INFO - train: loss:2.7137	msle:2.5645	male:1.0663	mape:0.1986	pcc:0.9174
2024-04-28 06:58:10,294 - root - INFO - val: loss:6.6386	msle:6.2870	male:1.7269	mape:0.3805	pcc:0.7765
2024-04-28 06:58:10,294 - root - INFO - test: loss:5.8632	msle:5.6429	male:1.6523	mape:0.3658	pcc:0.7992
2024-04-28 06:58:11,515 - root - INFO - Epoch 19:
2024-04-28 07:46:25,958 - root - INFO - Epoch19: time_cost:1569.274430513382 train_loss:1.6700466156222311
2024-04-28 07:46:25,959 - root - INFO - train: loss:2.8661	msle:2.5408	male:1.0403	mape:0.1856	pcc:0.9169
2024-04-28 07:46:25,959 - root - INFO - val: loss:6.6826	msle:6.2298	male:1.6809	mape:0.3428	pcc:0.7788
2024-04-28 07:46:25,959 - root - INFO - test: loss:5.9062	msle:5.6077	male:1.6140	mape:0.3297	pcc:0.8011
2024-04-28 07:46:27,174 - root - INFO - Epoch 20:
2024-04-28 08:34:51,121 - root - INFO - Epoch20: time_cost:1573.5819263458252 train_loss:1.5817726780151444
2024-04-28 08:34:51,121 - root - INFO - train: loss:2.6716	msle:2.2923	male:0.9552	mape:0.1726	pcc:0.9232
2024-04-28 08:34:51,121 - root - INFO - val: loss:6.6799	msle:6.1829	male:1.6516	mape:0.3343	pcc:0.7765
2024-04-28 08:34:51,121 - root - INFO - test: loss:5.7688	msle:5.4340	male:1.5625	mape:0.3180	pcc:0.8046
2024-04-28 08:34:53,091 - root - INFO - Epoch 21:
2024-04-28 09:23:37,884 - root - INFO - Epoch21: time_cost:1588.791989326477 train_loss:1.5106494268342736
2024-04-28 09:23:37,884 - root - INFO - train: loss:2.3080	msle:1.9781	male:0.8965	mape:0.1654	pcc:0.9324
2024-04-28 09:23:37,884 - root - INFO - val: loss:6.3487	msle:5.9033	male:1.6281	mape:0.3425	pcc:0.7822
2024-04-28 09:23:37,884 - root - INFO - test: loss:5.5517	msle:5.2560	male:1.5462	mape:0.3277	pcc:0.8066
2024-04-28 09:23:39,774 - root - INFO - Epoch 22:
2024-04-28 10:11:59,300 - root - INFO - Epoch22: time_cost:1561.6920804977417 train_loss:1.387545204012784
2024-04-28 10:11:59,301 - root - INFO - train: loss:2.1610	msle:1.9871	male:0.9162	mape:0.1712	pcc:0.9326
2024-04-28 10:11:59,301 - root - INFO - val: loss:6.2790	msle:5.9039	male:1.6529	mape:0.3656	pcc:0.7821
2024-04-28 10:11:59,301 - root - INFO - test: loss:5.6109	msle:5.3202	male:1.5800	mape:0.3488	pcc:0.8041
2024-04-28 10:12:00,517 - root - INFO - Epoch 23:
2024-04-28 11:00:41,107 - root - INFO - Epoch23: time_cost:1591.0015256404877 train_loss:1.330738771038648
2024-04-28 11:00:41,108 - root - INFO - train: loss:1.9302	msle:1.6956	male:0.8497	mape:0.1588	pcc:0.9407
2024-04-28 11:00:41,108 - root - INFO - val: loss:6.0252	msle:5.6363	male:1.6183	mape:0.3581	pcc:0.7860
2024-04-28 11:00:41,108 - root - INFO - test: loss:5.3662	msle:5.0961	male:1.5644	mape:0.3459	pcc:0.8068
2024-04-28 11:00:43,180 - root - INFO - Epoch 24:
2024-04-28 11:48:58,193 - root - INFO - Epoch24: time_cost:1572.576060295105 train_loss:1.2740308938512939
2024-04-28 11:48:58,193 - root - INFO - train: loss:2.1993	msle:1.9449	male:0.9069	mape:0.1645	pcc:0.9360
2024-04-28 11:48:58,193 - root - INFO - val: loss:6.5496	msle:6.1329	male:1.6645	mape:0.3567	pcc:0.7772
2024-04-28 11:48:58,193 - root - INFO - test: loss:5.8601	msle:5.5489	male:1.6012	mape:0.3428	pcc:0.7987
2024-04-28 11:48:59,407 - root - INFO - Epoch 25:
2024-04-28 12:37:23,654 - root - INFO - Epoch25: time_cost:1577.127492904663 train_loss:1.1866785083170388
2024-04-28 12:37:23,654 - root - INFO - train: loss:2.0483	msle:1.7930	male:0.8640	mape:0.1579	pcc:0.9412
2024-04-28 12:37:23,654 - root - INFO - val: loss:6.5057	msle:6.0512	male:1.6386	mape:0.3446	pcc:0.7815
2024-04-28 12:37:23,654 - root - INFO - test: loss:5.6503	msle:5.3651	male:1.5729	mape:0.3283	pcc:0.8066
2024-04-28 12:37:24,876 - root - INFO - Epoch 26:
2024-04-28 13:25:39,152 - root - INFO - Epoch26: time_cost:1569.0139751434326 train_loss:1.1414900153762497
2024-04-28 13:25:39,152 - root - INFO - train: loss:2.5674	msle:2.1873	male:0.9546	mape:0.1678	pcc:0.9313
2024-04-28 13:25:39,152 - root - INFO - val: loss:6.7773	msle:6.3067	male:1.6778	mape:0.3316	pcc:0.7773
2024-04-28 13:25:39,152 - root - INFO - test: loss:6.1404	msle:5.7943	male:1.6321	mape:0.3213	pcc:0.7975
2024-04-28 13:25:40,365 - root - INFO - Epoch 27:
2024-04-28 14:14:07,999 - root - INFO - Epoch27: time_cost:1574.590485572815 train_loss:1.0547113682443074
2024-04-28 14:14:08,000 - root - INFO - train: loss:1.6816	msle:1.5151	male:0.8139	mape:0.1535	pcc:0.9508
2024-04-28 14:14:08,000 - root - INFO - val: loss:5.9699	msle:5.6247	male:1.6154	mape:0.3636	pcc:0.7932
2024-04-28 14:14:08,000 - root - INFO - test: loss:5.3731	msle:5.0885	male:1.5461	mape:0.3484	pcc:0.8121
2024-04-28 14:14:09,923 - root - INFO - Epoch 28:
2024-04-28 15:02:21,954 - root - INFO - Epoch28: time_cost:1566.2557034492493 train_loss:1.045690034019365
2024-04-28 15:02:21,955 - root - INFO - train: loss:1.6163	msle:1.4338	male:0.7855	mape:0.1437	pcc:0.9526
2024-04-28 15:02:21,955 - root - INFO - val: loss:5.9684	msle:5.5855	male:1.5957	mape:0.3391	pcc:0.7931
2024-04-28 15:02:21,955 - root - INFO - test: loss:5.3471	msle:5.0779	male:1.5344	mape:0.3258	pcc:0.8129
2024-04-28 15:02:24,048 - root - INFO - Epoch 29:
2024-04-28 15:50:47,755 - root - INFO - Epoch29: time_cost:1575.544523715973 train_loss:0.9619351420151823
2024-04-28 15:50:47,756 - root - INFO - train: loss:1.6644	msle:1.5114	male:0.8159	mape:0.1541	pcc:0.9483
2024-04-28 15:50:47,756 - root - INFO - val: loss:5.9622	msle:5.6151	male:1.6214	mape:0.3630	pcc:0.7872
2024-04-28 15:50:47,756 - root - INFO - test: loss:5.5139	msle:5.2104	male:1.5727	mape:0.3548	pcc:0.8029
2024-04-28 15:50:48,968 - root - INFO - Epoch 30:
2024-04-28 16:38:55,715 - root - INFO - Epoch30: time_cost:1559.1970143318176 train_loss:0.9314191441596321
2024-04-28 16:38:55,715 - root - INFO - train: loss:1.7373	msle:1.6324	male:0.8392	mape:0.1566	pcc:0.9505
2024-04-28 16:38:55,716 - root - INFO - val: loss:6.2123	msle:5.8874	male:1.6664	mape:0.3842	pcc:0.7862
2024-04-28 16:38:55,716 - root - INFO - test: loss:5.7540	msle:5.4630	male:1.6194	mape:0.3741	pcc:0.8019
2024-04-28 16:38:56,927 - root - INFO - Epoch 31:
2024-04-28 17:27:31,983 - root - INFO - Epoch31: time_cost:1590.217903137207 train_loss:0.898026809497075
2024-04-28 17:27:31,983 - root - INFO - train: loss:1.9086	msle:1.7260	male:0.8671	mape:0.1550	pcc:0.9471
2024-04-28 17:27:31,983 - root - INFO - val: loss:6.5226	msle:6.1327	male:1.6781	mape:0.3577	pcc:0.7805
2024-04-28 17:27:31,983 - root - INFO - test: loss:5.8647	msle:5.6253	male:1.6281	mape:0.3456	pcc:0.7999
2024-04-28 17:27:33,204 - root - INFO - Epoch 32:
2024-04-28 18:15:56,355 - root - INFO - Epoch32: time_cost:1577.6617314815521 train_loss:0.8814162775731579
2024-04-28 18:15:56,355 - root - INFO - train: loss:1.5122	msle:1.3982	male:0.7594	mape:0.1398	pcc:0.9586
2024-04-28 18:15:56,355 - root - INFO - val: loss:5.8636	msle:5.5267	male:1.5821	mape:0.3587	pcc:0.7998
2024-04-28 18:15:56,355 - root - INFO - test: loss:5.2821	msle:5.0467	male:1.5306	mape:0.3494	pcc:0.8177
2024-04-28 18:15:58,256 - root - INFO - Epoch 33:
2024-04-28 19:04:06,089 - root - INFO - Epoch33: time_cost:1565.8918542861938 train_loss:0.8404539309655787
2024-04-28 19:04:06,090 - root - INFO - train: loss:1.6421	msle:1.4520	male:0.8054	mape:0.1459	pcc:0.9539
2024-04-28 19:04:06,090 - root - INFO - val: loss:6.0848	msle:5.7148	male:1.6210	mape:0.3364	pcc:0.7909
2024-04-28 19:04:06,090 - root - INFO - test: loss:5.5478	msle:5.2752	male:1.5679	mape:0.3273	pcc:0.8084
2024-04-28 19:04:07,308 - root - INFO - Epoch 34:
2024-04-28 19:53:12,661 - root - INFO - Epoch34: time_cost:1607.6066744327545 train_loss:0.804920460530047
2024-04-28 19:53:12,661 - root - INFO - train: loss:1.3688	msle:1.2045	male:0.7094	mape:0.1319	pcc:0.9594
2024-04-28 19:53:12,661 - root - INFO - val: loss:5.9008	msle:5.5143	male:1.5900	mape:0.3517	pcc:0.7913
2024-04-28 19:53:12,661 - root - INFO - test: loss:5.3171	msle:5.0077	male:1.5289	mape:0.3387	pcc:0.8114
2024-04-28 19:53:14,666 - root - INFO - Epoch 35:
2024-04-28 20:40:49,209 - root - INFO - Epoch35: time_cost:1519.1493785381317 train_loss:0.8076611092769909
2024-04-28 20:40:49,209 - root - INFO - train: loss:1.2447	msle:1.1070	male:0.6855	mape:0.1293	pcc:0.9629
2024-04-28 20:40:49,210 - root - INFO - val: loss:5.7499	msle:5.3885	male:1.5718	mape:0.3591	pcc:0.7957
2024-04-28 20:40:49,210 - root - INFO - test: loss:5.1975	msle:4.8800	male:1.4981	mape:0.3427	pcc:0.8156
2024-04-28 20:40:51,126 - root - INFO - Epoch 36:
2024-04-28 21:29:31,672 - root - INFO - Epoch36: time_cost:1589.533392906189 train_loss:0.759620910045931
2024-04-28 21:29:31,673 - root - INFO - train: loss:1.3891	msle:1.2218	male:0.7181	mape:0.1307	pcc:0.9605
2024-04-28 21:29:31,673 - root - INFO - val: loss:5.9925	msle:5.5970	male:1.5885	mape:0.3373	pcc:0.7939
2024-04-28 21:29:31,673 - root - INFO - test: loss:5.2834	msle:5.0322	male:1.5158	mape:0.3240	pcc:0.8158
2024-04-28 21:29:32,888 - root - INFO - Epoch 37:
2024-04-28 22:17:49,518 - root - INFO - Epoch37: time_cost:1577.1769318580627 train_loss:0.7148291238374475
2024-04-28 22:17:49,518 - root - INFO - train: loss:1.1793	msle:1.0091	male:0.6374	mape:0.1201	pcc:0.9652
2024-04-28 22:17:49,518 - root - INFO - val: loss:5.7050	msle:5.3391	male:1.5642	mape:0.3524	pcc:0.7951
2024-04-28 22:17:49,518 - root - INFO - test: loss:5.0694	msle:4.7838	male:1.4958	mape:0.3403	pcc:0.8172
2024-04-28 22:17:51,284 - root - INFO - Epoch 38:
2024-04-28 23:06:06,302 - root - INFO - Epoch38: time_cost:1572.490324497223 train_loss:0.7317124236977589
2024-04-28 23:06:06,302 - root - INFO - train: loss:1.2147	msle:1.0806	male:0.6871	mape:0.1275	pcc:0.9634
2024-04-28 23:06:06,302 - root - INFO - val: loss:5.7912	msle:5.4372	male:1.6116	mape:0.3659	pcc:0.7904
2024-04-28 23:06:06,302 - root - INFO - test: loss:5.1283	msle:4.8707	male:1.5372	mape:0.3501	pcc:0.8131
2024-04-28 23:06:07,556 - root - INFO - Epoch 39:
2024-04-28 23:54:42,550 - root - INFO - Epoch39: time_cost:1583.5079112052917 train_loss:0.6817909031931217
2024-04-28 23:54:42,550 - root - INFO - train: loss:1.1708	msle:1.0829	male:0.6937	mape:0.1284	pcc:0.9630
2024-04-28 23:54:42,550 - root - INFO - val: loss:5.6565	msle:5.3228	male:1.5904	mape:0.3618	pcc:0.7948
2024-04-28 23:54:42,550 - root - INFO - test: loss:5.1240	msle:4.8670	male:1.5349	mape:0.3522	pcc:0.8132
2024-04-28 23:54:44,398 - root - INFO - Epoch 40:
2024-04-29 00:43:19,897 - root - INFO - Epoch40: time_cost:1574.9198303222656 train_loss:0.6432130576464169
2024-04-29 00:43:19,898 - root - INFO - train: loss:1.4103	msle:1.1982	male:0.7083	mape:0.1289	pcc:0.9612
2024-04-29 00:43:19,898 - root - INFO - val: loss:5.9959	msle:5.6036	male:1.5822	mape:0.3352	pcc:0.7938
2024-04-29 00:43:19,898 - root - INFO - test: loss:5.3367	msle:5.0707	male:1.5207	mape:0.3244	pcc:0.8144
2024-04-29 00:43:21,104 - root - INFO - Epoch 41:
2024-04-29 01:32:22,483 - root - INFO - Epoch41: time_cost:1586.6445288658142 train_loss:0.6461806522573619
2024-04-29 01:32:22,483 - root - INFO - train: loss:1.1650	msle:1.0527	male:0.6575	mape:0.1209	pcc:0.9653
2024-04-29 01:32:22,483 - root - INFO - val: loss:5.6334	msle:5.3088	male:1.5599	mape:0.3496	pcc:0.7993
2024-04-29 01:32:22,483 - root - INFO - test: loss:5.1078	msle:4.8677	male:1.5031	mape:0.3384	pcc:0.8171
2024-04-29 01:32:24,494 - root - INFO - Epoch 42:
2024-04-29 02:21:26,723 - root - INFO - Epoch42: time_cost:1577.510154724121 train_loss:0.6264156738296037
2024-04-29 02:21:26,723 - root - INFO - train: loss:1.1952	msle:1.0237	male:0.6495	mape:0.1193	pcc:0.9664
2024-04-29 02:21:26,723 - root - INFO - val: loss:5.7220	msle:5.3443	male:1.5553	mape:0.3332	pcc:0.7990
2024-04-29 02:21:26,723 - root - INFO - test: loss:5.0897	msle:4.8310	male:1.4920	mape:0.3226	pcc:0.8192
2024-04-29 02:21:27,954 - root - INFO - Epoch 43:
2024-04-29 03:09:13,034 - root - INFO - Epoch43: time_cost:1529.3396916389465 train_loss:0.6065093818788251
2024-04-29 03:09:13,034 - root - INFO - train: loss:1.1402	msle:0.9472	male:0.6155	mape:0.1133	pcc:0.9687
2024-04-29 03:09:13,034 - root - INFO - val: loss:5.5403	msle:5.1474	male:1.5124	mape:0.3267	pcc:0.8054
2024-04-29 03:09:13,034 - root - INFO - test: loss:4.8619	msle:4.6090	male:1.4455	mape:0.3138	pcc:0.8266
2024-04-29 03:09:14,924 - root - INFO - Epoch 44:
2024-04-29 03:57:52,075 - root - INFO - Epoch44: time_cost:1593.1500566005707 train_loss:0.596086151030413
2024-04-29 03:57:52,075 - root - INFO - train: loss:1.2706	msle:1.1374	male:0.7139	mape:0.1303	pcc:0.9637
2024-04-29 03:57:52,075 - root - INFO - val: loss:5.6759	msle:5.3383	male:1.5774	mape:0.3364	pcc:0.8006
2024-04-29 03:57:52,075 - root - INFO - test: loss:5.1110	msle:4.9031	male:1.5351	mape:0.3305	pcc:0.8175
2024-04-29 03:57:53,282 - root - INFO - Epoch 45:
2024-04-29 04:45:53,455 - root - INFO - Epoch45: time_cost:1559.5137124061584 train_loss:0.585638233200081
2024-04-29 04:45:53,455 - root - INFO - train: loss:1.3900	msle:1.2155	male:0.7189	mape:0.1309	pcc:0.9613
2024-04-29 04:45:53,455 - root - INFO - val: loss:6.0162	msle:5.6315	male:1.5997	mape:0.3342	pcc:0.7940
2024-04-29 04:45:53,455 - root - INFO - test: loss:5.3089	msle:5.0844	male:1.5326	mape:0.3243	pcc:0.8143
2024-04-29 04:45:54,672 - root - INFO - Epoch 46:
2024-04-29 05:34:37,157 - root - INFO - Epoch46: time_cost:1597.6266026496887 train_loss:0.5345661247975841
2024-04-29 05:34:37,158 - root - INFO - train: loss:1.2932	msle:1.1529	male:0.7087	mape:0.1304	pcc:0.9612
2024-04-29 05:34:37,158 - root - INFO - val: loss:5.8711	msle:5.5266	male:1.6323	mape:0.3663	pcc:0.7868
2024-04-29 05:34:37,158 - root - INFO - test: loss:5.2225	msle:4.9971	male:1.5636	mape:0.3505	pcc:0.8082
2024-04-29 05:34:38,372 - root - INFO - Epoch 47:
2024-04-29 06:23:09,527 - root - INFO - Epoch47: time_cost:1574.008685350418 train_loss:0.5601993429747194
2024-04-29 06:23:09,528 - root - INFO - train: loss:1.1335	msle:1.0208	male:0.6740	mape:0.1223	pcc:0.9652
2024-04-29 06:23:09,528 - root - INFO - val: loss:5.6281	msle:5.2982	male:1.6038	mape:0.3595	pcc:0.7935
2024-04-29 06:23:09,528 - root - INFO - test: loss:5.1250	msle:4.8945	male:1.5610	mape:0.3541	pcc:0.8101
2024-04-29 06:23:10,736 - root - INFO - Epoch 48:
2024-04-29 07:11:51,038 - root - INFO - Epoch48: time_cost:1588.829785823822 train_loss:0.524713568639252
2024-04-29 07:11:51,038 - root - INFO - train: loss:1.1132	msle:1.0039	male:0.6552	mape:0.1195	pcc:0.9671
2024-04-29 07:11:51,038 - root - INFO - val: loss:5.6237	msle:5.2944	male:1.5725	mape:0.3417	pcc:0.7995
2024-04-29 07:11:51,039 - root - INFO - test: loss:5.1124	msle:4.8789	male:1.5291	mape:0.3355	pcc:0.8155
2024-04-29 07:11:52,256 - root - INFO - Epoch 49:
2024-04-29 08:00:24,517 - root - INFO - Epoch49: time_cost:1579.7705936431885 train_loss:0.49826083928700704
2024-04-29 08:00:24,517 - root - INFO - train: loss:1.0302	msle:0.9534	male:0.6701	mape:0.1213	pcc:0.9696
2024-04-29 08:00:24,517 - root - INFO - val: loss:5.5523	msle:5.2409	male:1.6072	mape:0.3538	pcc:0.7975
2024-04-29 08:00:24,517 - root - INFO - test: loss:5.0268	msle:4.8133	male:1.5544	mape:0.3442	pcc:0.8153
2024-04-29 08:00:25,782 - root - INFO - Epoch 50:
2024-04-29 08:49:06,652 - root - INFO - Epoch50: time_cost:1584.768828868866 train_loss:0.5093581068691058
2024-04-29 08:49:06,652 - root - INFO - train: loss:1.0801	msle:0.9236	male:0.6237	mape:0.1149	pcc:0.9691
2024-04-29 08:49:06,653 - root - INFO - val: loss:5.5375	msle:5.1768	male:1.5570	mape:0.3480	pcc:0.7996
2024-04-29 08:49:06,653 - root - INFO - test: loss:5.0181	msle:4.7643	male:1.4997	mape:0.3386	pcc:0.8167
2024-04-29 08:49:07,868 - root - INFO - Epoch 51:
2024-04-29 09:37:33,472 - root - INFO - Epoch51: time_cost:1563.933589220047 train_loss:0.4882654191437343
2024-04-29 09:37:33,472 - root - INFO - train: loss:1.0269	msle:0.9905	male:0.6684	mape:0.1182	pcc:0.9682
2024-04-29 09:37:33,473 - root - INFO - val: loss:5.4258	msle:5.1401	male:1.6067	mape:0.3538	pcc:0.8007
2024-04-29 09:37:33,473 - root - INFO - test: loss:4.9535	msle:4.7576	male:1.5640	mape:0.3485	pcc:0.8165
2024-04-29 09:37:35,744 - root - INFO - Epoch 52:
2024-04-29 10:25:08,229 - root - INFO - Epoch52: time_cost:1528.7883608341217 train_loss:0.49007316840305754
2024-04-29 10:25:08,230 - root - INFO - train: loss:0.9829	msle:0.8604	male:0.6150	mape:0.1121	pcc:0.9724
2024-04-29 10:25:08,230 - root - INFO - val: loss:5.5213	msle:5.1660	male:1.5631	mape:0.3424	pcc:0.8018
2024-04-29 10:25:08,230 - root - INFO - test: loss:4.8503	msle:4.6379	male:1.4951	mape:0.3316	pcc:0.8233
2024-04-29 10:25:09,432 - root - INFO - Epoch 53:
2024-04-29 11:13:45,179 - root - INFO - Epoch53: time_cost:1572.890023946762 train_loss:0.49041832531309343
2024-04-29 11:13:45,179 - root - INFO - train: loss:1.0181	msle:0.8877	male:0.6192	mape:0.1129	pcc:0.9707
2024-04-29 11:13:45,179 - root - INFO - val: loss:5.5552	msle:5.2034	male:1.5638	mape:0.3444	pcc:0.8006
2024-04-29 11:13:45,179 - root - INFO - test: loss:4.9369	msle:4.7039	male:1.5012	mape:0.3339	pcc:0.8207
2024-04-29 11:13:46,388 - root - INFO - Epoch 54:
2024-04-29 12:02:29,812 - root - INFO - Epoch54: time_cost:1582.5850632190704 train_loss:0.47032563590505133
2024-04-29 12:02:29,812 - root - INFO - train: loss:0.9741	msle:0.8926	male:0.6363	mape:0.1132	pcc:0.9723
2024-04-29 12:02:29,812 - root - INFO - val: loss:5.4547	msle:5.1266	male:1.5619	mape:0.3379	pcc:0.8046
2024-04-29 12:02:29,812 - root - INFO - test: loss:4.8529	msle:4.6527	male:1.5118	mape:0.3293	pcc:0.8242
2024-04-29 12:02:31,818 - root - INFO - Epoch 55:
2024-04-29 12:50:31,261 - root - INFO - Epoch55: time_cost:1556.1149520874023 train_loss:0.45425836787602025
2024-04-29 12:50:31,261 - root - INFO - train: loss:1.0326	msle:0.9421	male:0.6476	mape:0.1190	pcc:0.9687
2024-04-29 12:50:31,261 - root - INFO - val: loss:5.5678	msle:5.2401	male:1.5815	mape:0.3564	pcc:0.7985
2024-04-29 12:50:31,262 - root - INFO - test: loss:4.9657	msle:4.7573	male:1.5243	mape:0.3465	pcc:0.8177
2024-04-29 12:50:32,475 - root - INFO - Epoch 56:
2024-04-29 13:39:10,219 - root - INFO - Epoch56: time_cost:1592.129147052765 train_loss:0.4313528904926225
2024-04-29 13:39:10,219 - root - INFO - train: loss:1.0017	msle:0.8648	male:0.5817	mape:0.1083	pcc:0.9720
2024-04-29 13:39:10,219 - root - INFO - val: loss:5.3756	msle:5.0425	male:1.5136	mape:0.3421	pcc:0.8079
2024-04-29 13:39:10,219 - root - INFO - test: loss:4.8107	msle:4.5935	male:1.4640	mape:0.3339	pcc:0.8255
2024-04-29 13:39:12,676 - root - INFO - Epoch 57:
2024-04-29 14:27:26,954 - root - INFO - Epoch57: time_cost:1566.096961259842 train_loss:0.42562352033389295
2024-04-29 14:27:26,955 - root - INFO - train: loss:0.9634	msle:0.8563	male:0.6162	mape:0.1145	pcc:0.9721
2024-04-29 14:27:26,955 - root - INFO - val: loss:5.3096	msle:4.9988	male:1.5375	mape:0.3408	pcc:0.8086
2024-04-29 14:27:26,955 - root - INFO - test: loss:4.8317	msle:4.6062	male:1.4921	mape:0.3335	pcc:0.8246
2024-04-29 14:27:29,193 - root - INFO - Epoch 58:
2024-04-29 15:15:27,311 - root - INFO - Epoch58: time_cost:1554.6977994441986 train_loss:0.4201922024150612
2024-04-29 15:15:27,311 - root - INFO - train: loss:1.0141	msle:0.8982	male:0.6096	mape:0.1099	pcc:0.9706
2024-04-29 15:15:27,312 - root - INFO - val: loss:5.4299	msle:5.0980	male:1.5175	mape:0.3281	pcc:0.8081
2024-04-29 15:15:27,312 - root - INFO - test: loss:4.8376	msle:4.6260	male:1.4631	mape:0.3201	pcc:0.8261
2024-04-29 15:15:28,532 - root - INFO - Epoch 59:
2024-04-29 16:03:20,645 - root - INFO - Epoch59: time_cost:1540.383667230606 train_loss:0.4013422112473882
2024-04-29 16:03:20,645 - root - INFO - train: loss:0.7382	msle:0.6594	male:0.5206	mape:0.0958	pcc:0.9779
2024-04-29 16:03:20,645 - root - INFO - val: loss:5.0635	msle:4.7605	male:1.5048	mape:0.3493	pcc:0.8124
2024-04-29 16:03:20,646 - root - INFO - test: loss:4.5611	msle:4.3511	male:1.4587	mape:0.3404	pcc:0.8295
2024-04-29 16:03:23,185 - root - INFO - Epoch 60:
2024-04-29 16:51:32,718 - root - INFO - Epoch60: time_cost:1562.801768064499 train_loss:0.40625686060107125
2024-04-29 16:51:32,718 - root - INFO - train: loss:0.9121	msle:0.8248	male:0.5956	mape:0.1059	pcc:0.9732
2024-04-29 16:51:32,718 - root - INFO - val: loss:5.2952	msle:4.9897	male:1.5359	mape:0.3378	pcc:0.8081
2024-04-29 16:51:32,718 - root - INFO - test: loss:4.7432	msle:4.5429	male:1.4846	mape:0.3301	pcc:0.8262
2024-04-29 16:51:33,927 - root - INFO - Epoch 61:
2024-04-29 17:39:45,073 - root - INFO - Epoch61: time_cost:1565.7681648731232 train_loss:0.3987845357515205
2024-04-29 17:39:45,073 - root - INFO - train: loss:0.8862	msle:0.8288	male:0.6230	mape:0.1102	pcc:0.9762
2024-04-29 17:39:45,073 - root - INFO - val: loss:5.1764	msle:4.8854	male:1.5428	mape:0.3363	pcc:0.8127
2024-04-29 17:39:45,073 - root - INFO - test: loss:4.7023	msle:4.5201	male:1.5055	mape:0.3333	pcc:0.8279
2024-04-29 17:39:46,291 - root - INFO - Epoch 62:
2024-04-29 18:27:39,643 - root - INFO - Epoch62: time_cost:1547.7191665172577 train_loss:0.3836810308380902
2024-04-29 18:27:39,643 - root - INFO - train: loss:0.8752	msle:0.7390	male:0.5317	mape:0.1013	pcc:0.9765
2024-04-29 18:27:39,643 - root - INFO - val: loss:5.2168	msle:4.8809	male:1.4817	mape:0.3391	pcc:0.8149
2024-04-29 18:27:39,643 - root - INFO - test: loss:4.6707	msle:4.4235	male:1.4237	mape:0.3306	pcc:0.8325
2024-04-29 18:27:40,858 - root - INFO - Epoch 63:
2024-04-29 19:15:50,873 - root - INFO - Epoch63: time_cost:1562.269897222519 train_loss:0.3897885932840147
2024-04-29 19:15:50,873 - root - INFO - train: loss:0.9526	msle:0.8509	male:0.5883	mape:0.1056	pcc:0.9724
2024-04-29 19:15:50,873 - root - INFO - val: loss:5.2896	msle:4.9654	male:1.5160	mape:0.3278	pcc:0.8108
2024-04-29 19:15:50,873 - root - INFO - test: loss:4.7417	msle:4.5388	male:1.4623	mape:0.3205	pcc:0.8279
2024-04-29 19:15:52,083 - root - INFO - Epoch 64:
2024-04-29 20:04:26,185 - root - INFO - Epoch64: time_cost:1581.5987753868103 train_loss:0.36935055035150977
2024-04-29 20:04:26,185 - root - INFO - train: loss:0.9751	msle:0.8851	male:0.6153	mape:0.1097	pcc:0.9726
2024-04-29 20:04:26,186 - root - INFO - val: loss:5.2972	msle:4.9870	male:1.5249	mape:0.3240	pcc:0.8124
2024-04-29 20:04:26,186 - root - INFO - test: loss:4.7442	msle:4.5570	male:1.4780	mape:0.3180	pcc:0.8295
2024-04-29 20:04:27,400 - root - INFO - Epoch 65:
2024-04-29 20:52:52,733 - root - INFO - Epoch65: time_cost:1576.802674293518 train_loss:0.37082059975832393
2024-04-29 20:52:52,733 - root - INFO - train: loss:0.8302	msle:0.7542	male:0.5703	mape:0.1046	pcc:0.9752
2024-04-29 20:52:52,733 - root - INFO - val: loss:5.1755	msle:4.8753	male:1.5208	mape:0.3400	pcc:0.8122
2024-04-29 20:52:52,733 - root - INFO - test: loss:4.6221	msle:4.4351	male:1.4547	mape:0.3289	pcc:0.8301
2024-04-29 20:52:53,980 - root - INFO - Epoch 66:
2024-04-29 21:41:36,829 - root - INFO - Epoch66: time_cost:1573.7217721939087 train_loss:0.3885677016117285
2024-04-29 21:41:36,829 - root - INFO - train: loss:0.8115	msle:0.7457	male:0.5839	mape:0.1050	pcc:0.9764
2024-04-29 21:41:36,830 - root - INFO - val: loss:5.1135	msle:4.8236	male:1.5241	mape:0.3361	pcc:0.8145
2024-04-29 21:41:36,830 - root - INFO - test: loss:4.5872	msle:4.4136	male:1.4722	mape:0.3291	pcc:0.8314
2024-04-29 21:41:38,081 - root - INFO - Epoch 67:
2024-04-29 22:30:27,544 - root - INFO - Epoch67: time_cost:1570.4966795444489 train_loss:0.36938512821432906
2024-04-29 22:30:27,544 - root - INFO - train: loss:0.9212	msle:0.8231	male:0.5962	mape:0.1079	pcc:0.9734
2024-04-29 22:30:27,544 - root - INFO - val: loss:5.2548	msle:4.9357	male:1.5192	mape:0.3335	pcc:0.8114
2024-04-29 22:30:27,544 - root - INFO - test: loss:4.7172	msle:4.5098	male:1.4720	mape:0.3267	pcc:0.8281
2024-04-29 22:30:28,783 - root - INFO - Epoch 68:
2024-04-29 23:18:43,282 - root - INFO - Epoch68: time_cost:1559.9922313690186 train_loss:0.35125002656616355
2024-04-29 23:18:43,282 - root - INFO - train: loss:0.8512	msle:0.7876	male:0.5966	mape:0.1072	pcc:0.9744
2024-04-29 23:18:43,282 - root - INFO - val: loss:5.1874	msle:4.8806	male:1.5181	mape:0.3375	pcc:0.8120
2024-04-29 23:18:43,282 - root - INFO - test: loss:4.6717	msle:4.4820	male:1.4692	mape:0.3311	pcc:0.8283
2024-04-29 23:18:44,493 - root - INFO - Epoch 69:
2024-04-30 00:07:26,470 - root - INFO - Epoch69: time_cost:1574.4996197223663 train_loss:0.34210405337980737
2024-04-30 00:07:26,471 - root - INFO - train: loss:0.7462	msle:0.6895	male:0.5465	mape:0.0963	pcc:0.9777
2024-04-30 00:07:26,471 - root - INFO - val: loss:5.0779	msle:4.7844	male:1.5448	mape:0.3485	pcc:0.8123
2024-04-30 00:07:26,471 - root - INFO - test: loss:4.5306	msle:4.3483	male:1.4808	mape:0.3386	pcc:0.8307
2024-04-30 00:07:27,679 - root - INFO - Epoch 70:
2024-04-30 00:55:31,281 - root - INFO - Epoch70: time_cost:1534.900356054306 train_loss:0.35134972872351394
2024-04-30 00:55:31,281 - root - INFO - train: loss:1.0164	msle:0.9454	male:0.6463	mape:0.1124	pcc:0.9717
2024-04-30 00:55:31,281 - root - INFO - val: loss:5.3610	msle:5.0671	male:1.5630	mape:0.3342	pcc:0.8081
2024-04-30 00:55:31,281 - root - INFO - test: loss:4.8033	msle:4.6235	male:1.5165	mape:0.3276	pcc:0.8262
2024-04-30 00:55:32,498 - root - INFO - Epoch 71:
2024-04-30 01:43:51,162 - root - INFO - Epoch71: time_cost:1572.698350906372 train_loss:0.3506400412061704
2024-04-30 01:43:51,162 - root - INFO - train: loss:0.7371	msle:0.6470	male:0.5162	mape:0.0931	pcc:0.9777
2024-04-30 01:43:51,162 - root - INFO - val: loss:5.0061	msle:4.7152	male:1.5188	mape:0.3565	pcc:0.8128
2024-04-30 01:43:51,162 - root - INFO - test: loss:4.4977	msle:4.2932	male:1.4603	mape:0.3479	pcc:0.8305
2024-04-30 01:43:53,044 - root - INFO - Epoch 72:
2024-04-30 02:32:17,842 - root - INFO - Epoch72: time_cost:1573.1514456272125 train_loss:0.3345875302900795
2024-04-30 02:32:17,843 - root - INFO - train: loss:0.8094	msle:0.7372	male:0.5653	mape:0.0992	pcc:0.9753
2024-04-30 02:32:17,843 - root - INFO - val: loss:5.1585	msle:4.8680	male:1.5519	mape:0.3497	pcc:0.8093
2024-04-30 02:32:17,843 - root - INFO - test: loss:4.6146	msle:4.4166	male:1.4923	mape:0.3401	pcc:0.8281
2024-04-30 02:32:19,060 - root - INFO - Epoch 73:
2024-04-30 03:20:41,777 - root - INFO - Epoch73: time_cost:1573.699774980545 train_loss:0.34176650149103505
2024-04-30 03:20:41,777 - root - INFO - train: loss:0.7960	msle:0.7882	male:0.6066	mape:0.1024	pcc:0.9788
2024-04-30 03:20:41,777 - root - INFO - val: loss:5.1038	msle:4.8298	male:1.5657	mape:0.3418	pcc:0.8149
2024-04-30 03:20:41,777 - root - INFO - test: loss:4.5600	msle:4.4126	male:1.5133	mape:0.3340	pcc:0.8327
2024-04-30 03:20:43,003 - root - INFO - Epoch 74:
2024-04-30 04:09:07,237 - root - INFO - Epoch74: time_cost:1573.7780957221985 train_loss:0.3210849508892737
2024-04-30 04:09:07,237 - root - INFO - train: loss:0.8530	msle:0.7950	male:0.5968	mape:0.1061	pcc:0.9742
2024-04-30 04:09:07,237 - root - INFO - val: loss:5.1308	msle:4.8541	male:1.5337	mape:0.3377	pcc:0.8133
2024-04-30 04:09:07,237 - root - INFO - test: loss:4.6157	msle:4.4309	male:1.4769	mape:0.3298	pcc:0.8305
2024-04-30 04:09:08,465 - root - INFO - Epoch 75:
2024-04-30 04:57:40,741 - root - INFO - Epoch75: time_cost:1582.373465538025 train_loss:0.31602838289416313
2024-04-30 04:57:40,741 - root - INFO - train: loss:0.8118	msle:0.7179	male:0.5614	mape:0.1013	pcc:0.9767
2024-04-30 04:57:40,741 - root - INFO - val: loss:5.1156	msle:4.8180	male:1.5193	mape:0.3402	pcc:0.8136
2024-04-30 04:57:40,741 - root - INFO - test: loss:4.5868	msle:4.3862	male:1.4626	mape:0.3317	pcc:0.8312
2024-04-30 04:57:42,004 - root - INFO - Epoch 76:
2024-04-30 05:45:48,312 - root - INFO - Epoch76: time_cost:1560.224642753601 train_loss:0.3152640464976168
2024-04-30 05:45:48,312 - root - INFO - train: loss:0.8502	msle:0.7560	male:0.5708	mape:0.1036	pcc:0.9765
2024-04-30 05:45:48,312 - root - INFO - val: loss:5.1812	msle:4.8791	male:1.5202	mape:0.3333	pcc:0.8134
2024-04-30 05:45:48,313 - root - INFO - test: loss:4.5991	msle:4.4111	male:1.4632	mape:0.3254	pcc:0.8326
2024-04-30 05:45:49,533 - root - INFO - Epoch 77:
2024-04-30 06:34:17,954 - root - INFO - Epoch77: time_cost:1579.3062226772308 train_loss:0.2965657064796459
2024-04-30 06:34:17,954 - root - INFO - train: loss:0.7677	msle:0.7014	male:0.5666	mape:0.1014	pcc:0.9782
2024-04-30 06:34:17,955 - root - INFO - val: loss:5.0064	msle:4.7324	male:1.5192	mape:0.3391	pcc:0.8168
2024-04-30 06:34:17,955 - root - INFO - test: loss:4.4857	msle:4.2997	male:1.4694	mape:0.3310	pcc:0.8346
2024-04-30 06:34:19,190 - root - INFO - Epoch 78:
2024-04-30 07:22:25,762 - root - INFO - Epoch78: time_cost:1557.6583755016327 train_loss:0.2934706333744782
2024-04-30 07:22:25,762 - root - INFO - train: loss:0.6364	msle:0.5966	male:0.5227	mape:0.0915	pcc:0.9801
2024-04-30 07:22:25,762 - root - INFO - val: loss:4.8683	msle:4.6167	male:1.5288	mape:0.3555	pcc:0.8164
2024-04-30 07:22:25,762 - root - INFO - test: loss:4.3632	msle:4.1891	male:1.4741	mape:0.3477	pcc:0.8345
2024-04-30 07:22:27,736 - root - INFO - Epoch 79:
2024-04-30 08:10:49,857 - root - INFO - Epoch79: time_cost:1567.6661908626556 train_loss:0.28754158527805596
2024-04-30 08:10:49,857 - root - INFO - train: loss:0.7939	msle:0.7254	male:0.5656	mape:0.0990	pcc:0.9763
2024-04-30 08:10:49,857 - root - INFO - val: loss:5.0779	msle:4.8001	male:1.5401	mape:0.3474	pcc:0.8119
2024-04-30 08:10:49,857 - root - INFO - test: loss:4.5557	msle:4.3555	male:1.4891	mape:0.3384	pcc:0.8306
2024-04-30 08:10:51,070 - root - INFO - Epoch 80:
2024-04-30 08:59:09,015 - root - INFO - Epoch80: time_cost:1568.8714923858643 train_loss:0.3046238983578982
2024-04-30 08:59:09,015 - root - INFO - train: loss:0.7904	msle:0.7179	male:0.5597	mape:0.0982	pcc:0.9774
2024-04-30 08:59:09,015 - root - INFO - val: loss:5.1037	msle:4.7983	male:1.5029	mape:0.3309	pcc:0.8160
2024-04-30 08:59:09,016 - root - INFO - test: loss:4.5181	msle:4.3436	male:1.4514	mape:0.3226	pcc:0.8347
2024-04-30 08:59:10,228 - root - INFO - Epoch 81:
2024-04-30 09:47:44,045 - root - INFO - Epoch81: time_cost:1572.455617427826 train_loss:0.2922458783319057
2024-04-30 09:47:44,045 - root - INFO - train: loss:0.7121	msle:0.6366	male:0.5179	mape:0.0921	pcc:0.9790
2024-04-30 09:47:44,045 - root - INFO - val: loss:4.9600	msle:4.6635	male:1.4868	mape:0.3374	pcc:0.8185
2024-04-30 09:47:44,046 - root - INFO - test: loss:4.4635	msle:4.2782	male:1.4435	mape:0.3329	pcc:0.8342
2024-04-30 09:47:45,260 - root - INFO - Epoch 82:
2024-04-30 10:35:56,970 - root - INFO - Epoch82: time_cost:1564.4563102722168 train_loss:0.27208032439789137
2024-04-30 10:35:56,970 - root - INFO - train: loss:0.7375	msle:0.6960	male:0.5518	mape:0.0968	pcc:0.9769
2024-04-30 10:35:56,970 - root - INFO - val: loss:4.9862	msle:4.7097	male:1.5254	mape:0.3495	pcc:0.8150
2024-04-30 10:35:56,971 - root - INFO - test: loss:4.5321	msle:4.3610	male:1.4799	mape:0.3426	pcc:0.8299
2024-04-30 10:35:58,191 - root - INFO - Epoch 83:
2024-04-30 11:24:31,313 - root - INFO - Epoch83: time_cost:1583.7797026634216 train_loss:0.2877702827487292
2024-04-30 11:24:31,313 - root - INFO - train: loss:0.8016	msle:0.7550	male:0.5923	mape:0.1024	pcc:0.9786
2024-04-30 11:24:31,313 - root - INFO - val: loss:5.0768	msle:4.7813	male:1.5343	mape:0.3341	pcc:0.8167
2024-04-30 11:24:31,313 - root - INFO - test: loss:4.5358	msle:4.3746	male:1.4887	mape:0.3280	pcc:0.8338
2024-04-30 11:24:32,521 - root - INFO - Epoch 84:
2024-04-30 12:13:20,549 - root - INFO - Epoch84: time_cost:1576.1763424873352 train_loss:0.2931318862524935
2024-04-30 12:13:20,549 - root - INFO - train: loss:0.6905	msle:0.6481	male:0.5428	mape:0.0939	pcc:0.9791
2024-04-30 12:13:20,549 - root - INFO - val: loss:4.9816	msle:4.6987	male:1.5451	mape:0.3550	pcc:0.8140
2024-04-30 12:13:20,550 - root - INFO - test: loss:4.4735	msle:4.3145	male:1.4974	mape:0.3473	pcc:0.8306
2024-04-30 12:13:21,801 - root - INFO - Epoch 85:
2024-04-30 13:02:01,898 - root - INFO - Epoch85: time_cost:1560.0140933990479 train_loss:0.27117852609266774
2024-04-30 13:02:01,898 - root - INFO - train: loss:0.6592	msle:0.6056	male:0.5261	mape:0.0952	pcc:0.9817
2024-04-30 13:02:01,898 - root - INFO - val: loss:4.9786	msle:4.6776	male:1.4985	mape:0.3339	pcc:0.8198
2024-04-30 13:02:01,898 - root - INFO - test: loss:4.4325	msle:4.2549	male:1.4450	mape:0.3249	pcc:0.8374
2024-04-30 13:02:03,171 - root - INFO - Epoch 86:
2024-04-30 13:49:55,081 - root - INFO - Epoch86: time_cost:1544.5372829437256 train_loss:0.26979062126068726
2024-04-30 13:49:55,081 - root - INFO - train: loss:0.7280	msle:0.6612	male:0.5405	mape:0.0962	pcc:0.9796
2024-04-30 13:49:55,081 - root - INFO - val: loss:4.9596	msle:4.6704	male:1.5073	mape:0.3362	pcc:0.8192
2024-04-30 13:49:55,081 - root - INFO - test: loss:4.4231	msle:4.2478	male:1.4496	mape:0.3272	pcc:0.8367
2024-04-30 13:49:56,300 - root - INFO - Epoch 87:
2024-04-30 14:38:30,755 - root - INFO - Epoch87: time_cost:1583.7385621070862 train_loss:0.26892733090151827
2024-04-30 14:38:30,755 - root - INFO - train: loss:0.6824	msle:0.6023	male:0.5115	mape:0.0910	pcc:0.9805
2024-04-30 14:38:30,755 - root - INFO - val: loss:4.8659	msle:4.5894	male:1.4961	mape:0.3462	pcc:0.8210
2024-04-30 14:38:30,755 - root - INFO - test: loss:4.3826	msle:4.1984	male:1.4415	mape:0.3367	pcc:0.8371
2024-04-30 14:38:32,711 - root - INFO - Epoch 88:
2024-04-30 15:26:18,851 - root - INFO - Epoch88: time_cost:1543.1566925048828 train_loss:0.27686314184156563
2024-04-30 15:26:18,852 - root - INFO - train: loss:0.6695	msle:0.6401	male:0.5341	mape:0.0920	pcc:0.9810
2024-04-30 15:26:18,852 - root - INFO - val: loss:4.9347	msle:4.6592	male:1.5211	mape:0.3401	pcc:0.8190
2024-04-30 15:26:18,852 - root - INFO - test: loss:4.4169	msle:4.2493	male:1.4712	mape:0.3311	pcc:0.8364
2024-04-30 15:26:20,069 - root - INFO - Epoch 89:
2024-04-30 16:14:37,006 - root - INFO - Epoch89: time_cost:1562.2779014110565 train_loss:0.25558412069540676
2024-04-30 16:14:37,006 - root - INFO - train: loss:0.6951	msle:0.6011	male:0.4875	mape:0.0886	pcc:0.9806
2024-04-30 16:14:37,006 - root - INFO - val: loss:5.0457	msle:4.7281	male:1.4832	mape:0.3393	pcc:0.8169
2024-04-30 16:14:37,006 - root - INFO - test: loss:4.4498	msle:4.2468	male:1.4213	mape:0.3280	pcc:0.8364
2024-04-30 16:14:38,228 - root - INFO - Epoch 90:
2024-04-30 17:03:00,566 - root - INFO - Epoch90: time_cost:1576.5409541130066 train_loss:0.2494795676487291
2024-04-30 17:03:00,566 - root - INFO - train: loss:0.5429	msle:0.4866	male:0.4431	mape:0.0783	pcc:0.9830
2024-04-30 17:03:00,566 - root - INFO - val: loss:4.7401	msle:4.4717	male:1.4755	mape:0.3553	pcc:0.8216
2024-04-30 17:03:00,566 - root - INFO - test: loss:4.2824	msle:4.0933	male:1.4290	mape:0.3475	pcc:0.8376
2024-04-30 17:03:02,426 - root - INFO - Epoch 91:
2024-04-30 17:51:50,976 - root - INFO - Epoch91: time_cost:1587.0722978115082 train_loss:0.2729297821883955
2024-04-30 17:51:50,976 - root - INFO - train: loss:0.7794	msle:0.7669	male:0.6047	mape:0.1050	pcc:0.9785
2024-04-30 17:51:50,976 - root - INFO - val: loss:5.0069	msle:4.7502	male:1.5235	mape:0.3296	pcc:0.8194
2024-04-30 17:51:50,976 - root - INFO - test: loss:4.4004	msle:4.2651	male:1.4693	mape:0.3205	pcc:0.8396
2024-04-30 17:51:52,192 - root - INFO - Epoch 92:
2024-04-30 18:40:17,891 - root - INFO - Epoch92: time_cost:1581.153740644455 train_loss:0.2516218947980748
2024-04-30 18:40:17,891 - root - INFO - train: loss:0.5988	msle:0.5144	male:0.4582	mape:0.0851	pcc:0.9834
2024-04-30 18:40:17,891 - root - INFO - val: loss:4.8627	msle:4.5803	male:1.4735	mape:0.3472	pcc:0.8210
2024-04-30 18:40:17,891 - root - INFO - test: loss:4.3498	msle:4.1465	male:1.4206	mape:0.3372	pcc:0.8386
2024-04-30 18:40:19,142 - root - INFO - Epoch 93:
2024-04-30 19:28:44,359 - root - INFO - Epoch93: time_cost:1572.7128276824951 train_loss:0.25920135131074445
2024-04-30 19:28:44,359 - root - INFO - train: loss:0.6444	msle:0.5607	male:0.4758	mape:0.0836	pcc:0.9814
2024-04-30 19:28:44,360 - root - INFO - val: loss:4.8908	msle:4.5991	male:1.4855	mape:0.3419	pcc:0.8193
2024-04-30 19:28:44,360 - root - INFO - test: loss:4.3532	msle:4.1639	male:1.4317	mape:0.3326	pcc:0.8375
2024-04-30 19:28:45,575 - root - INFO - Epoch 94:
2024-04-30 20:16:45,336 - root - INFO - Epoch94: time_cost:1555.6985721588135 train_loss:0.2558515823814938
2024-04-30 20:16:45,337 - root - INFO - train: loss:0.6056	msle:0.5802	male:0.5083	mape:0.0862	pcc:0.9806
2024-04-30 20:16:45,337 - root - INFO - val: loss:4.8575	msle:4.6091	male:1.5250	mape:0.3563	pcc:0.8167
2024-04-30 20:16:45,337 - root - INFO - test: loss:4.3064	msle:4.1518	male:1.4690	mape:0.3457	pcc:0.8364
2024-04-30 20:16:46,548 - root - INFO - Epoch 95:
2024-04-30 21:04:42,790 - root - INFO - Epoch95: time_cost:1547.6565294265747 train_loss:0.24913683701550263
2024-04-30 21:04:42,791 - root - INFO - train: loss:0.6083	msle:0.5838	male:0.5091	mape:0.0877	pcc:0.9817
2024-04-30 21:04:42,791 - root - INFO - val: loss:4.8544	msle:4.5952	male:1.5195	mape:0.3492	pcc:0.8190
2024-04-30 21:04:42,791 - root - INFO - test: loss:4.3985	msle:4.2278	male:1.4748	mape:0.3407	pcc:0.8350
2024-04-30 21:04:43,999 - root - INFO - Epoch 96:
2024-04-30 21:53:05,911 - root - INFO - Epoch96: time_cost:1569.246494293213 train_loss:0.23777575223524847
2024-04-30 21:53:05,911 - root - INFO - train: loss:0.5638	msle:0.5212	male:0.4769	mape:0.0817	pcc:0.9839
2024-04-30 21:53:05,911 - root - INFO - val: loss:4.7334	msle:4.4737	male:1.4943	mape:0.3455	pcc:0.8234
2024-04-30 21:53:05,911 - root - INFO - test: loss:4.2359	msle:4.0689	male:1.4403	mape:0.3360	pcc:0.8407
2024-04-30 21:53:07,113 - root - INFO - Epoch 97:
2024-04-30 22:41:35,670 - root - INFO - Epoch97: time_cost:1578.2312588691711 train_loss:0.23163668713025792
2024-04-30 22:41:35,670 - root - INFO - train: loss:0.6116	msle:0.5756	male:0.5122	mape:0.0880	pcc:0.9834
2024-04-30 22:41:35,670 - root - INFO - val: loss:4.8141	msle:4.5606	male:1.5130	mape:0.3409	pcc:0.8221
2024-04-30 22:41:35,670 - root - INFO - test: loss:4.3158	msle:4.1544	male:1.4647	mape:0.3334	pcc:0.8397
2024-04-30 22:41:36,883 - root - INFO - Epoch 98:
2024-04-30 23:28:22,981 - root - INFO - Epoch98: time_cost:1485.4565329551697 train_loss:0.23637220165046377
2024-04-30 23:28:22,981 - root - INFO - train: loss:0.5035	msle:0.4610	male:0.4430	mape:0.0760	pcc:0.9854
2024-04-30 23:28:22,981 - root - INFO - val: loss:4.6792	msle:4.4166	male:1.4807	mape:0.3482	pcc:0.8244
2024-04-30 23:28:22,981 - root - INFO - test: loss:4.1862	msle:4.0082	male:1.4272	mape:0.3408	pcc:0.8417
2024-04-30 23:28:24,880 - root - INFO - Epoch 99:
2024-05-01 00:16:31,861 - root - INFO - Epoch99: time_cost:1561.4149293899536 train_loss:0.23025169932085957
2024-05-01 00:16:31,861 - root - INFO - train: loss:0.6050	msle:0.5758	male:0.5121	mape:0.0873	pcc:0.9824
2024-05-01 00:16:31,861 - root - INFO - val: loss:4.7513	msle:4.5057	male:1.4884	mape:0.3368	pcc:0.8248
2024-05-01 00:16:31,862 - root - INFO - test: loss:4.2718	msle:4.1044	male:1.4413	mape:0.3303	pcc:0.8415
2024-05-01 00:16:33,077 - root - INFO - Epoch 100:
2024-05-01 01:03:55,099 - root - INFO - Epoch100: time_cost:1514.1149237155914 train_loss:0.2449395334819019
2024-05-01 01:03:55,099 - root - INFO - train: loss:0.5919	msle:0.6055	male:0.5356	mape:0.0905	pcc:0.9836
2024-05-01 01:03:55,099 - root - INFO - val: loss:4.7557	msle:4.5203	male:1.5147	mape:0.3425	pcc:0.8240
2024-05-01 01:03:55,099 - root - INFO - test: loss:4.2732	msle:4.1283	male:1.4645	mape:0.3357	pcc:0.8406
2024-05-01 01:03:56,313 - root - INFO - Epoch 101:
2024-05-01 01:52:15,521 - root - INFO - Epoch101: time_cost:1559.1745057106018 train_loss:0.245788025645615
2024-05-01 01:52:15,522 - root - INFO - train: loss:0.5797	msle:0.5314	male:0.4756	mape:0.0823	pcc:0.9831
2024-05-01 01:52:15,522 - root - INFO - val: loss:4.7622	msle:4.4876	male:1.4949	mape:0.3447	pcc:0.8227
2024-05-01 01:52:15,522 - root - INFO - test: loss:4.2293	msle:4.0544	male:1.4347	mape:0.3353	pcc:0.8410
2024-05-01 01:52:16,734 - root - INFO - Epoch 102:
2024-05-01 02:40:36,023 - root - INFO - Epoch102: time_cost:1575.0710697174072 train_loss:0.22470769287811795
2024-05-01 02:40:36,023 - root - INFO - train: loss:0.6054	msle:0.5389	male:0.4701	mape:0.0824	pcc:0.9831
2024-05-01 02:40:36,023 - root - INFO - val: loss:4.7172	msle:4.4459	male:1.4579	mape:0.3308	pcc:0.8269
2024-05-01 02:40:36,023 - root - INFO - test: loss:4.2588	msle:4.0700	male:1.4071	mape:0.3233	pcc:0.8425
2024-05-01 02:40:37,240 - root - INFO - Epoch 103:
2024-05-01 03:29:00,293 - root - INFO - Epoch103: time_cost:1574.4597492218018 train_loss:0.22750703307912495
2024-05-01 03:29:00,293 - root - INFO - train: loss:0.5213	msle:0.4521	male:0.4199	mape:0.0735	pcc:0.9846
2024-05-01 03:29:00,293 - root - INFO - val: loss:4.6904	msle:4.4042	male:1.4570	mape:0.3434	pcc:0.8260
2024-05-01 03:29:00,293 - root - INFO - test: loss:4.2120	msle:4.0260	male:1.4013	mape:0.3348	pcc:0.8419
2024-05-01 03:29:02,506 - root - INFO - Epoch 104:
2024-05-01 04:17:19,959 - root - INFO - Epoch104: time_cost:1566.3278608322144 train_loss:0.2148485747383138
2024-05-01 04:17:19,959 - root - INFO - train: loss:0.5881	msle:0.5739	male:0.5173	mape:0.0876	pcc:0.9844
2024-05-01 04:17:19,959 - root - INFO - val: loss:4.7369	msle:4.4841	male:1.4941	mape:0.3310	pcc:0.8274
2024-05-01 04:17:19,960 - root - INFO - test: loss:4.2492	msle:4.0960	male:1.4439	mape:0.3248	pcc:0.8436
2024-05-01 04:17:21,167 - root - INFO - Epoch 105:
2024-05-01 05:05:28,739 - root - INFO - Epoch105: time_cost:1555.6275503635406 train_loss:0.2171667272357524
2024-05-01 05:05:28,739 - root - INFO - train: loss:0.4911	msle:0.4303	male:0.4069	mape:0.0740	pcc:0.9858
2024-05-01 05:05:28,740 - root - INFO - val: loss:4.7108	msle:4.4274	male:1.4534	mape:0.3445	pcc:0.8247
2024-05-01 05:05:28,740 - root - INFO - test: loss:4.1847	msle:3.9973	male:1.3917	mape:0.3350	pcc:0.8424
2024-05-01 05:05:29,962 - root - INFO - Epoch 106:
2024-05-01 05:53:49,630 - root - INFO - Epoch106: time_cost:1574.5214273929596 train_loss:0.21861001480662606
2024-05-01 05:53:49,630 - root - INFO - train: loss:0.5037	msle:0.4656	male:0.4501	mape:0.0773	pcc:0.9853
2024-05-01 05:53:49,630 - root - INFO - val: loss:4.6271	msle:4.3688	male:1.4637	mape:0.3422	pcc:0.8273
2024-05-01 05:53:49,630 - root - INFO - test: loss:4.1445	msle:3.9817	male:1.4111	mape:0.3347	pcc:0.8437
2024-05-01 05:53:51,780 - root - INFO - Epoch 107:
2024-05-01 06:42:10,537 - root - INFO - Epoch107: time_cost:1575.6468558311462 train_loss:0.2107296733834538
2024-05-01 06:42:10,537 - root - INFO - train: loss:0.7040	msle:0.7076	male:0.5788	mape:0.0960	pcc:0.9817
2024-05-01 06:42:10,537 - root - INFO - val: loss:4.8363	msle:4.6008	male:1.5220	mape:0.3320	pcc:0.8251
2024-05-01 06:42:10,538 - root - INFO - test: loss:4.3652	msle:4.2357	male:1.4800	mape:0.3266	pcc:0.8408
2024-05-01 06:42:11,759 - root - INFO - Epoch 108:
2024-05-01 07:30:28,002 - root - INFO - Epoch108: time_cost:1571.5300934314728 train_loss:0.21308587235910367
2024-05-01 07:30:28,002 - root - INFO - train: loss:0.5756	msle:0.5076	male:0.4684	mape:0.0821	pcc:0.9841
2024-05-01 07:30:28,003 - root - INFO - val: loss:4.6911	msle:4.4269	male:1.4626	mape:0.3381	pcc:0.8265
2024-05-01 07:30:28,003 - root - INFO - test: loss:4.1447	msle:3.9795	male:1.4016	mape:0.3277	pcc:0.8451
2024-05-01 07:30:29,218 - root - INFO - Epoch 109:
2024-05-01 08:18:31,516 - root - INFO - Epoch109: time_cost:1560.904851436615 train_loss:0.2165406106065524
2024-05-01 08:18:31,516 - root - INFO - train: loss:0.5664	msle:0.5305	male:0.4827	mape:0.0834	pcc:0.9839
2024-05-01 08:18:31,516 - root - INFO - val: loss:4.7345	msle:4.4820	male:1.4872	mape:0.3406	pcc:0.8244
2024-05-01 08:18:31,516 - root - INFO - test: loss:4.2409	msle:4.0893	male:1.4396	mape:0.3333	pcc:0.8412
2024-05-01 08:18:32,743 - root - INFO - Epoch 110:
2024-05-01 09:06:09,719 - root - INFO - Epoch110: time_cost:1536.5018980503082 train_loss:0.20133072149755216
2024-05-01 09:06:09,719 - root - INFO - train: loss:0.5893	msle:0.5250	male:0.4732	mape:0.0827	pcc:0.9844
2024-05-01 09:06:09,720 - root - INFO - val: loss:4.6696	msle:4.4069	male:1.4530	mape:0.3279	pcc:0.8289
2024-05-01 09:06:09,720 - root - INFO - test: loss:4.1593	msle:4.0146	male:1.4012	mape:0.3209	pcc:0.8454
2024-05-01 09:06:10,937 - root - INFO - Epoch 111:
2024-05-01 09:54:16,070 - root - INFO - Epoch111: time_cost:1563.6123423576355 train_loss:0.1990233628031934
2024-05-01 09:54:16,071 - root - INFO - train: loss:0.5139	msle:0.4377	male:0.4148	mape:0.0736	pcc:0.9856
2024-05-01 09:54:16,071 - root - INFO - val: loss:4.6995	msle:4.4186	male:1.4521	mape:0.3445	pcc:0.8254
2024-05-01 09:54:16,071 - root - INFO - test: loss:4.1652	msle:3.9863	male:1.3921	mape:0.3353	pcc:0.8433
2024-05-01 09:54:17,288 - root - INFO - Epoch 112:
2024-05-01 10:42:30,880 - root - INFO - Epoch112: time_cost:1569.6782450675964 train_loss:0.20052808718283843
2024-05-01 10:42:30,880 - root - INFO - train: loss:0.5891	msle:0.5324	male:0.4787	mape:0.0803	pcc:0.9833
2024-05-01 10:42:30,880 - root - INFO - val: loss:4.6910	msle:4.4421	male:1.4918	mape:0.3466	pcc:0.8247
2024-05-01 10:42:30,880 - root - INFO - test: loss:4.2198	msle:4.0515	male:1.4411	mape:0.3393	pcc:0.8411
2024-05-01 10:42:32,097 - root - INFO - Epoch 113:
2024-05-01 11:31:02,321 - root - INFO - Epoch113: time_cost:1579.049420595169 train_loss:0.2058333235482193
2024-05-01 11:31:02,321 - root - INFO - train: loss:0.6725	msle:0.6293	male:0.5312	mape:0.0920	pcc:0.9820
2024-05-01 11:31:02,321 - root - INFO - val: loss:4.7987	msle:4.5416	male:1.4785	mape:0.3264	pcc:0.8264
2024-05-01 11:31:02,322 - root - INFO - test: loss:4.2552	msle:4.1192	male:1.4236	mape:0.3186	pcc:0.8436
2024-05-01 11:31:03,537 - root - INFO - Epoch 114:
2024-05-01 12:19:35,319 - root - INFO - Epoch114: time_cost:1582.0364079475403 train_loss:0.1943761772337345
2024-05-01 12:19:35,319 - root - INFO - train: loss:0.5692	msle:0.5363	male:0.4869	mape:0.0845	pcc:0.9848
2024-05-01 12:19:35,319 - root - INFO - val: loss:4.7339	msle:4.4748	male:1.4642	mape:0.3298	pcc:0.8269
2024-05-01 12:19:35,319 - root - INFO - test: loss:4.2053	msle:4.0516	male:1.4097	mape:0.3228	pcc:0.8442
2024-05-01 12:19:36,540 - root - INFO - Epoch 115:
2024-05-01 13:08:03,772 - root - INFO - Epoch115: time_cost:1580.7352299690247 train_loss:0.19273253356909223
2024-05-01 13:08:03,773 - root - INFO - train: loss:0.5774	msle:0.5640	male:0.5117	mape:0.0854	pcc:0.9842
2024-05-01 13:08:03,773 - root - INFO - val: loss:4.7058	msle:4.4709	male:1.5147	mape:0.3484	pcc:0.8241
2024-05-01 13:08:03,773 - root - INFO - test: loss:4.2510	msle:4.1096	male:1.4750	mape:0.3440	pcc:0.8397
2024-05-01 13:08:05,502 - root - INFO - Epoch 116:
2024-05-01 13:56:34,068 - root - INFO - Epoch116: time_cost:1575.0305902957916 train_loss:0.19916748892656622
2024-05-01 13:56:34,068 - root - INFO - train: loss:0.5808	msle:0.5497	male:0.5073	mape:0.0879	pcc:0.9848
2024-05-01 13:56:34,068 - root - INFO - val: loss:4.7275	msle:4.4783	male:1.4881	mape:0.3378	pcc:0.8258
2024-05-01 13:56:34,068 - root - INFO - test: loss:4.2378	msle:4.0848	male:1.4409	mape:0.3323	pcc:0.8423
2024-05-01 13:56:35,323 - root - INFO - Epoch 117:
2024-05-01 14:44:07,707 - root - INFO - Epoch117: time_cost:1524.7633593082428 train_loss:0.18672346337391824
2024-05-01 14:44:07,707 - root - INFO - train: loss:0.5675	msle:0.5689	male:0.5168	mape:0.0885	pcc:0.9848
2024-05-01 14:44:07,707 - root - INFO - val: loss:4.7542	msle:4.5067	male:1.5086	mape:0.3409	pcc:0.8247
2024-05-01 14:44:07,707 - root - INFO - test: loss:4.2340	msle:4.0979	male:1.4568	mape:0.3328	pcc:0.8423
2024-05-01 14:44:08,920 - root - INFO - Epoch 118:
2024-05-01 15:32:37,248 - root - INFO - Epoch118: time_cost:1582.5113656520844 train_loss:0.19443608600615087
2024-05-01 15:32:37,248 - root - INFO - train: loss:0.5390	msle:0.5278	male:0.4968	mape:0.0839	pcc:0.9848
2024-05-01 15:32:37,248 - root - INFO - val: loss:4.6996	msle:4.4627	male:1.5134	mape:0.3501	pcc:0.8240
2024-05-01 15:32:37,249 - root - INFO - test: loss:4.2256	msle:4.0897	male:1.4625	mape:0.3430	pcc:0.8401
2024-05-01 15:32:38,464 - root - INFO - Epoch 119:
2024-05-01 16:21:00,544 - root - INFO - Epoch119: time_cost:1568.636140346527 train_loss:0.1890226209608133
2024-05-01 16:21:00,544 - root - INFO - train: loss:0.6283	msle:0.5844	male:0.5144	mape:0.0880	pcc:0.9835
2024-05-01 16:21:00,544 - root - INFO - val: loss:4.7170	msle:4.4773	male:1.4872	mape:0.3338	pcc:0.8267
2024-05-01 16:21:00,544 - root - INFO - test: loss:4.1783	msle:4.0493	male:1.4345	mape:0.3260	pcc:0.8446
2024-05-01 16:21:01,784 - root - INFO - Epoch 120:
2024-05-01 17:09:33,831 - root - INFO - Epoch120: time_cost:1577.5996360778809 train_loss:0.2004737910404209
2024-05-01 17:09:33,831 - root - INFO - train: loss:0.5853	msle:0.5249	male:0.4795	mape:0.0839	pcc:0.9839
2024-05-01 17:09:33,831 - root - INFO - val: loss:4.7647	msle:4.5002	male:1.4766	mape:0.3372	pcc:0.8249
2024-05-01 17:09:33,831 - root - INFO - test: loss:4.1722	msle:4.0295	male:1.4095	mape:0.3256	pcc:0.8443
2024-05-01 17:09:35,057 - root - INFO - Epoch 121:
2024-05-01 17:57:41,847 - root - INFO - Epoch121: time_cost:1554.6228196620941 train_loss:0.18422746182062597
2024-05-01 17:57:41,847 - root - INFO - train: loss:0.5549	msle:0.5132	male:0.4767	mape:0.0807	pcc:0.9842
2024-05-01 17:57:41,847 - root - INFO - val: loss:4.7186	msle:4.4606	male:1.5055	mape:0.3513	pcc:0.8233
2024-05-01 17:57:41,847 - root - INFO - test: loss:4.1744	msle:4.0268	male:1.4434	mape:0.3422	pcc:0.8416
2024-05-01 17:57:43,095 - root - INFO - Epoch 122:
2024-05-01 18:45:58,767 - root - INFO - Epoch122: time_cost:1562.053303718567 train_loss:0.17472459745612579
2024-05-01 18:45:58,767 - root - INFO - train: loss:0.5511	msle:0.5033	male:0.4715	mape:0.0819	pcc:0.9845
2024-05-01 18:45:58,767 - root - INFO - val: loss:4.6945	msle:4.4395	male:1.4843	mape:0.3419	pcc:0.8258
2024-05-01 18:45:58,767 - root - INFO - test: loss:4.1346	msle:3.9844	male:1.4247	mape:0.3325	pcc:0.8447
2024-05-01 18:45:58,767 - root - INFO - No improvement over 15 epochs, stop training
2024-05-01 18:45:58,767 - root - INFO - Loading the best model at epoch 106
2024-05-01 18:45:58,902 - root - INFO - Loaded the best model at epoch 106 for inference
2024-05-01 19:08:11,558 - root - INFO - Runs:0
 {'train': {'msle': [8.1905, 7.8454, 6.747, 6.0704, 5.4064, 4.9795, 4.9462, 4.7283, 4.7488, 4.4423, 4.257, 4.1289, 3.7755, 3.4322, 3.4009, 3.0665, 3.0656, 2.6926, 2.5645, 2.5408, 2.2923, 1.9781, 1.9871, 1.6956, 1.9449, 1.793, 2.1873, 1.5151, 1.4338, 1.5114, 1.6324, 1.726, 1.3982, 1.452, 1.2045, 1.107, 1.2218, 1.0091, 1.0806, 1.0829, 1.1982, 1.0527, 1.0237, 0.9472, 1.1374, 1.2155, 1.1529, 1.0208, 1.0039, 0.9534, 0.9236, 0.9905, 0.8604, 0.8877, 0.8926, 0.9421, 0.8648, 0.8563, 0.8982, 0.6594, 0.8248, 0.8288, 0.739, 0.8509, 0.8851, 0.7542, 0.7457, 0.8231, 0.7876, 0.6895, 0.9454, 0.647, 0.7372, 0.7882, 0.795, 0.7179, 0.756, 0.7014, 0.5966, 0.7254, 0.7179, 0.6366, 0.696, 0.755, 0.6481, 0.6056, 0.6612, 0.6023, 0.6401, 0.6011, 0.4866, 0.7669, 0.5144, 0.5607, 0.5802, 0.5838, 0.5212, 0.5756, 0.461, 0.5758, 0.6055, 0.5314, 0.5389, 0.4521, 0.5739, 0.4303, 0.4656, 0.7076, 0.5076, 0.5305, 0.525, 0.4377, 0.5324, 0.6293, 0.5363, 0.564, 0.5497, 0.5689, 0.5278, 0.5844, 0.5249, 0.5132, 0.5033, 0.4656], 'male': [2.2296, 2.1526, 1.9605, 1.8351, 1.6965, 1.5529, 1.5475, 1.4933, 1.4499, 1.4019, 1.3661, 1.3427, 1.2549, 1.2102, 1.2085, 1.1377, 1.1337, 1.0498, 1.0663, 1.0403, 0.9552, 0.8965, 0.9162, 0.8497, 0.9069, 0.864, 0.9546, 0.8139, 0.7855, 0.8159, 0.8392, 0.8671, 0.7594, 0.8054, 0.7094, 0.6855, 0.7181, 0.6374, 0.6871, 0.6937, 0.7083, 0.6575, 0.6495, 0.6155, 0.7139, 0.7189, 0.7087, 0.674, 0.6552, 0.6701, 0.6237, 0.6684, 0.615, 0.6192, 0.6363, 0.6476, 0.5817, 0.6162, 0.6096, 0.5206, 0.5956, 0.623, 0.5317, 0.5883, 0.6153, 0.5703, 0.5839, 0.5962, 0.5966, 0.5465, 0.6463, 0.5162, 0.5653, 0.6066, 0.5968, 0.5614, 0.5708, 0.5666, 0.5227, 0.5656, 0.5597, 0.5179, 0.5518, 0.5923, 0.5428, 0.5261, 0.5405, 0.5115, 0.5341, 0.4875, 0.4431, 0.6047, 0.4582, 0.4758, 0.5083, 0.5091, 0.4769, 0.5122, 0.443, 0.5121, 0.5356, 0.4756, 0.4701, 0.4199, 0.5173, 0.4069, 0.4501, 0.5788, 0.4684, 0.4827, 0.4732, 0.4148, 0.4787, 0.5312, 0.4869, 0.5117, 0.5073, 0.5168, 0.4968, 0.5144, 0.4795, 0.4767, 0.4715, 0.4501], 'mape': [0.4091, 0.3854, 0.3568, 0.3457, 0.3325, 0.3027, 0.2933, 0.2814, 0.262, 0.2578, 0.2505, 0.2436, 0.2271, 0.2229, 0.22, 0.2089, 0.205, 0.1903, 0.1986, 0.1856, 0.1726, 0.1654, 0.1712, 0.1588, 0.1645, 0.1579, 0.1678, 0.1535, 0.1437, 0.1541, 0.1566, 0.155, 0.1398, 0.1459, 0.1319, 0.1293, 0.1307, 0.1201, 0.1275, 0.1284, 0.1289, 0.1209, 0.1193, 0.1133, 0.1303, 0.1309, 0.1304, 0.1223, 0.1195, 0.1213, 0.1149, 0.1182, 0.1121, 0.1129, 0.1132, 0.119, 0.1083, 0.1145, 0.1099, 0.0958, 0.1059, 0.1102, 0.1013, 0.1056, 0.1097, 0.1046, 0.105, 0.1079, 0.1072, 0.0963, 0.1124, 0.0931, 0.0992, 0.1024, 0.1061, 0.1013, 0.1036, 0.1014, 0.0915, 0.099, 0.0982, 0.0921, 0.0968, 0.1024, 0.0939, 0.0952, 0.0962, 0.091, 0.092, 0.0886, 0.0783, 0.105, 0.0851, 0.0836, 0.0862, 0.0877, 0.0817, 0.088, 0.076, 0.0873, 0.0905, 0.0823, 0.0824, 0.0735, 0.0876, 0.074, 0.0773, 0.096, 0.0821, 0.0834, 0.0827, 0.0736, 0.0803, 0.092, 0.0845, 0.0854, 0.0879, 0.0885, 0.0839, 0.088, 0.0839, 0.0807, 0.0819, 0.0773], 'pcc': [0.7693, 0.7823, 0.8036, 0.8094, 0.8177, 0.8269, 0.833, 0.8392, 0.8411, 0.8478, 0.857, 0.8609, 0.8741, 0.8845, 0.8873, 0.9003, 0.8997, 0.9096, 0.9174, 0.9169, 0.9232, 0.9324, 0.9326, 0.9407, 0.936, 0.9412, 0.9313, 0.9508, 0.9526, 0.9483, 0.9505, 0.9471, 0.9586, 0.9539, 0.9594, 0.9629, 0.9605, 0.9652, 0.9634, 0.963, 0.9612, 0.9653, 0.9664, 0.9687, 0.9637, 0.9613, 0.9612, 0.9652, 0.9671, 0.9696, 0.9691, 0.9682, 0.9724, 0.9707, 0.9723, 0.9687, 0.972, 0.9721, 0.9706, 0.9779, 0.9732, 0.9762, 0.9765, 0.9724, 0.9726, 0.9752, 0.9764, 0.9734, 0.9744, 0.9777, 0.9717, 0.9777, 0.9753, 0.9788, 0.9742, 0.9767, 0.9765, 0.9782, 0.9801, 0.9763, 0.9774, 0.979, 0.9769, 0.9786, 0.9791, 0.9817, 0.9796, 0.9805, 0.981, 0.9806, 0.983, 0.9785, 0.9834, 0.9814, 0.9806, 0.9817, 0.9839, 0.9834, 0.9854, 0.9824, 0.9836, 0.9831, 0.9831, 0.9846, 0.9844, 0.9858, 0.9853, 0.9817, 0.9841, 0.9839, 0.9844, 0.9856, 0.9833, 0.982, 0.9848, 0.9842, 0.9848, 0.9848, 0.9848, 0.9835, 0.9839, 0.9842, 0.9845, 0.9853], 'loss': [8.690022583315038, 8.251416967130922, 7.24930859057794, 6.481308868924666, 5.958537244496706, 5.722709507679496, 5.632296437351975, 5.492930267388769, 5.536793951515444, 5.148232731119897, 4.90539565574012, 4.7117840456640545, 4.379907018512427, 3.885399553174149, 3.8413048606751663, 3.3826801784406637, 3.435484911563398, 3.1020346503570706, 2.713680840746718, 2.8661499934262826, 2.6716044315247256, 2.30797479559345, 2.160982575529064, 1.9302287122475714, 2.1992731138902597, 2.0483398407482976, 2.5673865897226444, 1.6816402696554642, 1.616257868814938, 1.6644388783596047, 1.7372893044981965, 1.9086399320887932, 1.5121763015861864, 1.6421072206560476, 1.3688158703502586, 1.2447402877780798, 1.389112114840943, 1.179295154917117, 1.2147089913912807, 1.1707607144233592, 1.4102690045507627, 1.16501996893953, 1.1951940322157528, 1.1401636624469393, 1.270592789232825, 1.3899848357461069, 1.2931698750457665, 1.1335339619198639, 1.1131930942624404, 1.030247789894831, 1.0801281121040742, 1.0269450766424033, 0.9829202410895844, 1.0181031271810164, 0.9740521473717928, 1.0325552056397518, 1.0016784379129962, 0.9634038499635236, 1.0141234248861324, 0.7381885252899709, 0.9120871908639795, 0.8861548910235253, 0.8752014115094575, 0.9525943117600839, 0.9751337442166463, 0.8301806045577826, 0.8115312774949246, 0.9212330325812378, 0.851223295726245, 0.746171023787882, 1.0163749151395154, 0.7371229619263778, 0.8094381272054946, 0.7959592360946338, 0.8529965408557451, 0.8117606484410909, 0.850240646133034, 0.7676517122414572, 0.6364431107594026, 0.7938806188949831, 0.7903905146197381, 0.7120686853496142, 0.7374623834099248, 0.8016434247266842, 0.6905329239258273, 0.6592372583830456, 0.7279602296798099, 0.6824476438622836, 0.6694585836711596, 0.6950731111750704, 0.5429265250426512, 0.7794025280576684, 0.5988181028782705, 0.6443796437656657, 0.6056230375553006, 0.6083107389100341, 0.5638132115181369, 0.611591919492904, 0.5035300528101223, 0.6050129459306764, 0.5919237894537901, 0.5797079682161673, 0.6054247148282225, 0.5213055369280083, 0.5881404577263938, 0.4911275873625351, 0.5037358185395165, 0.7040189366900713, 0.5755535166709667, 0.566449356094016, 0.5893257097419534, 0.5139482528393241, 0.5891396360854322, 0.6724827440832829, 0.569208181381707, 0.5774302764677917, 0.5807562790621409, 0.5675405085535545, 0.538992908386859, 0.6282892938953984, 0.585338321390167, 0.5549149322520185, 0.5511428784444331, 0.5037358185395165]}, 'val': {'msle': [8.7403, 8.4582, 7.4717, 6.924, 6.4259, 6.194, 6.3711, 6.3976, 6.8191, 6.8027, 6.7666, 6.7924, 6.6998, 6.4796, 6.5683, 6.4689, 6.5751, 6.2743, 6.287, 6.2298, 6.1829, 5.9033, 5.9039, 5.6363, 6.1329, 6.0512, 6.3067, 5.6247, 5.5855, 5.6151, 5.8874, 6.1327, 5.5267, 5.7148, 5.5143, 5.3885, 5.597, 5.3391, 5.4372, 5.3228, 5.6036, 5.3088, 5.3443, 5.1474, 5.3383, 5.6315, 5.5266, 5.2982, 5.2944, 5.2409, 5.1768, 5.1401, 5.166, 5.2034, 5.1266, 5.2401, 5.0425, 4.9988, 5.098, 4.7605, 4.9897, 4.8854, 4.8809, 4.9654, 4.987, 4.8753, 4.8236, 4.9357, 4.8806, 4.7844, 5.0671, 4.7152, 4.868, 4.8298, 4.8541, 4.818, 4.8791, 4.7324, 4.6167, 4.8001, 4.7983, 4.6635, 4.7097, 4.7813, 4.6987, 4.6776, 4.6704, 4.5894, 4.6592, 4.7281, 4.4717, 4.7502, 4.5803, 4.5991, 4.6091, 4.5952, 4.4737, 4.5606, 4.4166, 4.5057, 4.5203, 4.4876, 4.4459, 4.4042, 4.4841, 4.4274, 4.3688, 4.6008, 4.4269, 4.482, 4.4069, 4.4186, 4.4421, 4.5416, 4.4748, 4.4709, 4.4783, 4.5067, 4.4627, 4.4773, 4.5002, 4.4606, 4.4395, 4.3688], 'male': [2.2979, 2.2331, 2.0583, 1.956, 1.8495, 1.7399, 1.7627, 1.747, 1.7555, 1.7599, 1.7511, 1.7649, 1.7256, 1.7086, 1.7329, 1.7026, 1.7255, 1.6775, 1.7269, 1.6809, 1.6516, 1.6281, 1.6529, 1.6183, 1.6645, 1.6386, 1.6778, 1.6154, 1.5957, 1.6214, 1.6664, 1.6781, 1.5821, 1.621, 1.59, 1.5718, 1.5885, 1.5642, 1.6116, 1.5904, 1.5822, 1.5599, 1.5553, 1.5124, 1.5774, 1.5997, 1.6323, 1.6038, 1.5725, 1.6072, 1.557, 1.6067, 1.5631, 1.5638, 1.5619, 1.5815, 1.5136, 1.5375, 1.5175, 1.5048, 1.5359, 1.5428, 1.4817, 1.516, 1.5249, 1.5208, 1.5241, 1.5192, 1.5181, 1.5448, 1.563, 1.5188, 1.5519, 1.5657, 1.5337, 1.5193, 1.5202, 1.5192, 1.5288, 1.5401, 1.5029, 1.4868, 1.5254, 1.5343, 1.5451, 1.4985, 1.5073, 1.4961, 1.5211, 1.4832, 1.4755, 1.5235, 1.4735, 1.4855, 1.525, 1.5195, 1.4943, 1.513, 1.4807, 1.4884, 1.5147, 1.4949, 1.4579, 1.457, 1.4941, 1.4534, 1.4637, 1.522, 1.4626, 1.4872, 1.453, 1.4521, 1.4918, 1.4785, 1.4642, 1.5147, 1.4881, 1.5086, 1.5134, 1.4872, 1.4766, 1.5055, 1.4843, 1.4637], 'mape': [0.4176, 0.3982, 0.3736, 0.3674, 0.3622, 0.3402, 0.3382, 0.3368, 0.3291, 0.3404, 0.3404, 0.3437, 0.3366, 0.3438, 0.3492, 0.3478, 0.3522, 0.343, 0.3805, 0.3428, 0.3343, 0.3425, 0.3656, 0.3581, 0.3567, 0.3446, 0.3316, 0.3636, 0.3391, 0.363, 0.3842, 0.3577, 0.3587, 0.3364, 0.3517, 0.3591, 0.3373, 0.3524, 0.3659, 0.3618, 0.3352, 0.3496, 0.3332, 0.3267, 0.3364, 0.3342, 0.3663, 0.3595, 0.3417, 0.3538, 0.348, 0.3538, 0.3424, 0.3444, 0.3379, 0.3564, 0.3421, 0.3408, 0.3281, 0.3493, 0.3378, 0.3363, 0.3391, 0.3278, 0.324, 0.34, 0.3361, 0.3335, 0.3375, 0.3485, 0.3342, 0.3565, 0.3497, 0.3418, 0.3377, 0.3402, 0.3333, 0.3391, 0.3555, 0.3474, 0.3309, 0.3374, 0.3495, 0.3341, 0.355, 0.3339, 0.3362, 0.3462, 0.3401, 0.3393, 0.3553, 0.3296, 0.3472, 0.3419, 0.3563, 0.3492, 0.3455, 0.3409, 0.3482, 0.3368, 0.3425, 0.3447, 0.3308, 0.3434, 0.331, 0.3445, 0.3422, 0.332, 0.3381, 0.3406, 0.3279, 0.3445, 0.3466, 0.3264, 0.3298, 0.3484, 0.3378, 0.3409, 0.3501, 0.3338, 0.3372, 0.3513, 0.3419, 0.3422], 'pcc': [0.7351, 0.7485, 0.7671, 0.7696, 0.7715, 0.7751, 0.7738, 0.7693, 0.7612, 0.7562, 0.7623, 0.7594, 0.7631, 0.7688, 0.7683, 0.7747, 0.7705, 0.7757, 0.7765, 0.7788, 0.7765, 0.7822, 0.7821, 0.786, 0.7772, 0.7815, 0.7773, 0.7932, 0.7931, 0.7872, 0.7862, 0.7805, 0.7998, 0.7909, 0.7913, 0.7957, 0.7939, 0.7951, 0.7904, 0.7948, 0.7938, 0.7993, 0.799, 0.8054, 0.8006, 0.794, 0.7868, 0.7935, 0.7995, 0.7975, 0.7996, 0.8007, 0.8018, 0.8006, 0.8046, 0.7985, 0.8079, 0.8086, 0.8081, 0.8124, 0.8081, 0.8127, 0.8149, 0.8108, 0.8124, 0.8122, 0.8145, 0.8114, 0.812, 0.8123, 0.8081, 0.8128, 0.8093, 0.8149, 0.8133, 0.8136, 0.8134, 0.8168, 0.8164, 0.8119, 0.816, 0.8185, 0.815, 0.8167, 0.814, 0.8198, 0.8192, 0.821, 0.819, 0.8169, 0.8216, 0.8194, 0.821, 0.8193, 0.8167, 0.819, 0.8234, 0.8221, 0.8244, 0.8248, 0.824, 0.8227, 0.8269, 0.826, 0.8274, 0.8247, 0.8273, 0.8251, 0.8265, 0.8244, 0.8289, 0.8254, 0.8247, 0.8264, 0.8269, 0.8241, 0.8258, 0.8247, 0.824, 0.8267, 0.8249, 0.8233, 0.8258, 0.8273], 'loss': [8.857464355652613, 8.594608044710514, 7.705614247615594, 7.180465940278609, 6.768090778180552, 6.641588382009441, 6.819904675845625, 6.8993008057281555, 7.378702801353102, 7.3633068502436885, 7.296385970204728, 7.274346218294406, 7.268809313338365, 6.961961341029717, 7.032833692393383, 6.920497894572241, 7.021757145500861, 6.747514266148228, 6.63857051260196, 6.682556968004117, 6.679931403285573, 6.348708593755195, 6.27897113525975, 6.025235695601867, 6.549647382416101, 6.505742335108447, 6.77725905002891, 5.969941409102965, 5.968449147537332, 5.962184525209464, 6.212278314438278, 6.522589132240839, 5.86355792022065, 6.08475319219805, 5.9008081018389715, 5.749922990557386, 5.992529989263686, 5.7050044883201245, 5.791167771321745, 5.6564747265129, 5.995926684240127, 5.633364364972819, 5.721988446185757, 5.5402678868237505, 5.6758727526738095, 6.0162135201145555, 5.871050130949683, 5.628060038001506, 5.623668086212868, 5.5522936883222345, 5.537467747999073, 5.425791800137965, 5.521308816593211, 5.555206140388533, 5.454740887011067, 5.567842292806032, 5.3755679257886655, 5.3096021720474065, 5.429883347292171, 5.063492721096641, 5.295176107656831, 5.176430044126371, 5.216753461852603, 5.2895800032998865, 5.297177997965912, 5.175507100512108, 5.113537611648975, 5.254832791212595, 5.187394378850904, 5.077882501219322, 5.36098609307982, 5.006125367272525, 5.1585399234277975, 5.103791561459948, 5.130805236418439, 5.115638233480273, 5.181204184193296, 5.006422339606686, 4.868315406408611, 5.077868703697897, 5.103657588107028, 4.959954175950292, 4.98616193157838, 5.076773622462631, 4.981605671134633, 4.978622829024698, 4.959619274386155, 4.865880471345793, 4.934734935997108, 5.045740419911568, 4.740089802340118, 5.006875220403535, 4.862743958860176, 4.890799855915966, 4.857499912536163, 4.854371900642393, 4.733356623246815, 4.814133201063554, 4.67921965735222, 4.751287091261103, 4.755732998363944, 4.7622136780349065, 4.71720291270462, 4.690370287221494, 4.736930078813024, 4.710833915001502, 4.627093634502883, 4.836298905778656, 4.69112734434876, 4.734491513847316, 4.669610124366953, 4.6994998210057854, 4.690972389829534, 4.798651362036071, 4.733881607050069, 4.705844634300196, 4.727493847027679, 4.75422694425161, 4.699610107588354, 4.716993409629467, 4.764690844095893, 4.718612192627138, 4.694519824680725, 4.627093634502883]}, 'test': {'msle': [8.5025, 8.1589, 7.1242, 6.4364, 5.9052, 5.6267, 5.7852, 5.785, 6.0506, 5.9848, 5.917, 5.9947, 5.9485, 5.7549, 5.8028, 5.7449, 5.7402, 5.5421, 5.6429, 5.6077, 5.434, 5.256, 5.3202, 5.0961, 5.5489, 5.3651, 5.7943, 5.0885, 5.0779, 5.2104, 5.463, 5.6253, 5.0467, 5.2752, 5.0077, 4.88, 5.0322, 4.7838, 4.8707, 4.867, 5.0707, 4.8677, 4.831, 4.609, 4.9031, 5.0844, 4.9971, 4.8945, 4.8789, 4.8133, 4.7643, 4.7576, 4.6379, 4.7039, 4.6527, 4.7573, 4.5935, 4.6062, 4.626, 4.3511, 4.5429, 4.5201, 4.4235, 4.5388, 4.557, 4.4351, 4.4136, 4.5098, 4.482, 4.3483, 4.6235, 4.2932, 4.4166, 4.4126, 4.4309, 4.3862, 4.4111, 4.2997, 4.1891, 4.3555, 4.3436, 4.2782, 4.361, 4.3746, 4.3145, 4.2549, 4.2478, 4.1984, 4.2493, 4.2468, 4.0933, 4.2651, 4.1465, 4.1639, 4.1518, 4.2278, 4.0689, 4.1544, 4.0082, 4.1044, 4.1283, 4.0544, 4.07, 4.026, 4.096, 3.9973, 3.9817, 4.2357, 3.9795, 4.0893, 4.0146, 3.9863, 4.0515, 4.1192, 4.0516, 4.1096, 4.0848, 4.0979, 4.0897, 4.0493, 4.0295, 4.0268, 3.9844, 3.9817], 'male': [2.2912, 2.2157, 2.0351, 1.9128, 1.7941, 1.666, 1.6893, 1.671, 1.6719, 1.675, 1.6655, 1.6816, 1.6508, 1.6395, 1.6459, 1.6298, 1.6272, 1.5955, 1.6523, 1.614, 1.5625, 1.5462, 1.58, 1.5644, 1.6012, 1.5729, 1.6321, 1.5461, 1.5344, 1.5727, 1.6194, 1.6281, 1.5306, 1.5679, 1.5289, 1.4981, 1.5158, 1.4958, 1.5372, 1.5349, 1.5207, 1.5031, 1.492, 1.4455, 1.5351, 1.5326, 1.5636, 1.561, 1.5291, 1.5544, 1.4997, 1.564, 1.4951, 1.5012, 1.5118, 1.5243, 1.464, 1.4921, 1.4631, 1.4587, 1.4846, 1.5055, 1.4237, 1.4623, 1.478, 1.4547, 1.4722, 1.472, 1.4692, 1.4808, 1.5165, 1.4603, 1.4923, 1.5133, 1.4769, 1.4626, 1.4632, 1.4694, 1.4741, 1.4891, 1.4514, 1.4435, 1.4799, 1.4887, 1.4974, 1.445, 1.4496, 1.4415, 1.4712, 1.4213, 1.429, 1.4693, 1.4206, 1.4317, 1.469, 1.4748, 1.4403, 1.4647, 1.4272, 1.4413, 1.4645, 1.4347, 1.4071, 1.4013, 1.4439, 1.3917, 1.4111, 1.48, 1.4016, 1.4396, 1.4012, 1.3921, 1.4411, 1.4236, 1.4097, 1.475, 1.4409, 1.4568, 1.4625, 1.4345, 1.4095, 1.4434, 1.4247, 1.4111], 'mape': [0.4211, 0.3974, 0.3715, 0.3612, 0.3534, 0.3295, 0.3266, 0.3263, 0.3171, 0.3278, 0.3258, 0.332, 0.3273, 0.3337, 0.332, 0.3344, 0.3354, 0.3291, 0.3658, 0.3297, 0.318, 0.3277, 0.3488, 0.3459, 0.3428, 0.3283, 0.3213, 0.3484, 0.3258, 0.3548, 0.3741, 0.3456, 0.3494, 0.3273, 0.3387, 0.3427, 0.324, 0.3403, 0.3501, 0.3522, 0.3244, 0.3384, 0.3226, 0.3138, 0.3305, 0.3243, 0.3505, 0.3541, 0.3355, 0.3442, 0.3386, 0.3485, 0.3316, 0.3339, 0.3293, 0.3465, 0.3339, 0.3335, 0.3201, 0.3404, 0.3301, 0.3333, 0.3306, 0.3205, 0.318, 0.3289, 0.3291, 0.3267, 0.3311, 0.3386, 0.3276, 0.3479, 0.3401, 0.334, 0.3298, 0.3317, 0.3254, 0.331, 0.3477, 0.3384, 0.3226, 0.3329, 0.3426, 0.328, 0.3473, 0.3249, 0.3272, 0.3367, 0.3311, 0.328, 0.3475, 0.3205, 0.3372, 0.3326, 0.3457, 0.3407, 0.336, 0.3334, 0.3408, 0.3303, 0.3357, 0.3353, 0.3233, 0.3348, 0.3248, 0.335, 0.3347, 0.3266, 0.3277, 0.3333, 0.3209, 0.3353, 0.3393, 0.3186, 0.3228, 0.344, 0.3323, 0.3328, 0.343, 0.326, 0.3256, 0.3422, 0.3325, 0.3347], 'pcc': [0.7527, 0.7654, 0.7849, 0.7916, 0.794, 0.7977, 0.7969, 0.7932, 0.7888, 0.7858, 0.7923, 0.7876, 0.79, 0.7953, 0.7963, 0.8005, 0.7991, 0.8017, 0.7992, 0.8011, 0.8046, 0.8066, 0.8041, 0.8068, 0.7987, 0.8066, 0.7975, 0.8121, 0.8129, 0.8029, 0.8019, 0.7999, 0.8177, 0.8084, 0.8114, 0.8156, 0.8158, 0.8172, 0.8131, 0.8132, 0.8144, 0.8171, 0.8192, 0.8266, 0.8175, 0.8143, 0.8082, 0.8101, 0.8155, 0.8153, 0.8167, 0.8165, 0.8233, 0.8207, 0.8242, 0.8177, 0.8255, 0.8246, 0.8261, 0.8295, 0.8262, 0.8279, 0.8325, 0.8279, 0.8295, 0.8301, 0.8314, 0.8281, 0.8283, 0.8307, 0.8262, 0.8305, 0.8281, 0.8327, 0.8305, 0.8312, 0.8326, 0.8346, 0.8345, 0.8306, 0.8347, 0.8342, 0.8299, 0.8338, 0.8306, 0.8374, 0.8367, 0.8371, 0.8364, 0.8364, 0.8376, 0.8396, 0.8386, 0.8375, 0.8364, 0.835, 0.8407, 0.8397, 0.8417, 0.8415, 0.8406, 0.841, 0.8425, 0.8419, 0.8436, 0.8424, 0.8437, 0.8408, 0.8451, 0.8412, 0.8454, 0.8433, 0.8411, 0.8436, 0.8442, 0.8397, 0.8423, 0.8423, 0.8401, 0.8446, 0.8443, 0.8416, 0.8447, 0.8437], 'loss': [8.447616944239742, 8.147290404103968, 7.211787177683585, 6.539784034602828, 6.102742425587943, 5.925469069540846, 6.081677625960881, 6.119039251317624, 6.410155218983289, 6.320555456574058, 6.230628957045563, 6.293677193396433, 6.2747310011859225, 6.049025595059449, 6.112538309831557, 6.013399701983971, 6.038612185645848, 5.860729081226428, 5.86324461526481, 5.906188287279342, 5.76882381653065, 5.551722262998184, 5.61090845850487, 5.366235305441988, 5.860082409715716, 5.650281217752379, 6.1404174176570505, 5.373117501127872, 5.347132480619394, 5.5139391538275575, 5.753990871590355, 5.864738213572914, 5.282127758608006, 5.5477748399778015, 5.317145678827901, 5.197459512406788, 5.283387070453293, 5.0694252678229255, 5.128313728058616, 5.123980154710622, 5.336734021541607, 5.107824531940538, 5.089718076504799, 4.8618550224853045, 5.111042410670807, 5.308947393083522, 5.2224693420664865, 5.125035403601423, 5.112445005728951, 5.026823243216467, 5.018068099333114, 4.953505188952729, 4.850267850141791, 4.936914517052086, 4.852921668868316, 4.9657233712536, 4.810725278996366, 4.8317492196572, 4.837637256794322, 4.561116683100148, 4.743164985091761, 4.702347822156832, 4.670734776252901, 4.741719135041655, 4.744192619849491, 4.622116369254201, 4.587231975121032, 4.717221479764864, 4.671666270114495, 4.530585521436186, 4.803305992430302, 4.4977236798301865, 4.614580367917486, 4.559977504271377, 4.615709292453479, 4.5867705204665175, 4.599050196682496, 4.485723226778154, 4.363241846241431, 4.55565022901744, 4.5181164581302715, 4.463477224596079, 4.532052403069692, 4.5358120854498685, 4.473488061814327, 4.432460716964518, 4.42310225715877, 4.382622798302839, 4.416929533283545, 4.449822379300926, 4.282350288425578, 4.400409360055878, 4.3497574872076195, 4.35321737718957, 4.306447087218154, 4.39852269573421, 4.235898388037506, 4.315780147265508, 4.186197565343107, 4.2717969218286855, 4.273229420380302, 4.229335255343879, 4.258845890380333, 4.211984494749068, 4.249219339031674, 4.184732690429557, 4.144536363981047, 4.365217153941103, 4.144706603996748, 4.240916572742604, 4.159323037195568, 4.165182342368908, 4.219779749114633, 4.255212302515359, 4.205335201538438, 4.251009963680699, 4.2378176190829, 4.233982465858221, 4.225558351757305, 4.1782695050715875, 4.172173103573808, 4.174366705191403, 4.134617865054019, 4.144536363981047]}}
2024-05-01 19:08:12,208 - root - INFO - Final: msle:3.9817 male:1.4111 mape:0.3347 pcc:0.8437
